{"/Users/williamvelichko/Desktop/WorkRepositories/insureprobuildersapp/app/_layout.tsx": {"path":"/Users/williamvelichko/Desktop/WorkRepositories/insureprobuildersapp/app/_layout.tsx","statementMap":{"0":{"start":{"line":15,"column":2},"end":{"line":18,"column":9}},"1":{"start":{"line":16,"column":4},"end":{"line":16,"column":40}},"2":{"start":{"line":17,"column":4},"end":{"line":17,"column":68}},"3":{"start":{"line":20,"column":2},"end":{"line":84,"column":4}}},"fnMap":{"0":{"name":"RootLayout","decl":{"start":{"line":14,"column":24},"end":{"line":14,"column":34}},"loc":{"start":{"line":14,"column":37},"end":{"line":85,"column":1}},"line":14},"1":{"name":"(anonymous_1)","decl":{"start":{"line":15,"column":12},"end":{"line":15,"column":13}},"loc":{"start":{"line":15,"column":18},"end":{"line":18,"column":3}},"line":15}},"branchMap":{},"s":{"0":0,"1":0,"2":0,"3":0},"f":{"0":0,"1":0},"b":{}}
,"/Users/williamvelichko/Desktop/WorkRepositories/insureprobuildersapp/app/index.tsx": {"path":"/Users/williamvelichko/Desktop/WorkRepositories/insureprobuildersapp/app/index.tsx","statementMap":{"0":{"start":{"line":12,"column":21},"end":{"line":16,"column":1}},"1":{"start":{"line":19,"column":45},"end":{"line":19,"column":54}},"2":{"start":{"line":21,"column":2},"end":{"line":25,"column":39}},"3":{"start":{"line":22,"column":4},"end":{"line":24,"column":5}},"4":{"start":{"line":23,"column":6},"end":{"line":23,"column":32}},"5":{"start":{"line":27,"column":2},"end":{"line":33,"column":3}},"6":{"start":{"line":28,"column":4},"end":{"line":32,"column":6}},"7":{"start":{"line":35,"column":2},"end":{"line":80,"column":4}},"8":{"start":{"line":56,"column":14},"end":{"line":59,"column":21}},"9":{"start":{"line":68,"column":26},"end":{"line":68,"column":100}},"10":{"start":{"line":74,"column":27},"end":{"line":74,"column":97}},"11":{"start":{"line":83,"column":15},"end":{"line":189,"column":2}}},"fnMap":{"0":{"name":"LandingScreen","decl":{"start":{"line":18,"column":24},"end":{"line":18,"column":37}},"loc":{"start":{"line":18,"column":40},"end":{"line":81,"column":1}},"line":18},"1":{"name":"(anonymous_1)","decl":{"start":{"line":21,"column":12},"end":{"line":21,"column":13}},"loc":{"start":{"line":21,"column":18},"end":{"line":25,"column":3}},"line":21},"2":{"name":"(anonymous_2)","decl":{"start":{"line":55,"column":30},"end":{"line":55,"column":31}},"loc":{"start":{"line":56,"column":14},"end":{"line":59,"column":21}},"line":56},"3":{"name":"(anonymous_3)","decl":{"start":{"line":68,"column":19},"end":{"line":68,"column":20}},"loc":{"start":{"line":68,"column":26},"end":{"line":68,"column":100}},"line":68},"4":{"name":"(anonymous_4)","decl":{"start":{"line":74,"column":21},"end":{"line":74,"column":22}},"loc":{"start":{"line":74,"column":27},"end":{"line":74,"column":97}},"line":74}},"branchMap":{"0":{"loc":{"start":{"line":22,"column":4},"end":{"line":24,"column":5}},"type":"if","locations":[{"start":{"line":22,"column":4},"end":{"line":24,"column":5}},{"start":{},"end":{}}],"line":22},"1":{"loc":{"start":{"line":22,"column":8},"end":{"line":22,"column":41}},"type":"binary-expr","locations":[{"start":{"line":22,"column":8},"end":{"line":22,"column":22}},{"start":{"line":22,"column":26},"end":{"line":22,"column":41}}],"line":22},"2":{"loc":{"start":{"line":27,"column":2},"end":{"line":33,"column":3}},"type":"if","locations":[{"start":{"line":27,"column":2},"end":{"line":33,"column":3}},{"start":{},"end":{}}],"line":27},"3":{"loc":{"start":{"line":68,"column":26},"end":{"line":68,"column":100}},"type":"cond-expr","locations":[{"start":{"line":68,"column":44},"end":{"line":68,"column":69}},{"start":{"line":68,"column":72},"end":{"line":68,"column":100}}],"line":68},"4":{"loc":{"start":{"line":70,"column":9},"end":{"line":76,"column":16}},"type":"cond-expr","locations":[{"start":{"line":71,"column":10},"end":{"line":75,"column":12}},{"start":{"line":76,"column":12},"end":{"line":76,"column":16}}],"line":70}},"s":{"0":0,"1":0,"2":0,"3":0,"4":0,"5":0,"6":0,"7":0,"8":0,"9":0,"10":0,"11":0},"f":{"0":0,"1":0,"2":0,"3":0,"4":0},"b":{"0":[0,0],"1":[0,0],"2":[0,0],"3":[0,0],"4":[0,0]}}
,"/Users/williamvelichko/Desktop/WorkRepositories/insureprobuildersapp/app/(auth)/_layout.tsx": {"path":"/Users/williamvelichko/Desktop/WorkRepositories/insureprobuildersapp/app/(auth)/_layout.tsx","statementMap":{"0":{"start":{"line":8,"column":45},"end":{"line":8,"column":54}},"1":{"start":{"line":10,"column":2},"end":{"line":16,"column":3}},"2":{"start":{"line":11,"column":4},"end":{"line":15,"column":6}},"3":{"start":{"line":18,"column":2},"end":{"line":20,"column":3}},"4":{"start":{"line":19,"column":4},"end":{"line":19,"column":39}},"5":{"start":{"line":22,"column":2},"end":{"line":29,"column":4}}},"fnMap":{"0":{"name":"AuthLayout","decl":{"start":{"line":7,"column":24},"end":{"line":7,"column":34}},"loc":{"start":{"line":7,"column":37},"end":{"line":30,"column":1}},"line":7}},"branchMap":{"0":{"loc":{"start":{"line":10,"column":2},"end":{"line":16,"column":3}},"type":"if","locations":[{"start":{"line":10,"column":2},"end":{"line":16,"column":3}},{"start":{},"end":{}}],"line":10},"1":{"loc":{"start":{"line":18,"column":2},"end":{"line":20,"column":3}},"type":"if","locations":[{"start":{"line":18,"column":2},"end":{"line":20,"column":3}},{"start":{},"end":{}}],"line":18}},"s":{"0":0,"1":0,"2":0,"3":0,"4":0,"5":0},"f":{"0":0},"b":{"0":[0,0],"1":[0,0]}}
,"/Users/williamvelichko/Desktop/WorkRepositories/insureprobuildersapp/app/(auth)/login.tsx": {"path":"/Users/williamvelichko/Desktop/WorkRepositories/insureprobuildersapp/app/(auth)/login.tsx","statementMap":{"0":{"start":{"line":16,"column":2},"end":{"line":16,"column":50}},"1":{"start":{"line":20,"column":2},"end":{"line":20,"column":47}},"2":{"start":{"line":35,"column":41},"end":{"line":41,"column":1}},"3":{"start":{"line":44,"column":16},"end":{"line":44,"column":55}},"4":{"start":{"line":45,"column":2},"end":{"line":45,"column":50}},"5":{"start":{"line":49,"column":17},"end":{"line":49,"column":69}},"6":{"start":{"line":50,"column":43},"end":{"line":50,"column":52}},"7":{"start":{"line":51,"column":26},"end":{"line":51,"column":79}},"8":{"start":{"line":52,"column":28},"end":{"line":52,"column":40}},"9":{"start":{"line":53,"column":28},"end":{"line":53,"column":40}},"10":{"start":{"line":54,"column":38},"end":{"line":54,"column":53}},"11":{"start":{"line":55,"column":38},"end":{"line":55,"column":80}},"12":{"start":{"line":56,"column":42},"end":{"line":56,"column":68}},"13":{"start":{"line":57,"column":42},"end":{"line":57,"column":54}},"14":{"start":{"line":59,"column":2},"end":{"line":61,"column":20}},"15":{"start":{"line":60,"column":4},"end":{"line":60,"column":47}},"16":{"start":{"line":63,"column":26},"end":{"line":63,"column":93}},"17":{"start":{"line":63,"column":40},"end":{"line":63,"column":76}},"18":{"start":{"line":65,"column":25},"end":{"line":108,"column":3}},"19":{"start":{"line":66,"column":28},"end":{"line":66,"column":54}},"20":{"start":{"line":68,"column":4},"end":{"line":71,"column":5}},"21":{"start":{"line":69,"column":6},"end":{"line":69,"column":59}},"22":{"start":{"line":70,"column":6},"end":{"line":70,"column":13}},"23":{"start":{"line":73,"column":4},"end":{"line":73,"column":27}},"24":{"start":{"line":73,"column":20},"end":{"line":73,"column":27}},"25":{"start":{"line":75,"column":4},"end":{"line":75,"column":24}},"26":{"start":{"line":76,"column":4},"end":{"line":76,"column":17}},"27":{"start":{"line":78,"column":4},"end":{"line":107,"column":5}},"28":{"start":{"line":79,"column":24},"end":{"line":79,"column":68}},"29":{"start":{"line":81,"column":6},"end":{"line":84,"column":7}},"30":{"start":{"line":82,"column":8},"end":{"line":82,"column":65}},"31":{"start":{"line":83,"column":8},"end":{"line":83,"column":15}},"32":{"start":{"line":86,"column":6},"end":{"line":86,"column":49}},"33":{"start":{"line":88,"column":6},"end":{"line":88,"column":39}},"34":{"start":{"line":89,"column":6},"end":{"line":89,"column":24}},"35":{"start":{"line":90,"column":6},"end":{"line":90,"column":36}},"36":{"start":{"line":92,"column":6},"end":{"line":97,"column":7}},"37":{"start":{"line":93,"column":8},"end":{"line":93,"column":41}},"38":{"start":{"line":94,"column":8},"end":{"line":94,"column":26}},"39":{"start":{"line":95,"column":8},"end":{"line":95,"column":86}},"40":{"start":{"line":96,"column":8},"end":{"line":96,"column":15}},"41":{"start":{"line":99,"column":6},"end":{"line":104,"column":8}},"42":{"start":{"line":106,"column":6},"end":{"line":106,"column":27}},"43":{"start":{"line":110,"column":28},"end":{"line":119,"column":3}},"44":{"start":{"line":111,"column":4},"end":{"line":111,"column":67}},"45":{"start":{"line":111,"column":33},"end":{"line":111,"column":64}},"46":{"start":{"line":112,"column":4},"end":{"line":112,"column":24}},"47":{"start":{"line":113,"column":4},"end":{"line":118,"column":7}},"48":{"start":{"line":114,"column":6},"end":{"line":114,"column":44}},"49":{"start":{"line":114,"column":28},"end":{"line":114,"column":44}},"50":{"start":{"line":115,"column":19},"end":{"line":115,"column":34}},"51":{"start":{"line":116,"column":6},"end":{"line":116,"column":25}},"52":{"start":{"line":117,"column":6},"end":{"line":117,"column":18}},"53":{"start":{"line":121,"column":23},"end":{"line":159,"column":3}},"54":{"start":{"line":122,"column":39},"end":{"line":128,"column":5}},"55":{"start":{"line":130,"column":37},"end":{"line":130,"column":39}},"56":{"start":{"line":132,"column":4},"end":{"line":134,"column":5}},"57":{"start":{"line":133,"column":6},"end":{"line":133,"column":88}},"58":{"start":{"line":135,"column":4},"end":{"line":137,"column":5}},"59":{"start":{"line":136,"column":6},"end":{"line":136,"column":55}},"60":{"start":{"line":138,"column":4},"end":{"line":140,"column":5}},"61":{"start":{"line":139,"column":6},"end":{"line":139,"column":53}},"62":{"start":{"line":141,"column":4},"end":{"line":143,"column":5}},"63":{"start":{"line":142,"column":6},"end":{"line":142,"column":56}},"64":{"start":{"line":144,"column":4},"end":{"line":148,"column":5}},"65":{"start":{"line":145,"column":6},"end":{"line":145,"column":59}},"66":{"start":{"line":146,"column":11},"end":{"line":148,"column":5}},"67":{"start":{"line":147,"column":6},"end":{"line":147,"column":61}},"68":{"start":{"line":150,"column":4},"end":{"line":150,"column":32}},"69":{"start":{"line":152,"column":4},"end":{"line":155,"column":5}},"70":{"start":{"line":153,"column":6},"end":{"line":153,"column":26}},"71":{"start":{"line":154,"column":6},"end":{"line":154,"column":13}},"72":{"start":{"line":157,"column":4},"end":{"line":157,"column":34}},"73":{"start":{"line":158,"column":4},"end":{"line":158,"column":106}},"74":{"start":{"line":161,"column":27},"end":{"line":168,"column":3}},"75":{"start":{"line":162,"column":4},"end":{"line":162,"column":22}},"76":{"start":{"line":163,"column":4},"end":{"line":166,"column":5}},"77":{"start":{"line":164,"column":6},"end":{"line":164,"column":26}},"78":{"start":{"line":165,"column":6},"end":{"line":165,"column":13}},"79":{"start":{"line":167,"column":4},"end":{"line":167,"column":17}},"80":{"start":{"line":170,"column":21},"end":{"line":176,"column":3}},"81":{"start":{"line":171,"column":4},"end":{"line":174,"column":5}},"82":{"start":{"line":172,"column":6},"end":{"line":172,"column":20}},"83":{"start":{"line":173,"column":6},"end":{"line":173,"column":13}},"84":{"start":{"line":175,"column":4},"end":{"line":175,"column":24}},"85":{"start":{"line":178,"column":2},"end":{"line":311,"column":4}},"86":{"start":{"line":193,"column":27},"end":{"line":193,"column":53}},"87":{"start":{"line":201,"column":27},"end":{"line":201,"column":53}},"88":{"start":{"line":248,"column":39},"end":{"line":248,"column":88}},"89":{"start":{"line":259,"column":39},"end":{"line":259,"column":76}},"90":{"start":{"line":270,"column":39},"end":{"line":270,"column":75}},"91":{"start":{"line":281,"column":39},"end":{"line":281,"column":72}},"92":{"start":{"line":293,"column":39},"end":{"line":293,"column":78}},"93":{"start":{"line":314,"column":15},"end":{"line":393,"column":2}}},"fnMap":{"0":{"name":"isEmailValid","decl":{"start":{"line":15,"column":9},"end":{"line":15,"column":21}},"loc":{"start":{"line":15,"column":37},"end":{"line":17,"column":1}},"line":15},"1":{"name":"isPhoneValid","decl":{"start":{"line":19,"column":9},"end":{"line":19,"column":21}},"loc":{"start":{"line":19,"column":37},"end":{"line":21,"column":1}},"line":19},"2":{"name":"getAuthModeFromParam","decl":{"start":{"line":43,"column":9},"end":{"line":43,"column":29}},"loc":{"start":{"line":43,"column":78},"end":{"line":46,"column":1}},"line":43},"3":{"name":"LoginScreen","decl":{"start":{"line":48,"column":24},"end":{"line":48,"column":35}},"loc":{"start":{"line":48,"column":38},"end":{"line":312,"column":1}},"line":48},"4":{"name":"(anonymous_4)","decl":{"start":{"line":59,"column":12},"end":{"line":59,"column":13}},"loc":{"start":{"line":59,"column":18},"end":{"line":61,"column":3}},"line":59},"5":{"name":"(anonymous_5)","decl":{"start":{"line":63,"column":34},"end":{"line":63,"column":35}},"loc":{"start":{"line":63,"column":40},"end":{"line":63,"column":76}},"line":63},"6":{"name":"(anonymous_6)","decl":{"start":{"line":65,"column":25},"end":{"line":65,"column":26}},"loc":{"start":{"line":65,"column":37},"end":{"line":108,"column":3}},"line":65},"7":{"name":"(anonymous_7)","decl":{"start":{"line":110,"column":28},"end":{"line":110,"column":29}},"loc":{"start":{"line":110,"column":72},"end":{"line":119,"column":3}},"line":110},"8":{"name":"(anonymous_8)","decl":{"start":{"line":111,"column":18},"end":{"line":111,"column":19}},"loc":{"start":{"line":111,"column":33},"end":{"line":111,"column":64}},"line":111},"9":{"name":"(anonymous_9)","decl":{"start":{"line":113,"column":20},"end":{"line":113,"column":21}},"loc":{"start":{"line":113,"column":34},"end":{"line":118,"column":5}},"line":113},"10":{"name":"(anonymous_10)","decl":{"start":{"line":121,"column":23},"end":{"line":121,"column":24}},"loc":{"start":{"line":121,"column":29},"end":{"line":159,"column":3}},"line":121},"11":{"name":"(anonymous_11)","decl":{"start":{"line":161,"column":27},"end":{"line":161,"column":28}},"loc":{"start":{"line":161,"column":51},"end":{"line":168,"column":3}},"line":161},"12":{"name":"(anonymous_12)","decl":{"start":{"line":170,"column":21},"end":{"line":170,"column":22}},"loc":{"start":{"line":170,"column":27},"end":{"line":176,"column":3}},"line":170},"13":{"name":"(anonymous_13)","decl":{"start":{"line":193,"column":21},"end":{"line":193,"column":22}},"loc":{"start":{"line":193,"column":27},"end":{"line":193,"column":53}},"line":193},"14":{"name":"(anonymous_14)","decl":{"start":{"line":201,"column":21},"end":{"line":201,"column":22}},"loc":{"start":{"line":201,"column":27},"end":{"line":201,"column":53}},"line":201},"15":{"name":"(anonymous_15)","decl":{"start":{"line":248,"column":28},"end":{"line":248,"column":29}},"loc":{"start":{"line":248,"column":39},"end":{"line":248,"column":88}},"line":248},"16":{"name":"(anonymous_16)","decl":{"start":{"line":259,"column":28},"end":{"line":259,"column":29}},"loc":{"start":{"line":259,"column":39},"end":{"line":259,"column":76}},"line":259},"17":{"name":"(anonymous_17)","decl":{"start":{"line":270,"column":28},"end":{"line":270,"column":29}},"loc":{"start":{"line":270,"column":39},"end":{"line":270,"column":75}},"line":270},"18":{"name":"(anonymous_18)","decl":{"start":{"line":281,"column":28},"end":{"line":281,"column":29}},"loc":{"start":{"line":281,"column":39},"end":{"line":281,"column":72}},"line":281},"19":{"name":"(anonymous_19)","decl":{"start":{"line":293,"column":28},"end":{"line":293,"column":29}},"loc":{"start":{"line":293,"column":39},"end":{"line":293,"column":78}},"line":293}},"branchMap":{"0":{"loc":{"start":{"line":44,"column":16},"end":{"line":44,"column":55}},"type":"cond-expr","locations":[{"start":{"line":44,"column":39},"end":{"line":44,"column":47}},{"start":{"line":44,"column":50},"end":{"line":44,"column":55}}],"line":44},"1":{"loc":{"start":{"line":45,"column":9},"end":{"line":45,"column":49}},"type":"cond-expr","locations":[{"start":{"line":45,"column":30},"end":{"line":45,"column":38}},{"start":{"line":45,"column":41},"end":{"line":45,"column":49}}],"line":45},"2":{"loc":{"start":{"line":68,"column":4},"end":{"line":71,"column":5}},"type":"if","locations":[{"start":{"line":68,"column":4},"end":{"line":71,"column":5}},{"start":{},"end":{}}],"line":68},"3":{"loc":{"start":{"line":73,"column":4},"end":{"line":73,"column":27}},"type":"if","locations":[{"start":{"line":73,"column":4},"end":{"line":73,"column":27}},{"start":{},"end":{}}],"line":73},"4":{"loc":{"start":{"line":81,"column":6},"end":{"line":84,"column":7}},"type":"if","locations":[{"start":{"line":81,"column":6},"end":{"line":84,"column":7}},{"start":{},"end":{}}],"line":81},"5":{"loc":{"start":{"line":92,"column":6},"end":{"line":97,"column":7}},"type":"if","locations":[{"start":{"line":92,"column":6},"end":{"line":97,"column":7}},{"start":{},"end":{}}],"line":92},"6":{"loc":{"start":{"line":114,"column":6},"end":{"line":114,"column":44}},"type":"if","locations":[{"start":{"line":114,"column":6},"end":{"line":114,"column":44}},{"start":{},"end":{}}],"line":114},"7":{"loc":{"start":{"line":132,"column":4},"end":{"line":134,"column":5}},"type":"if","locations":[{"start":{"line":132,"column":4},"end":{"line":134,"column":5}},{"start":{},"end":{}}],"line":132},"8":{"loc":{"start":{"line":135,"column":4},"end":{"line":137,"column":5}},"type":"if","locations":[{"start":{"line":135,"column":4},"end":{"line":137,"column":5}},{"start":{},"end":{}}],"line":135},"9":{"loc":{"start":{"line":138,"column":4},"end":{"line":140,"column":5}},"type":"if","locations":[{"start":{"line":138,"column":4},"end":{"line":140,"column":5}},{"start":{},"end":{}}],"line":138},"10":{"loc":{"start":{"line":141,"column":4},"end":{"line":143,"column":5}},"type":"if","locations":[{"start":{"line":141,"column":4},"end":{"line":143,"column":5}},{"start":{},"end":{}}],"line":141},"11":{"loc":{"start":{"line":144,"column":4},"end":{"line":148,"column":5}},"type":"if","locations":[{"start":{"line":144,"column":4},"end":{"line":148,"column":5}},{"start":{"line":146,"column":11},"end":{"line":148,"column":5}}],"line":144},"12":{"loc":{"start":{"line":146,"column":11},"end":{"line":148,"column":5}},"type":"if","locations":[{"start":{"line":146,"column":11},"end":{"line":148,"column":5}},{"start":{},"end":{}}],"line":146},"13":{"loc":{"start":{"line":152,"column":4},"end":{"line":155,"column":5}},"type":"if","locations":[{"start":{"line":152,"column":4},"end":{"line":155,"column":5}},{"start":{},"end":{}}],"line":152},"14":{"loc":{"start":{"line":163,"column":4},"end":{"line":166,"column":5}},"type":"if","locations":[{"start":{"line":163,"column":4},"end":{"line":166,"column":5}},{"start":{},"end":{}}],"line":163},"15":{"loc":{"start":{"line":171,"column":4},"end":{"line":174,"column":5}},"type":"if","locations":[{"start":{"line":171,"column":4},"end":{"line":174,"column":5}},{"start":{},"end":{}}],"line":171},"16":{"loc":{"start":{"line":194,"column":39},"end":{"line":194,"column":89}},"type":"cond-expr","locations":[{"start":{"line":194,"column":59},"end":{"line":194,"column":82}},{"start":{"line":194,"column":85},"end":{"line":194,"column":89}}],"line":194},"17":{"loc":{"start":{"line":195,"column":49},"end":{"line":195,"column":103}},"type":"cond-expr","locations":[{"start":{"line":195,"column":69},"end":{"line":195,"column":96}},{"start":{"line":195,"column":99},"end":{"line":195,"column":103}}],"line":195},"18":{"loc":{"start":{"line":202,"column":39},"end":{"line":202,"column":89}},"type":"cond-expr","locations":[{"start":{"line":202,"column":59},"end":{"line":202,"column":82}},{"start":{"line":202,"column":85},"end":{"line":202,"column":89}}],"line":202},"19":{"loc":{"start":{"line":203,"column":49},"end":{"line":203,"column":103}},"type":"cond-expr","locations":[{"start":{"line":203,"column":69},"end":{"line":203,"column":96}},{"start":{"line":203,"column":99},"end":{"line":203,"column":103}}],"line":203},"20":{"loc":{"start":{"line":209,"column":9},"end":{"line":308,"column":9}},"type":"cond-expr","locations":[{"start":{"line":210,"column":10},"end":{"line":236,"column":13}},{"start":{"line":238,"column":10},"end":{"line":307,"column":13}}],"line":209},"21":{"loc":{"start":{"line":303,"column":13},"end":{"line":303,"column":88}},"type":"cond-expr","locations":[{"start":{"line":303,"column":28},"end":{"line":303,"column":81}},{"start":{"line":303,"column":84},"end":{"line":303,"column":88}}],"line":303},"22":{"loc":{"start":{"line":304,"column":13},"end":{"line":306,"column":20}},"type":"cond-expr","locations":[{"start":{"line":305,"column":14},"end":{"line":305,"column":100}},{"start":{"line":306,"column":16},"end":{"line":306,"column":20}}],"line":304},"23":{"loc":{"start":{"line":304,"column":13},"end":{"line":304,"column":45}},"type":"binary-expr","locations":[{"start":{"line":304,"column":13},"end":{"line":304,"column":26}},{"start":{"line":304,"column":30},"end":{"line":304,"column":45}}],"line":304}},"s":{"0":3,"1":0,"2":1,"3":15,"4":15,"5":12,"6":12,"7":12,"8":12,"9":12,"10":12,"11":12,"12":12,"13":12,"14":12,"15":3,"16":12,"17":3,"18":12,"19":3,"20":3,"21":0,"22":0,"23":3,"24":0,"25":3,"26":3,"27":3,"28":3,"29":3,"30":1,"31":1,"32":2,"33":1,"34":1,"35":1,"36":1,"37":1,"38":1,"39":1,"40":1,"41":0,"42":3,"43":12,"44":0,"45":0,"46":0,"47":0,"48":0,"49":0,"50":0,"51":0,"52":0,"53":12,"54":0,"55":0,"56":0,"57":0,"58":0,"59":0,"60":0,"61":0,"62":0,"63":0,"64":0,"65":0,"66":0,"67":0,"68":0,"69":0,"70":0,"71":0,"72":0,"73":0,"74":12,"75":0,"76":0,"77":0,"78":0,"79":0,"80":12,"81":0,"82":0,"83":0,"84":0,"85":12,"86":0,"87":0,"88":0,"89":0,"90":0,"91":0,"92":0,"93":1},"f":{"0":3,"1":0,"2":15,"3":12,"4":3,"5":3,"6":3,"7":0,"8":0,"9":0,"10":0,"11":0,"12":0,"13":0,"14":0,"15":0,"16":0,"17":0,"18":0,"19":0},"b":{"0":[0,15],"1":[0,15],"2":[0,3],"3":[0,3],"4":[1,2],"5":[1,0],"6":[0,0],"7":[0,0],"8":[0,0],"9":[0,0],"10":[0,0],"11":[0,0],"12":[0,0],"13":[0,0],"14":[0,0],"15":[0,0],"16":[12,0],"17":[12,0],"18":[0,12],"19":[0,12],"20":[12,0],"21":[0,0],"22":[0,0],"23":[0,0]},"_coverageSchema":"1a1c01bbd47fc00a2c39e90264f33305004495a9","hash":"40be43d8237c71e5cf860a66b91a3d1c1b5d7e0f"}
,"/Users/williamvelichko/Desktop/WorkRepositories/insureprobuildersapp/app/(auth)/verify.tsx": {"path":"/Users/williamvelichko/Desktop/WorkRepositories/insureprobuildersapp/app/(auth)/verify.tsx","statementMap":{"0":{"start":{"line":23,"column":25},"end":{"line":23,"column":41}},"1":{"start":{"line":24,"column":2},"end":{"line":24,"column":37}},"2":{"start":{"line":24,"column":24},"end":{"line":24,"column":37}},"3":{"start":{"line":25,"column":16},"end":{"line":25,"column":30}},"4":{"start":{"line":26,"column":15},"end":{"line":26,"column":43}},"5":{"start":{"line":27,"column":17},"end":{"line":27,"column":57}},"6":{"start":{"line":28,"column":2},"end":{"line":28,"column":46}},"7":{"start":{"line":32,"column":19},"end":{"line":32,"column":60}},"8":{"start":{"line":33,"column":43},"end":{"line":33,"column":52}},"9":{"start":{"line":34,"column":26},"end":{"line":34,"column":38}},"10":{"start":{"line":35,"column":38},"end":{"line":35,"column":53}},"11":{"start":{"line":36,"column":50},"end":{"line":36,"column":61}},"12":{"start":{"line":37,"column":28},"end":{"line":37,"column":40}},"13":{"start":{"line":38,"column":30},"end":{"line":38,"column":42}},"14":{"start":{"line":40,"column":2},"end":{"line":42,"column":21}},"15":{"start":{"line":41,"column":4},"end":{"line":41,"column":55}},"16":{"start":{"line":41,"column":23},"end":{"line":41,"column":55}},"17":{"start":{"line":44,"column":2},"end":{"line":48,"column":13}},"18":{"start":{"line":45,"column":4},"end":{"line":45,"column":40}},"19":{"start":{"line":45,"column":33},"end":{"line":45,"column":40}},"20":{"start":{"line":46,"column":4},"end":{"line":46,"column":93}},"21":{"start":{"line":47,"column":4},"end":{"line":47,"column":28}},"22":{"start":{"line":50,"column":2},"end":{"line":54,"column":25}},"23":{"start":{"line":51,"column":4},"end":{"line":51,"column":38}},"24":{"start":{"line":51,"column":31},"end":{"line":51,"column":38}},"25":{"start":{"line":52,"column":18},"end":{"line":52,"column":82}},"26":{"start":{"line":52,"column":36},"end":{"line":52,"column":75}},"27":{"start":{"line":52,"column":66},"end":{"line":52,"column":74}},"28":{"start":{"line":53,"column":4},"end":{"line":53,"column":38}},"29":{"start":{"line":53,"column":17},"end":{"line":53,"column":37}},"30":{"start":{"line":56,"column":22},"end":{"line":56,"column":76}},"31":{"start":{"line":56,"column":36},"end":{"line":56,"column":59}},"32":{"start":{"line":58,"column":30},"end":{"line":60,"column":3}},"33":{"start":{"line":59,"column":4},"end":{"line":59,"column":67}},"34":{"start":{"line":59,"column":37},"end":{"line":59,"column":49}},"35":{"start":{"line":62,"column":25},"end":{"line":92,"column":3}},"36":{"start":{"line":63,"column":4},"end":{"line":63,"column":70}},"37":{"start":{"line":63,"column":63},"end":{"line":63,"column":70}},"38":{"start":{"line":64,"column":4},"end":{"line":64,"column":27}},"39":{"start":{"line":64,"column":20},"end":{"line":64,"column":27}},"40":{"start":{"line":66,"column":4},"end":{"line":66,"column":24}},"41":{"start":{"line":67,"column":4},"end":{"line":67,"column":17}},"42":{"start":{"line":68,"column":4},"end":{"line":68,"column":18}},"43":{"start":{"line":70,"column":4},"end":{"line":91,"column":5}},"44":{"start":{"line":71,"column":28},"end":{"line":71,"column":75}},"45":{"start":{"line":73,"column":6},"end":{"line":83,"column":7}},"46":{"start":{"line":74,"column":26},"end":{"line":74,"column":68}},"47":{"start":{"line":75,"column":8},"end":{"line":79,"column":9}},"48":{"start":{"line":76,"column":10},"end":{"line":76,"column":67}},"49":{"start":{"line":77,"column":34},"end":{"line":77,"column":64}},"50":{"start":{"line":78,"column":10},"end":{"line":78,"column":63}},"51":{"start":{"line":82,"column":8},"end":{"line":82,"column":91}},"52":{"start":{"line":85,"column":6},"end":{"line":85,"column":53}},"53":{"start":{"line":86,"column":6},"end":{"line":86,"column":32}},"54":{"start":{"line":88,"column":6},"end":{"line":88,"column":91}},"55":{"start":{"line":90,"column":6},"end":{"line":90,"column":27}},"56":{"start":{"line":94,"column":23},"end":{"line":110,"column":3}},"57":{"start":{"line":95,"column":4},"end":{"line":95,"column":54}},"58":{"start":{"line":95,"column":47},"end":{"line":95,"column":54}},"59":{"start":{"line":97,"column":4},"end":{"line":97,"column":17}},"60":{"start":{"line":98,"column":4},"end":{"line":98,"column":18}},"61":{"start":{"line":99,"column":4},"end":{"line":109,"column":5}},"62":{"start":{"line":100,"column":6},"end":{"line":100,"column":46}},"63":{"start":{"line":101,"column":6},"end":{"line":101,"column":30}},"64":{"start":{"line":103,"column":6},"end":{"line":107,"column":7}},"65":{"start":{"line":104,"column":8},"end":{"line":104,"column":32}},"66":{"start":{"line":105,"column":8},"end":{"line":105,"column":91}},"67":{"start":{"line":106,"column":8},"end":{"line":106,"column":15}},"68":{"start":{"line":108,"column":6},"end":{"line":108,"column":83}},"69":{"start":{"line":112,"column":2},"end":{"line":152,"column":4}},"70":{"start":{"line":135,"column":36},"end":{"line":135,"column":67}},"71":{"start":{"line":155,"column":15},"end":{"line":209,"column":2}}},"fnMap":{"0":{"name":"maskEmail","decl":{"start":{"line":22,"column":9},"end":{"line":22,"column":18}},"loc":{"start":{"line":22,"column":34},"end":{"line":29,"column":1}},"line":22},"1":{"name":"VerifyScreen","decl":{"start":{"line":31,"column":24},"end":{"line":31,"column":36}},"loc":{"start":{"line":31,"column":39},"end":{"line":153,"column":1}},"line":31},"2":{"name":"(anonymous_2)","decl":{"start":{"line":40,"column":12},"end":{"line":40,"column":13}},"loc":{"start":{"line":40,"column":18},"end":{"line":42,"column":3}},"line":40},"3":{"name":"(anonymous_3)","decl":{"start":{"line":44,"column":12},"end":{"line":44,"column":13}},"loc":{"start":{"line":44,"column":18},"end":{"line":48,"column":3}},"line":44},"4":{"name":"(anonymous_4)","decl":{"start":{"line":50,"column":12},"end":{"line":50,"column":13}},"loc":{"start":{"line":50,"column":18},"end":{"line":54,"column":3}},"line":50},"5":{"name":"(anonymous_5)","decl":{"start":{"line":52,"column":30},"end":{"line":52,"column":31}},"loc":{"start":{"line":52,"column":36},"end":{"line":52,"column":75}},"line":52},"6":{"name":"(anonymous_6)","decl":{"start":{"line":52,"column":56},"end":{"line":52,"column":57}},"loc":{"start":{"line":52,"column":66},"end":{"line":52,"column":74}},"line":52},"7":{"name":"(anonymous_7)","decl":{"start":{"line":53,"column":11},"end":{"line":53,"column":12}},"loc":{"start":{"line":53,"column":17},"end":{"line":53,"column":37}},"line":53},"8":{"name":"(anonymous_8)","decl":{"start":{"line":56,"column":30},"end":{"line":56,"column":31}},"loc":{"start":{"line":56,"column":36},"end":{"line":56,"column":59}},"line":56},"9":{"name":"(anonymous_9)","decl":{"start":{"line":58,"column":30},"end":{"line":58,"column":31}},"loc":{"start":{"line":58,"column":69},"end":{"line":60,"column":3}},"line":58},"10":{"name":"(anonymous_10)","decl":{"start":{"line":59,"column":26},"end":{"line":59,"column":27}},"loc":{"start":{"line":59,"column":37},"end":{"line":59,"column":49}},"line":59},"11":{"name":"(anonymous_11)","decl":{"start":{"line":62,"column":25},"end":{"line":62,"column":26}},"loc":{"start":{"line":62,"column":37},"end":{"line":92,"column":3}},"line":62},"12":{"name":"(anonymous_12)","decl":{"start":{"line":94,"column":23},"end":{"line":94,"column":24}},"loc":{"start":{"line":94,"column":35},"end":{"line":110,"column":3}},"line":94},"13":{"name":"(anonymous_13)","decl":{"start":{"line":135,"column":30},"end":{"line":135,"column":31}},"loc":{"start":{"line":135,"column":36},"end":{"line":135,"column":67}},"line":135}},"branchMap":{"0":{"loc":{"start":{"line":24,"column":2},"end":{"line":24,"column":37}},"type":"if","locations":[{"start":{"line":24,"column":2},"end":{"line":24,"column":37}},{"start":{},"end":{}}],"line":24},"1":{"loc":{"start":{"line":24,"column":6},"end":{"line":24,"column":22}},"type":"binary-expr","locations":[{"start":{"line":24,"column":6},"end":{"line":24,"column":11}},{"start":{"line":24,"column":15},"end":{"line":24,"column":22}}],"line":24},"2":{"loc":{"start":{"line":41,"column":4},"end":{"line":41,"column":55}},"type":"if","locations":[{"start":{"line":41,"column":4},"end":{"line":41,"column":55}},{"start":{},"end":{}}],"line":41},"3":{"loc":{"start":{"line":45,"column":4},"end":{"line":45,"column":40}},"type":"if","locations":[{"start":{"line":45,"column":4},"end":{"line":45,"column":40}},{"start":{},"end":{}}],"line":45},"4":{"loc":{"start":{"line":51,"column":4},"end":{"line":51,"column":38}},"type":"if","locations":[{"start":{"line":51,"column":4},"end":{"line":51,"column":38}},{"start":{},"end":{}}],"line":51},"5":{"loc":{"start":{"line":59,"column":11},"end":{"line":59,"column":66}},"type":"binary-expr","locations":[{"start":{"line":59,"column":11},"end":{"line":59,"column":50}},{"start":{"line":59,"column":54},"end":{"line":59,"column":66}}],"line":59},"6":{"loc":{"start":{"line":63,"column":4},"end":{"line":63,"column":70}},"type":"if","locations":[{"start":{"line":63,"column":4},"end":{"line":63,"column":70}},{"start":{},"end":{}}],"line":63},"7":{"loc":{"start":{"line":63,"column":8},"end":{"line":63,"column":61}},"type":"binary-expr","locations":[{"start":{"line":63,"column":8},"end":{"line":63,"column":44}},{"start":{"line":63,"column":48},"end":{"line":63,"column":61}}],"line":63},"8":{"loc":{"start":{"line":64,"column":4},"end":{"line":64,"column":27}},"type":"if","locations":[{"start":{"line":64,"column":4},"end":{"line":64,"column":27}},{"start":{},"end":{}}],"line":64},"9":{"loc":{"start":{"line":75,"column":8},"end":{"line":79,"column":9}},"type":"if","locations":[{"start":{"line":75,"column":8},"end":{"line":79,"column":9}},{"start":{},"end":{}}],"line":75},"10":{"loc":{"start":{"line":95,"column":4},"end":{"line":95,"column":54}},"type":"if","locations":[{"start":{"line":95,"column":4},"end":{"line":95,"column":54}},{"start":{},"end":{}}],"line":95},"11":{"loc":{"start":{"line":95,"column":8},"end":{"line":95,"column":45}},"type":"binary-expr","locations":[{"start":{"line":95,"column":8},"end":{"line":95,"column":21}},{"start":{"line":95,"column":25},"end":{"line":95,"column":45}}],"line":95},"12":{"loc":{"start":{"line":103,"column":6},"end":{"line":107,"column":7}},"type":"if","locations":[{"start":{"line":103,"column":6},"end":{"line":107,"column":7}},{"start":{},"end":{}}],"line":103},"13":{"loc":{"start":{"line":121,"column":37},"end":{"line":121,"column":72}},"type":"binary-expr","locations":[{"start":{"line":121,"column":37},"end":{"line":121,"column":48}},{"start":{"line":121,"column":52},"end":{"line":121,"column":72}}],"line":121},"14":{"loc":{"start":{"line":131,"column":39},"end":{"line":131,"column":88}},"type":"cond-expr","locations":[{"start":{"line":131,"column":62},"end":{"line":131,"column":81}},{"start":{"line":131,"column":84},"end":{"line":131,"column":88}}],"line":131},"15":{"loc":{"start":{"line":132,"column":15},"end":{"line":132,"column":86}},"type":"cond-expr","locations":[{"start":{"line":132,"column":38},"end":{"line":132,"column":70}},{"start":{"line":132,"column":73},"end":{"line":132,"column":86}}],"line":132},"16":{"loc":{"start":{"line":147,"column":9},"end":{"line":147,"column":72}},"type":"cond-expr","locations":[{"start":{"line":147,"column":18},"end":{"line":147,"column":65}},{"start":{"line":147,"column":68},"end":{"line":147,"column":72}}],"line":147},"17":{"loc":{"start":{"line":148,"column":9},"end":{"line":148,"column":69}},"type":"cond-expr","locations":[{"start":{"line":148,"column":17},"end":{"line":148,"column":62}},{"start":{"line":148,"column":65},"end":{"line":148,"column":69}}],"line":148}},"s":{"0":3,"1":3,"2":1,"3":2,"4":2,"5":2,"6":2,"7":7,"8":7,"9":7,"10":7,"11":7,"12":7,"13":7,"14":7,"15":3,"16":1,"17":7,"18":3,"19":2,"20":1,"21":1,"22":7,"23":4,"24":3,"25":1,"26":0,"27":0,"28":1,"29":1,"30":7,"31":3,"32":7,"33":1,"34":1,"35":7,"36":1,"37":0,"38":1,"39":0,"40":1,"41":1,"42":1,"43":1,"44":1,"45":1,"46":1,"47":1,"48":1,"49":1,"50":1,"51":0,"52":1,"53":1,"54":0,"55":1,"56":7,"57":0,"58":0,"59":0,"60":0,"61":0,"62":0,"63":0,"64":0,"65":0,"66":0,"67":0,"68":0,"69":7,"70":0,"71":1},"f":{"0":3,"1":7,"2":3,"3":3,"4":4,"5":0,"6":0,"7":1,"8":3,"9":1,"10":1,"11":1,"12":0,"13":0},"b":{"0":[1,2],"1":[3,2],"2":[1,2],"3":[2,1],"4":[3,1],"5":[1,0],"6":[0,1],"7":[1,1],"8":[0,1],"9":[1,0],"10":[0,0],"11":[0,0],"12":[0,0],"13":[7,1],"14":[1,6],"15":[1,6],"16":[1,6],"17":[0,7]},"_coverageSchema":"1a1c01bbd47fc00a2c39e90264f33305004495a9","hash":"41d4a72f54a7c2526d5b850bac59780a41ce3e7a"}
,"/Users/williamvelichko/Desktop/WorkRepositories/insureprobuildersapp/app/(tabs)/_layout.tsx": {"path":"/Users/williamvelichko/Desktop/WorkRepositories/insureprobuildersapp/app/(tabs)/_layout.tsx","statementMap":{"0":{"start":{"line":11,"column":45},"end":{"line":11,"column":54}},"1":{"start":{"line":13,"column":2},"end":{"line":19,"column":3}},"2":{"start":{"line":14,"column":4},"end":{"line":18,"column":6}},"3":{"start":{"line":21,"column":2},"end":{"line":23,"column":3}},"4":{"start":{"line":22,"column":4},"end":{"line":22,"column":45}},"5":{"start":{"line":25,"column":2},"end":{"line":56,"column":4}},"6":{"start":{"line":38,"column":43},"end":{"line":38,"column":93}},"7":{"start":{"line":45,"column":43},"end":{"line":45,"column":105}},"8":{"start":{"line":52,"column":43},"end":{"line":52,"column":102}},"9":{"start":{"line":59,"column":15},"end":{"line":77,"column":2}}},"fnMap":{"0":{"name":"TabLayout","decl":{"start":{"line":10,"column":24},"end":{"line":10,"column":33}},"loc":{"start":{"line":10,"column":36},"end":{"line":57,"column":1}},"line":10},"1":{"name":"(anonymous_1)","decl":{"start":{"line":38,"column":22},"end":{"line":38,"column":23}},"loc":{"start":{"line":38,"column":43},"end":{"line":38,"column":93}},"line":38},"2":{"name":"(anonymous_2)","decl":{"start":{"line":45,"column":22},"end":{"line":45,"column":23}},"loc":{"start":{"line":45,"column":43},"end":{"line":45,"column":105}},"line":45},"3":{"name":"(anonymous_3)","decl":{"start":{"line":52,"column":22},"end":{"line":52,"column":23}},"loc":{"start":{"line":52,"column":43},"end":{"line":52,"column":102}},"line":52}},"branchMap":{"0":{"loc":{"start":{"line":13,"column":2},"end":{"line":19,"column":3}},"type":"if","locations":[{"start":{"line":13,"column":2},"end":{"line":19,"column":3}},{"start":{},"end":{}}],"line":13},"1":{"loc":{"start":{"line":21,"column":2},"end":{"line":23,"column":3}},"type":"if","locations":[{"start":{"line":21,"column":2},"end":{"line":23,"column":3}},{"start":{},"end":{}}],"line":21}},"s":{"0":0,"1":0,"2":0,"3":0,"4":0,"5":0,"6":0,"7":0,"8":0,"9":0},"f":{"0":0,"1":0,"2":0,"3":0},"b":{"0":[0,0],"1":[0,0]}}
,"/Users/williamvelichko/Desktop/WorkRepositories/insureprobuildersapp/app/(tabs)/index.tsx": {"path":"/Users/williamvelichko/Desktop/WorkRepositories/insureprobuildersapp/app/(tabs)/index.tsx","statementMap":{"0":{"start":{"line":25,"column":46},"end":{"line":30,"column":1}},"1":{"start":{"line":32,"column":52},"end":{"line":41,"column":1}},"2":{"start":{"line":43,"column":94},"end":{"line":45,"column":1}},"3":{"start":{"line":47,"column":34},"end":{"line":47,"column":38}},"4":{"start":{"line":52,"column":4},"end":{"line":65,"column":1}},"5":{"start":{"line":68,"column":16},"end":{"line":72,"column":16}},"6":{"start":{"line":73,"column":2},"end":{"line":73,"column":38}},"7":{"start":{"line":73,"column":26},"end":{"line":73,"column":38}},"8":{"start":{"line":74,"column":2},"end":{"line":74,"column":68}},"9":{"start":{"line":74,"column":29},"end":{"line":74,"column":57}},"10":{"start":{"line":78,"column":21},"end":{"line":78,"column":34}},"11":{"start":{"line":79,"column":2},"end":{"line":79,"column":40}},"12":{"start":{"line":83,"column":2},"end":{"line":83,"column":75}},"13":{"start":{"line":87,"column":2},"end":{"line":141,"column":4}},"14":{"start":{"line":112,"column":12},"end":{"line":116,"column":19}},"15":{"start":{"line":124,"column":10},"end":{"line":127,"column":17}},"16":{"start":{"line":145,"column":17},"end":{"line":145,"column":36}},"17":{"start":{"line":146,"column":34},"end":{"line":146,"column":43}},"18":{"start":{"line":147,"column":23},"end":{"line":147,"column":59}},"19":{"start":{"line":147,"column":37},"end":{"line":147,"column":54}},"20":{"start":{"line":148,"column":28},"end":{"line":148,"column":69}},"21":{"start":{"line":149,"column":46},"end":{"line":149,"column":61}},"22":{"start":{"line":150,"column":52},"end":{"line":150,"column":81}},"23":{"start":{"line":151,"column":66},"end":{"line":151,"column":80}},"24":{"start":{"line":153,"column":4},"end":{"line":153,"column":23}},"25":{"start":{"line":155,"column":26},"end":{"line":159,"column":49}},"26":{"start":{"line":156,"column":30},"end":{"line":156,"column":58}},"27":{"start":{"line":157,"column":4},"end":{"line":157,"column":52}},"28":{"start":{"line":157,"column":27},"end":{"line":157,"column":52}},"29":{"start":{"line":158,"column":4},"end":{"line":158,"column":45}},"30":{"start":{"line":161,"column":2},"end":{"line":199,"column":24}},"31":{"start":{"line":162,"column":20},"end":{"line":162,"column":24}},"32":{"start":{"line":164,"column":25},"end":{"line":192,"column":5}},"33":{"start":{"line":165,"column":6},"end":{"line":170,"column":7}},"34":{"start":{"line":166,"column":8},"end":{"line":166,"column":23}},"35":{"start":{"line":167,"column":8},"end":{"line":167,"column":35}},"36":{"start":{"line":168,"column":8},"end":{"line":168,"column":33}},"37":{"start":{"line":169,"column":8},"end":{"line":169,"column":15}},"38":{"start":{"line":172,"column":6},"end":{"line":172,"column":30}},"39":{"start":{"line":173,"column":6},"end":{"line":173,"column":33}},"40":{"start":{"line":174,"column":6},"end":{"line":191,"column":7}},"41":{"start":{"line":175,"column":23},"end":{"line":175,"column":83}},"42":{"start":{"line":176,"column":8},"end":{"line":176,"column":31}},"43":{"start":{"line":176,"column":24},"end":{"line":176,"column":31}},"44":{"start":{"line":178,"column":29},"end":{"line":178,"column":46}},"45":{"start":{"line":179,"column":8},"end":{"line":179,"column":31}},"46":{"start":{"line":180,"column":8},"end":{"line":182,"column":9}},"47":{"start":{"line":181,"column":10},"end":{"line":181,"column":97}},"48":{"start":{"line":184,"column":8},"end":{"line":184,"column":31}},"49":{"start":{"line":184,"column":24},"end":{"line":184,"column":31}},"50":{"start":{"line":185,"column":8},"end":{"line":185,"column":23}},"51":{"start":{"line":186,"column":8},"end":{"line":186,"column":92}},"52":{"start":{"line":188,"column":8},"end":{"line":190,"column":9}},"53":{"start":{"line":189,"column":10},"end":{"line":189,"column":35}},"54":{"start":{"line":194,"column":4},"end":{"line":194,"column":24}},"55":{"start":{"line":196,"column":4},"end":{"line":198,"column":6}},"56":{"start":{"line":197,"column":6},"end":{"line":197,"column":24}},"57":{"start":{"line":201,"column":2},"end":{"line":209,"column":9}},"58":{"start":{"line":202,"column":22},"end":{"line":204,"column":33}},"59":{"start":{"line":203,"column":6},"end":{"line":203,"column":41}},"60":{"start":{"line":206,"column":4},"end":{"line":208,"column":6}},"61":{"start":{"line":207,"column":6},"end":{"line":207,"column":30}},"62":{"start":{"line":211,"column":24},"end":{"line":238,"column":4}},"63":{"start":{"line":212,"column":21},"end":{"line":214,"column":16}},"64":{"start":{"line":213,"column":42},"end":{"line":213,"column":56}},"65":{"start":{"line":216,"column":4},"end":{"line":227,"column":6}},"66":{"start":{"line":239,"column":23},"end":{"line":242,"column":3}},"67":{"start":{"line":240,"column":10},"end":{"line":240,"column":64}},"68":{"start":{"line":243,"column":32},"end":{"line":246,"column":3}},"69":{"start":{"line":244,"column":10},"end":{"line":244,"column":81}},"70":{"start":{"line":247,"column":30},"end":{"line":250,"column":3}},"71":{"start":{"line":248,"column":10},"end":{"line":248,"column":96}},"72":{"start":{"line":252,"column":23},"end":{"line":293,"column":3}},"73":{"start":{"line":253,"column":10},"end":{"line":286,"column":5}},"74":{"start":{"line":295,"column":21},"end":{"line":300,"column":3}},"75":{"start":{"line":296,"column":19},"end":{"line":296,"column":69}},"76":{"start":{"line":297,"column":4},"end":{"line":299,"column":5}},"77":{"start":{"line":298,"column":6},"end":{"line":298,"column":78}},"78":{"start":{"line":301,"column":26},"end":{"line":306,"column":3}},"79":{"start":{"line":302,"column":19},"end":{"line":302,"column":69}},"80":{"start":{"line":303,"column":4},"end":{"line":305,"column":5}},"81":{"start":{"line":304,"column":6},"end":{"line":304,"column":78}},"82":{"start":{"line":307,"column":33},"end":{"line":307,"column":84}},"83":{"start":{"line":307,"column":47},"end":{"line":307,"column":66}},"84":{"start":{"line":308,"column":32},"end":{"line":308,"column":94}},"85":{"start":{"line":310,"column":2},"end":{"line":312,"column":3}},"86":{"start":{"line":311,"column":4},"end":{"line":311,"column":81}},"87":{"start":{"line":314,"column":2},"end":{"line":471,"column":4}},"88":{"start":{"line":362,"column":29},"end":{"line":362,"column":43}},"89":{"start":{"line":363,"column":12},"end":{"line":383,"column":14}},"90":{"start":{"line":367,"column":18},"end":{"line":370,"column":19}},"91":{"start":{"line":368,"column":20},"end":{"line":368,"column":83}},"92":{"start":{"line":369,"column":20},"end":{"line":369,"column":27}},"93":{"start":{"line":371,"column":18},"end":{"line":371,"column":76}},"94":{"start":{"line":374,"column":40},"end":{"line":378,"column":17}},"95":{"start":{"line":392,"column":12},"end":{"line":414,"column":19}},"96":{"start":{"line":398,"column":40},"end":{"line":398,"column":72}},"97":{"start":{"line":399,"column":22},"end":{"line":405,"column":24}},"98":{"start":{"line":424,"column":14},"end":{"line":424,"column":38}},"99":{"start":{"line":426,"column":36},"end":{"line":426,"column":94}},"100":{"start":{"line":431,"column":14},"end":{"line":431,"column":80}},"101":{"start":{"line":434,"column":36},"end":{"line":438,"column":13}},"102":{"start":{"line":448,"column":12},"end":{"line":448,"column":34}},"103":{"start":{"line":450,"column":34},"end":{"line":453,"column":11}},"104":{"start":{"line":459,"column":12},"end":{"line":459,"column":103}},"105":{"start":{"line":462,"column":34},"end":{"line":466,"column":11}},"106":{"start":{"line":474,"column":15},"end":{"line":733,"column":2}}},"fnMap":{"0":{"name":"getInitials","decl":{"start":{"line":67,"column":9},"end":{"line":67,"column":20}},"loc":{"start":{"line":67,"column":36},"end":{"line":75,"column":1}},"line":67},"1":{"name":"(anonymous_1)","decl":{"start":{"line":74,"column":19},"end":{"line":74,"column":20}},"loc":{"start":{"line":74,"column":29},"end":{"line":74,"column":57}},"line":74},"2":{"name":"normalizeText","decl":{"start":{"line":77,"column":9},"end":{"line":77,"column":22}},"loc":{"start":{"line":77,"column":57},"end":{"line":80,"column":1}},"line":77},"3":{"name":"toAvatarKey","decl":{"start":{"line":82,"column":9},"end":{"line":82,"column":20}},"loc":{"start":{"line":82,"column":36},"end":{"line":84,"column":1}},"line":82},"4":{"name":"DashboardSkeleton","decl":{"start":{"line":86,"column":9},"end":{"line":86,"column":26}},"loc":{"start":{"line":86,"column":91},"end":{"line":142,"column":1}},"line":86},"5":{"name":"(anonymous_5)","decl":{"start":{"line":111,"column":41},"end":{"line":111,"column":42}},"loc":{"start":{"line":112,"column":12},"end":{"line":116,"column":19}},"line":112},"6":{"name":"(anonymous_6)","decl":{"start":{"line":123,"column":39},"end":{"line":123,"column":40}},"loc":{"start":{"line":124,"column":10},"end":{"line":127,"column":17}},"line":124},"7":{"name":"DashboardScreen","decl":{"start":{"line":144,"column":24},"end":{"line":144,"column":39}},"loc":{"start":{"line":144,"column":42},"end":{"line":472,"column":1}},"line":144},"8":{"name":"(anonymous_8)","decl":{"start":{"line":147,"column":31},"end":{"line":147,"column":32}},"loc":{"start":{"line":147,"column":37},"end":{"line":147,"column":54}},"line":147},"9":{"name":"(anonymous_9)","decl":{"start":{"line":155,"column":34},"end":{"line":155,"column":35}},"loc":{"start":{"line":155,"column":40},"end":{"line":159,"column":3}},"line":155},"10":{"name":"(anonymous_10)","decl":{"start":{"line":161,"column":12},"end":{"line":161,"column":13}},"loc":{"start":{"line":161,"column":18},"end":{"line":199,"column":3}},"line":161},"11":{"name":"(anonymous_11)","decl":{"start":{"line":164,"column":25},"end":{"line":164,"column":26}},"loc":{"start":{"line":164,"column":37},"end":{"line":192,"column":5}},"line":164},"12":{"name":"(anonymous_12)","decl":{"start":{"line":196,"column":11},"end":{"line":196,"column":12}},"loc":{"start":{"line":196,"column":17},"end":{"line":198,"column":5}},"line":196},"13":{"name":"(anonymous_13)","decl":{"start":{"line":201,"column":12},"end":{"line":201,"column":13}},"loc":{"start":{"line":201,"column":18},"end":{"line":209,"column":3}},"line":201},"14":{"name":"(anonymous_14)","decl":{"start":{"line":202,"column":33},"end":{"line":202,"column":34}},"loc":{"start":{"line":202,"column":39},"end":{"line":204,"column":5}},"line":202},"15":{"name":"(anonymous_15)","decl":{"start":{"line":206,"column":11},"end":{"line":206,"column":12}},"loc":{"start":{"line":206,"column":17},"end":{"line":208,"column":5}},"line":206},"16":{"name":"(anonymous_16)","decl":{"start":{"line":211,"column":32},"end":{"line":211,"column":33}},"loc":{"start":{"line":211,"column":38},"end":{"line":228,"column":3}},"line":211},"17":{"name":"(anonymous_17)","decl":{"start":{"line":213,"column":14},"end":{"line":213,"column":15}},"loc":{"start":{"line":213,"column":42},"end":{"line":213,"column":56}},"line":213},"18":{"name":"(anonymous_18)","decl":{"start":{"line":240,"column":4},"end":{"line":240,"column":5}},"loc":{"start":{"line":240,"column":10},"end":{"line":240,"column":64}},"line":240},"19":{"name":"(anonymous_19)","decl":{"start":{"line":244,"column":4},"end":{"line":244,"column":5}},"loc":{"start":{"line":244,"column":10},"end":{"line":244,"column":81}},"line":244},"20":{"name":"(anonymous_20)","decl":{"start":{"line":248,"column":4},"end":{"line":248,"column":5}},"loc":{"start":{"line":248,"column":10},"end":{"line":248,"column":96}},"line":248},"21":{"name":"(anonymous_21)","decl":{"start":{"line":253,"column":4},"end":{"line":253,"column":5}},"loc":{"start":{"line":253,"column":10},"end":{"line":286,"column":5}},"line":253},"22":{"name":"(anonymous_22)","decl":{"start":{"line":295,"column":21},"end":{"line":295,"column":22}},"loc":{"start":{"line":295,"column":82},"end":{"line":300,"column":3}},"line":295},"23":{"name":"(anonymous_23)","decl":{"start":{"line":301,"column":26},"end":{"line":301,"column":27}},"loc":{"start":{"line":301,"column":87},"end":{"line":306,"column":3}},"line":301},"24":{"name":"(anonymous_24)","decl":{"start":{"line":307,"column":41},"end":{"line":307,"column":42}},"loc":{"start":{"line":307,"column":47},"end":{"line":307,"column":66}},"line":307},"25":{"name":"(anonymous_25)","decl":{"start":{"line":361,"column":28},"end":{"line":361,"column":29}},"loc":{"start":{"line":361,"column":40},"end":{"line":384,"column":11}},"line":361},"26":{"name":"(anonymous_26)","decl":{"start":{"line":366,"column":25},"end":{"line":366,"column":26}},"loc":{"start":{"line":366,"column":31},"end":{"line":372,"column":17}},"line":366},"27":{"name":"(anonymous_27)","decl":{"start":{"line":374,"column":23},"end":{"line":374,"column":24}},"loc":{"start":{"line":374,"column":40},"end":{"line":378,"column":17}},"line":374},"28":{"name":"(anonymous_28)","decl":{"start":{"line":391,"column":26},"end":{"line":391,"column":27}},"loc":{"start":{"line":392,"column":12},"end":{"line":414,"column":19}},"line":392},"29":{"name":"(anonymous_29)","decl":{"start":{"line":397,"column":37},"end":{"line":397,"column":38}},"loc":{"start":{"line":397,"column":47},"end":{"line":406,"column":21}},"line":397},"30":{"name":"(anonymous_30)","decl":{"start":{"line":423,"column":21},"end":{"line":423,"column":22}},"loc":{"start":{"line":423,"column":27},"end":{"line":425,"column":13}},"line":423},"31":{"name":"(anonymous_31)","decl":{"start":{"line":426,"column":19},"end":{"line":426,"column":20}},"loc":{"start":{"line":426,"column":36},"end":{"line":426,"column":94}},"line":426},"32":{"name":"(anonymous_32)","decl":{"start":{"line":430,"column":21},"end":{"line":430,"column":22}},"loc":{"start":{"line":430,"column":27},"end":{"line":432,"column":13}},"line":430},"33":{"name":"(anonymous_33)","decl":{"start":{"line":434,"column":19},"end":{"line":434,"column":20}},"loc":{"start":{"line":434,"column":36},"end":{"line":438,"column":13}},"line":434},"34":{"name":"(anonymous_34)","decl":{"start":{"line":447,"column":19},"end":{"line":447,"column":20}},"loc":{"start":{"line":447,"column":25},"end":{"line":449,"column":11}},"line":447},"35":{"name":"(anonymous_35)","decl":{"start":{"line":450,"column":17},"end":{"line":450,"column":18}},"loc":{"start":{"line":450,"column":34},"end":{"line":453,"column":11}},"line":450},"36":{"name":"(anonymous_36)","decl":{"start":{"line":458,"column":19},"end":{"line":458,"column":20}},"loc":{"start":{"line":458,"column":25},"end":{"line":460,"column":11}},"line":458},"37":{"name":"(anonymous_37)","decl":{"start":{"line":462,"column":17},"end":{"line":462,"column":18}},"loc":{"start":{"line":462,"column":34},"end":{"line":466,"column":11}},"line":462}},"branchMap":{"0":{"loc":{"start":{"line":73,"column":2},"end":{"line":73,"column":38}},"type":"if","locations":[{"start":{"line":73,"column":2},"end":{"line":73,"column":38}},{"start":{},"end":{}}],"line":73},"1":{"loc":{"start":{"line":79,"column":9},"end":{"line":79,"column":39}},"type":"cond-expr","locations":[{"start":{"line":79,"column":22},"end":{"line":79,"column":32}},{"start":{"line":79,"column":35},"end":{"line":79,"column":39}}],"line":79},"2":{"loc":{"start":{"line":157,"column":4},"end":{"line":157,"column":52}},"type":"if","locations":[{"start":{"line":157,"column":4},"end":{"line":157,"column":52}},{"start":{},"end":{}}],"line":157},"3":{"loc":{"start":{"line":158,"column":11},"end":{"line":158,"column":44}},"type":"binary-expr","locations":[{"start":{"line":158,"column":11},"end":{"line":158,"column":38}},{"start":{"line":158,"column":42},"end":{"line":158,"column":44}}],"line":158},"4":{"loc":{"start":{"line":165,"column":6},"end":{"line":170,"column":7}},"type":"if","locations":[{"start":{"line":165,"column":6},"end":{"line":170,"column":7}},{"start":{},"end":{}}],"line":165},"5":{"loc":{"start":{"line":176,"column":8},"end":{"line":176,"column":31}},"type":"if","locations":[{"start":{"line":176,"column":8},"end":{"line":176,"column":31}},{"start":{},"end":{}}],"line":176},"6":{"loc":{"start":{"line":178,"column":29},"end":{"line":178,"column":46}},"type":"binary-expr","locations":[{"start":{"line":178,"column":29},"end":{"line":178,"column":38}},{"start":{"line":178,"column":42},"end":{"line":178,"column":46}}],"line":178},"7":{"loc":{"start":{"line":180,"column":8},"end":{"line":182,"column":9}},"type":"if","locations":[{"start":{"line":180,"column":8},"end":{"line":182,"column":9}},{"start":{},"end":{}}],"line":180},"8":{"loc":{"start":{"line":184,"column":8},"end":{"line":184,"column":31}},"type":"if","locations":[{"start":{"line":184,"column":8},"end":{"line":184,"column":31}},{"start":{},"end":{}}],"line":184},"9":{"loc":{"start":{"line":188,"column":8},"end":{"line":190,"column":9}},"type":"if","locations":[{"start":{"line":188,"column":8},"end":{"line":190,"column":9}},{"start":{},"end":{}}],"line":188},"10":{"loc":{"start":{"line":217,"column":12},"end":{"line":217,"column":47}},"type":"binary-expr","locations":[{"start":{"line":217,"column":12},"end":{"line":217,"column":20}},{"start":{"line":217,"column":24},"end":{"line":217,"column":47}}],"line":217},"11":{"loc":{"start":{"line":219,"column":8},"end":{"line":221,"column":47}},"type":"binary-expr","locations":[{"start":{"line":219,"column":8},"end":{"line":219,"column":35}},{"start":{"line":220,"column":8},"end":{"line":220,"column":39}},{"start":{"line":221,"column":8},"end":{"line":221,"column":47}}],"line":219},"12":{"loc":{"start":{"line":222,"column":13},"end":{"line":222,"column":83}},"type":"binary-expr","locations":[{"start":{"line":222,"column":13},"end":{"line":222,"column":40}},{"start":{"line":222,"column":44},"end":{"line":222,"column":83}}],"line":222},"13":{"loc":{"start":{"line":224,"column":8},"end":{"line":226,"column":50}},"type":"binary-expr","locations":[{"start":{"line":224,"column":8},"end":{"line":224,"column":39}},{"start":{"line":225,"column":8},"end":{"line":225,"column":35}},{"start":{"line":226,"column":8},"end":{"line":226,"column":50}}],"line":224},"14":{"loc":{"start":{"line":240,"column":10},"end":{"line":240,"column":64}},"type":"binary-expr","locations":[{"start":{"line":240,"column":10},"end":{"line":240,"column":56}},{"start":{"line":240,"column":60},"end":{"line":240,"column":64}}],"line":240},"15":{"loc":{"start":{"line":244,"column":10},"end":{"line":244,"column":81}},"type":"binary-expr","locations":[{"start":{"line":244,"column":10},"end":{"line":244,"column":73}},{"start":{"line":244,"column":77},"end":{"line":244,"column":81}}],"line":244},"16":{"loc":{"start":{"line":248,"column":10},"end":{"line":248,"column":96}},"type":"binary-expr","locations":[{"start":{"line":248,"column":10},"end":{"line":248,"column":62}},{"start":{"line":248,"column":66},"end":{"line":248,"column":96}}],"line":248},"17":{"loc":{"start":{"line":297,"column":4},"end":{"line":299,"column":5}},"type":"if","locations":[{"start":{"line":297,"column":4},"end":{"line":299,"column":5}},{"start":{},"end":{}}],"line":297},"18":{"loc":{"start":{"line":298,"column":40},"end":{"line":298,"column":76}},"type":"binary-expr","locations":[{"start":{"line":298,"column":40},"end":{"line":298,"column":54}},{"start":{"line":298,"column":58},"end":{"line":298,"column":76}}],"line":298},"19":{"loc":{"start":{"line":303,"column":4},"end":{"line":305,"column":5}},"type":"if","locations":[{"start":{"line":303,"column":4},"end":{"line":305,"column":5}},{"start":{},"end":{}}],"line":303},"20":{"loc":{"start":{"line":304,"column":40},"end":{"line":304,"column":76}},"type":"binary-expr","locations":[{"start":{"line":304,"column":40},"end":{"line":304,"column":54}},{"start":{"line":304,"column":58},"end":{"line":304,"column":76}}],"line":304},"21":{"loc":{"start":{"line":308,"column":32},"end":{"line":308,"column":94}},"type":"binary-expr","locations":[{"start":{"line":308,"column":32},"end":{"line":308,"column":56}},{"start":{"line":308,"column":60},"end":{"line":308,"column":74}},{"start":{"line":308,"column":78},"end":{"line":308,"column":94}}],"line":308},"22":{"loc":{"start":{"line":310,"column":2},"end":{"line":312,"column":3}},"type":"if","locations":[{"start":{"line":310,"column":2},"end":{"line":312,"column":3}},{"start":{},"end":{}}],"line":310},"23":{"loc":{"start":{"line":322,"column":47},"end":{"line":322,"column":97}},"type":"binary-expr","locations":[{"start":{"line":322,"column":47},"end":{"line":322,"column":62}},{"start":{"line":322,"column":66},"end":{"line":322,"column":75}},{"start":{"line":322,"column":79},"end":{"line":322,"column":97}}],"line":322},"24":{"loc":{"start":{"line":331,"column":13},"end":{"line":349,"column":13}},"type":"cond-expr","locations":[{"start":{"line":332,"column":14},"end":{"line":346,"column":16}},{"start":{"line":348,"column":14},"end":{"line":348,"column":86}}],"line":331},"25":{"loc":{"start":{"line":336,"column":18},"end":{"line":343,"column":26}},"type":"cond-expr","locations":[{"start":{"line":337,"column":22},"end":{"line":342,"column":23}},{"start":{"line":343,"column":22},"end":{"line":343,"column":26}}],"line":336},"26":{"loc":{"start":{"line":353,"column":51},"end":{"line":353,"column":89}},"type":"binary-expr","locations":[{"start":{"line":353,"column":51},"end":{"line":353,"column":70}},{"start":{"line":353,"column":74},"end":{"line":353,"column":89}}],"line":353},"27":{"loc":{"start":{"line":354,"column":51},"end":{"line":354,"column":89}},"type":"binary-expr","locations":[{"start":{"line":354,"column":51},"end":{"line":354,"column":70}},{"start":{"line":354,"column":74},"end":{"line":354,"column":89}}],"line":354},"28":{"loc":{"start":{"line":357,"column":9},"end":{"line":357,"column":96}},"type":"cond-expr","locations":[{"start":{"line":357,"column":26},"end":{"line":357,"column":89}},{"start":{"line":357,"column":92},"end":{"line":357,"column":96}}],"line":357},"29":{"loc":{"start":{"line":358,"column":9},"end":{"line":358,"column":93}},"type":"cond-expr","locations":[{"start":{"line":358,"column":29},"end":{"line":358,"column":86}},{"start":{"line":358,"column":89},"end":{"line":358,"column":93}}],"line":358},"30":{"loc":{"start":{"line":367,"column":18},"end":{"line":370,"column":19}},"type":"if","locations":[{"start":{"line":367,"column":18},"end":{"line":370,"column":19}},{"start":{},"end":{}}],"line":367},"31":{"loc":{"start":{"line":376,"column":18},"end":{"line":376,"column":61}},"type":"cond-expr","locations":[{"start":{"line":376,"column":29},"end":{"line":376,"column":54}},{"start":{"line":376,"column":57},"end":{"line":376,"column":61}}],"line":376},"32":{"loc":{"start":{"line":377,"column":18},"end":{"line":377,"column":62}},"type":"cond-expr","locations":[{"start":{"line":377,"column":41},"end":{"line":377,"column":55}},{"start":{"line":377,"column":58},"end":{"line":377,"column":62}}],"line":377},"33":{"loc":{"start":{"line":377,"column":18},"end":{"line":377,"column":38}},"type":"binary-expr","locations":[{"start":{"line":377,"column":18},"end":{"line":377,"column":25}},{"start":{"line":377,"column":29},"end":{"line":377,"column":38}}],"line":377},"34":{"loc":{"start":{"line":390,"column":9},"end":{"line":418,"column":9}},"type":"cond-expr","locations":[{"start":{"line":391,"column":10},"end":{"line":415,"column":12}},{"start":{"line":417,"column":10},"end":{"line":417,"column":85}}],"line":390},"35":{"loc":{"start":{"line":394,"column":15},"end":{"line":413,"column":15}},"type":"cond-expr","locations":[{"start":{"line":395,"column":16},"end":{"line":410,"column":17}},{"start":{"line":412,"column":16},"end":{"line":412,"column":65}}],"line":394},"36":{"loc":{"start":{"line":395,"column":16},"end":{"line":410,"column":17}},"type":"cond-expr","locations":[{"start":{"line":396,"column":18},"end":{"line":407,"column":25}},{"start":{"line":409,"column":18},"end":{"line":409,"column":76}}],"line":395},"37":{"loc":{"start":{"line":419,"column":9},"end":{"line":419,"column":96}},"type":"cond-expr","locations":[{"start":{"line":419,"column":28},"end":{"line":419,"column":89}},{"start":{"line":419,"column":92},"end":{"line":419,"column":96}}],"line":419},"38":{"loc":{"start":{"line":420,"column":9},"end":{"line":420,"column":97}},"type":"cond-expr","locations":[{"start":{"line":420,"column":31},"end":{"line":420,"column":90}},{"start":{"line":420,"column":93},"end":{"line":420,"column":97}}],"line":420},"39":{"loc":{"start":{"line":426,"column":62},"end":{"line":426,"column":93}},"type":"cond-expr","locations":[{"start":{"line":426,"column":72},"end":{"line":426,"column":86}},{"start":{"line":426,"column":89},"end":{"line":426,"column":93}}],"line":426},"40":{"loc":{"start":{"line":436,"column":14},"end":{"line":436,"column":58}},"type":"cond-expr","locations":[{"start":{"line":436,"column":26},"end":{"line":436,"column":51}},{"start":{"line":436,"column":54},"end":{"line":436,"column":58}}],"line":436},"41":{"loc":{"start":{"line":437,"column":14},"end":{"line":437,"column":57}},"type":"cond-expr","locations":[{"start":{"line":437,"column":36},"end":{"line":437,"column":50}},{"start":{"line":437,"column":53},"end":{"line":437,"column":57}}],"line":437},"42":{"loc":{"start":{"line":437,"column":14},"end":{"line":437,"column":33}},"type":"binary-expr","locations":[{"start":{"line":437,"column":14},"end":{"line":437,"column":21}},{"start":{"line":437,"column":25},"end":{"line":437,"column":33}}],"line":437},"43":{"loc":{"start":{"line":452,"column":12},"end":{"line":452,"column":43}},"type":"cond-expr","locations":[{"start":{"line":452,"column":22},"end":{"line":452,"column":36}},{"start":{"line":452,"column":39},"end":{"line":452,"column":43}}],"line":452},"44":{"loc":{"start":{"line":464,"column":12},"end":{"line":464,"column":80}},"type":"cond-expr","locations":[{"start":{"line":464,"column":48},"end":{"line":464,"column":73}},{"start":{"line":464,"column":76},"end":{"line":464,"column":80}}],"line":464},"45":{"loc":{"start":{"line":465,"column":12},"end":{"line":465,"column":79}},"type":"cond-expr","locations":[{"start":{"line":465,"column":58},"end":{"line":465,"column":72}},{"start":{"line":465,"column":75},"end":{"line":465,"column":79}}],"line":465},"46":{"loc":{"start":{"line":465,"column":12},"end":{"line":465,"column":55}},"type":"binary-expr","locations":[{"start":{"line":465,"column":12},"end":{"line":465,"column":19}},{"start":{"line":465,"column":23},"end":{"line":465,"column":55}}],"line":465}},"s":{"0":0,"1":0,"2":0,"3":0,"4":0,"5":0,"6":0,"7":0,"8":0,"9":0,"10":0,"11":0,"12":0,"13":0,"14":0,"15":0,"16":0,"17":0,"18":0,"19":0,"20":0,"21":0,"22":0,"23":0,"24":0,"25":0,"26":0,"27":0,"28":0,"29":0,"30":0,"31":0,"32":0,"33":0,"34":0,"35":0,"36":0,"37":0,"38":0,"39":0,"40":0,"41":0,"42":0,"43":0,"44":0,"45":0,"46":0,"47":0,"48":0,"49":0,"50":0,"51":0,"52":0,"53":0,"54":0,"55":0,"56":0,"57":0,"58":0,"59":0,"60":0,"61":0,"62":0,"63":0,"64":0,"65":0,"66":0,"67":0,"68":0,"69":0,"70":0,"71":0,"72":0,"73":0,"74":0,"75":0,"76":0,"77":0,"78":0,"79":0,"80":0,"81":0,"82":0,"83":0,"84":0,"85":0,"86":0,"87":0,"88":0,"89":0,"90":0,"91":0,"92":0,"93":0,"94":0,"95":0,"96":0,"97":0,"98":0,"99":0,"100":0,"101":0,"102":0,"103":0,"104":0,"105":0,"106":0},"f":{"0":0,"1":0,"2":0,"3":0,"4":0,"5":0,"6":0,"7":0,"8":0,"9":0,"10":0,"11":0,"12":0,"13":0,"14":0,"15":0,"16":0,"17":0,"18":0,"19":0,"20":0,"21":0,"22":0,"23":0,"24":0,"25":0,"26":0,"27":0,"28":0,"29":0,"30":0,"31":0,"32":0,"33":0,"34":0,"35":0,"36":0,"37":0},"b":{"0":[0,0],"1":[0,0],"2":[0,0],"3":[0,0],"4":[0,0],"5":[0,0],"6":[0,0],"7":[0,0],"8":[0,0],"9":[0,0],"10":[0,0],"11":[0,0,0],"12":[0,0],"13":[0,0,0],"14":[0,0],"15":[0,0],"16":[0,0],"17":[0,0],"18":[0,0],"19":[0,0],"20":[0,0],"21":[0,0,0],"22":[0,0],"23":[0,0,0],"24":[0,0],"25":[0,0],"26":[0,0],"27":[0,0],"28":[0,0],"29":[0,0],"30":[0,0],"31":[0,0],"32":[0,0],"33":[0,0],"34":[0,0],"35":[0,0],"36":[0,0],"37":[0,0],"38":[0,0],"39":[0,0],"40":[0,0],"41":[0,0],"42":[0,0],"43":[0,0],"44":[0,0],"45":[0,0],"46":[0,0]}}
,"/Users/williamvelichko/Desktop/WorkRepositories/insureprobuildersapp/app/(tabs)/policies.tsx": {"path":"/Users/williamvelichko/Desktop/WorkRepositories/insureprobuildersapp/app/(tabs)/policies.tsx","statementMap":{"0":{"start":{"line":17,"column":31},"end":{"line":17,"column":69}},"1":{"start":{"line":20,"column":17},"end":{"line":20,"column":36}},"2":{"start":{"line":21,"column":46},"end":{"line":21,"column":74}},"3":{"start":{"line":22,"column":74},"end":{"line":22,"column":87}},"4":{"start":{"line":24,"column":27},"end":{"line":27,"column":32}},"5":{"start":{"line":25,"column":4},"end":{"line":25,"column":50}},"6":{"start":{"line":25,"column":34},"end":{"line":25,"column":50}},"7":{"start":{"line":26,"column":4},"end":{"line":26,"column":73}},"8":{"start":{"line":26,"column":39},"end":{"line":26,"column":71}},"9":{"start":{"line":29,"column":2},"end":{"line":35,"column":3}},"10":{"start":{"line":30,"column":4},"end":{"line":34,"column":6}},"11":{"start":{"line":37,"column":2},"end":{"line":51,"column":3}},"12":{"start":{"line":38,"column":4},"end":{"line":50,"column":6}},"13":{"start":{"line":46,"column":12},"end":{"line":46,"column":35}},"14":{"start":{"line":53,"column":2},"end":{"line":100,"column":4}},"15":{"start":{"line":62,"column":10},"end":{"line":73,"column":22}},"16":{"start":{"line":64,"column":27},"end":{"line":64,"column":52}},"17":{"start":{"line":79,"column":10},"end":{"line":88,"column":12}},"18":{"start":{"line":83,"column":14},"end":{"line":86,"column":16}},"19":{"start":{"line":96,"column":26},"end":{"line":96,"column":50}},"20":{"start":{"line":103,"column":15},"end":{"line":128,"column":2}}},"fnMap":{"0":{"name":"PoliciesScreen","decl":{"start":{"line":19,"column":24},"end":{"line":19,"column":38}},"loc":{"start":{"line":19,"column":41},"end":{"line":101,"column":1}},"line":19},"1":{"name":"(anonymous_1)","decl":{"start":{"line":24,"column":35},"end":{"line":24,"column":36}},"loc":{"start":{"line":24,"column":41},"end":{"line":27,"column":3}},"line":24},"2":{"name":"(anonymous_2)","decl":{"start":{"line":26,"column":27},"end":{"line":26,"column":28}},"loc":{"start":{"line":26,"column":39},"end":{"line":26,"column":71}},"line":26},"3":{"name":"(anonymous_3)","decl":{"start":{"line":45,"column":20},"end":{"line":45,"column":21}},"loc":{"start":{"line":45,"column":26},"end":{"line":47,"column":11}},"line":45},"4":{"name":"(anonymous_4)","decl":{"start":{"line":61,"column":21},"end":{"line":61,"column":22}},"loc":{"start":{"line":62,"column":10},"end":{"line":73,"column":22}},"line":62},"5":{"name":"(anonymous_5)","decl":{"start":{"line":64,"column":21},"end":{"line":64,"column":22}},"loc":{"start":{"line":64,"column":27},"end":{"line":64,"column":52}},"line":64},"6":{"name":"(anonymous_6)","decl":{"start":{"line":78,"column":29},"end":{"line":78,"column":30}},"loc":{"start":{"line":79,"column":10},"end":{"line":88,"column":12}},"line":79},"7":{"name":"(anonymous_7)","decl":{"start":{"line":82,"column":21},"end":{"line":82,"column":22}},"loc":{"start":{"line":83,"column":14},"end":{"line":86,"column":16}},"line":83},"8":{"name":"(anonymous_8)","decl":{"start":{"line":96,"column":20},"end":{"line":96,"column":21}},"loc":{"start":{"line":96,"column":26},"end":{"line":96,"column":50}},"line":96}},"branchMap":{"0":{"loc":{"start":{"line":25,"column":4},"end":{"line":25,"column":50}},"type":"if","locations":[{"start":{"line":25,"column":4},"end":{"line":25,"column":50}},{"start":{},"end":{}}],"line":25},"1":{"loc":{"start":{"line":29,"column":2},"end":{"line":35,"column":3}},"type":"if","locations":[{"start":{"line":29,"column":2},"end":{"line":35,"column":3}},{"start":{},"end":{}}],"line":29},"2":{"loc":{"start":{"line":37,"column":2},"end":{"line":51,"column":3}},"type":"if","locations":[{"start":{"line":37,"column":2},"end":{"line":51,"column":3}},{"start":{},"end":{}}],"line":37},"3":{"loc":{"start":{"line":65,"column":39},"end":{"line":65,"column":97}},"type":"cond-expr","locations":[{"start":{"line":65,"column":67},"end":{"line":65,"column":90}},{"start":{"line":65,"column":93},"end":{"line":65,"column":97}}],"line":65},"4":{"loc":{"start":{"line":69,"column":16},"end":{"line":69,"column":78}},"type":"cond-expr","locations":[{"start":{"line":69,"column":44},"end":{"line":69,"column":71}},{"start":{"line":69,"column":74},"end":{"line":69,"column":78}}],"line":69},"5":{"loc":{"start":{"line":77,"column":7},"end":{"line":98,"column":7}},"type":"cond-expr","locations":[{"start":{"line":78,"column":8},"end":{"line":89,"column":10}},{"start":{"line":91,"column":8},"end":{"line":97,"column":10}}],"line":77}},"s":{"0":1,"1":2,"2":2,"3":2,"4":2,"5":2,"6":1,"7":1,"8":2,"9":2,"10":0,"11":2,"12":0,"13":0,"14":2,"15":8,"16":1,"17":3,"18":1,"19":0,"20":1},"f":{"0":2,"1":2,"2":2,"3":0,"4":8,"5":1,"6":3,"7":1,"8":0},"b":{"0":[1,1],"1":[0,2],"2":[0,2],"3":[2,6],"4":[2,6],"5":[2,0]},"_coverageSchema":"1a1c01bbd47fc00a2c39e90264f33305004495a9","hash":"98ede06e900941c30d2501d324c6731fa543efee"}
,"/Users/williamvelichko/Desktop/WorkRepositories/insureprobuildersapp/app/(tabs)/profile.tsx": {"path":"/Users/williamvelichko/Desktop/WorkRepositories/insureprobuildersapp/app/(tabs)/profile.tsx","statementMap":{"0":{"start":{"line":24,"column":2},"end":{"line":37,"column":4}},"1":{"start":{"line":41,"column":17},"end":{"line":41,"column":36}},"2":{"start":{"line":42,"column":43},"end":{"line":42,"column":52}},"3":{"start":{"line":43,"column":40},"end":{"line":43,"column":54}},"4":{"start":{"line":44,"column":36},"end":{"line":44,"column":51}},"5":{"start":{"line":45,"column":36},"end":{"line":45,"column":50}},"6":{"start":{"line":47,"column":26},"end":{"line":52,"column":3}},"7":{"start":{"line":48,"column":4},"end":{"line":51,"column":7}},"8":{"start":{"line":54,"column":23},"end":{"line":56,"column":3}},"9":{"start":{"line":55,"column":4},"end":{"line":55,"column":20}},"10":{"start":{"line":58,"column":2},"end":{"line":101,"column":4}},"11":{"start":{"line":104,"column":15},"end":{"line":179,"column":2}}},"fnMap":{"0":{"name":"PreferenceRow","decl":{"start":{"line":13,"column":9},"end":{"line":13,"column":22}},"loc":{"start":{"line":23,"column":3},"end":{"line":38,"column":1}},"line":23},"1":{"name":"ProfileScreen","decl":{"start":{"line":40,"column":24},"end":{"line":40,"column":37}},"loc":{"start":{"line":40,"column":40},"end":{"line":102,"column":1}},"line":40},"2":{"name":"(anonymous_2)","decl":{"start":{"line":47,"column":26},"end":{"line":47,"column":27}},"loc":{"start":{"line":47,"column":32},"end":{"line":52,"column":3}},"line":47},"3":{"name":"(anonymous_3)","decl":{"start":{"line":54,"column":23},"end":{"line":54,"column":24}},"loc":{"start":{"line":54,"column":35},"end":{"line":56,"column":3}},"line":54}},"branchMap":{"0":{"loc":{"start":{"line":34,"column":20},"end":{"line":34,"column":60}},"type":"cond-expr","locations":[{"start":{"line":34,"column":28},"end":{"line":34,"column":48}},{"start":{"line":34,"column":51},"end":{"line":34,"column":60}}],"line":34},"1":{"loc":{"start":{"line":63,"column":36},"end":{"line":63,"column":86}},"type":"binary-expr","locations":[{"start":{"line":63,"column":36},"end":{"line":63,"column":51}},{"start":{"line":63,"column":55},"end":{"line":63,"column":64}},{"start":{"line":63,"column":68},"end":{"line":63,"column":86}}],"line":63}},"s":{"0":0,"1":0,"2":0,"3":0,"4":0,"5":0,"6":0,"7":0,"8":0,"9":0,"10":0,"11":0},"f":{"0":0,"1":0,"2":0,"3":0},"b":{"0":[0,0],"1":[0,0,0]}}
,"/Users/williamvelichko/Desktop/WorkRepositories/insureprobuildersapp/app/company/index.tsx": {"path":"/Users/williamvelichko/Desktop/WorkRepositories/insureprobuildersapp/app/company/index.tsx","statementMap":{"0":{"start":{"line":14,"column":4},"end":{"line":27,"column":1}},"1":{"start":{"line":45,"column":6},"end":{"line":45,"column":25}},"2":{"start":{"line":47,"column":19},"end":{"line":52,"column":3}},"3":{"start":{"line":48,"column":19},"end":{"line":48,"column":86}},"4":{"start":{"line":49,"column":4},"end":{"line":51,"column":5}},"5":{"start":{"line":50,"column":6},"end":{"line":50,"column":93}},"6":{"start":{"line":54,"column":2},"end":{"line":203,"column":4}},"7":{"start":{"line":61,"column":12},"end":{"line":83,"column":19}},"8":{"start":{"line":67,"column":40},"end":{"line":67,"column":72}},"9":{"start":{"line":68,"column":22},"end":{"line":74,"column":24}},"10":{"start":{"line":101,"column":12},"end":{"line":101,"column":28}},"11":{"start":{"line":104,"column":34},"end":{"line":108,"column":11}},"12":{"start":{"line":129,"column":14},"end":{"line":132,"column":21}},"13":{"start":{"line":143,"column":14},"end":{"line":145,"column":21}},"14":{"start":{"line":156,"column":14},"end":{"line":164,"column":21}},"15":{"start":{"line":159,"column":18},"end":{"line":162,"column":25}},"16":{"start":{"line":175,"column":14},"end":{"line":178,"column":21}},"17":{"start":{"line":189,"column":14},"end":{"line":197,"column":21}},"18":{"start":{"line":192,"column":18},"end":{"line":195,"column":25}},"19":{"start":{"line":206,"column":15},"end":{"line":296,"column":2}}},"fnMap":{"0":{"name":"CompanyDetailScreen","decl":{"start":{"line":29,"column":24},"end":{"line":29,"column":43}},"loc":{"start":{"line":29,"column":46},"end":{"line":204,"column":1}},"line":29},"1":{"name":"(anonymous_1)","decl":{"start":{"line":47,"column":19},"end":{"line":47,"column":20}},"loc":{"start":{"line":47,"column":31},"end":{"line":52,"column":3}},"line":47},"2":{"name":"(anonymous_2)","decl":{"start":{"line":60,"column":26},"end":{"line":60,"column":27}},"loc":{"start":{"line":61,"column":12},"end":{"line":83,"column":19}},"line":61},"3":{"name":"(anonymous_3)","decl":{"start":{"line":66,"column":37},"end":{"line":66,"column":38}},"loc":{"start":{"line":66,"column":47},"end":{"line":75,"column":21}},"line":66},"4":{"name":"(anonymous_4)","decl":{"start":{"line":100,"column":19},"end":{"line":100,"column":20}},"loc":{"start":{"line":100,"column":25},"end":{"line":102,"column":11}},"line":100},"5":{"name":"(anonymous_5)","decl":{"start":{"line":104,"column":17},"end":{"line":104,"column":18}},"loc":{"start":{"line":104,"column":34},"end":{"line":108,"column":11}},"line":104},"6":{"name":"(anonymous_6)","decl":{"start":{"line":128,"column":30},"end":{"line":128,"column":31}},"loc":{"start":{"line":129,"column":14},"end":{"line":132,"column":21}},"line":129},"7":{"name":"(anonymous_7)","decl":{"start":{"line":142,"column":33},"end":{"line":142,"column":34}},"loc":{"start":{"line":143,"column":14},"end":{"line":145,"column":21}},"line":143},"8":{"name":"(anonymous_8)","decl":{"start":{"line":155,"column":25},"end":{"line":155,"column":26}},"loc":{"start":{"line":156,"column":14},"end":{"line":164,"column":21}},"line":156},"9":{"name":"(anonymous_9)","decl":{"start":{"line":158,"column":31},"end":{"line":158,"column":32}},"loc":{"start":{"line":159,"column":18},"end":{"line":162,"column":25}},"line":159},"10":{"name":"(anonymous_10)","decl":{"start":{"line":174,"column":33},"end":{"line":174,"column":34}},"loc":{"start":{"line":175,"column":14},"end":{"line":178,"column":21}},"line":175},"11":{"name":"(anonymous_11)","decl":{"start":{"line":188,"column":27},"end":{"line":188,"column":28}},"loc":{"start":{"line":189,"column":14},"end":{"line":197,"column":21}},"line":189},"12":{"name":"(anonymous_12)","decl":{"start":{"line":191,"column":33},"end":{"line":191,"column":34}},"loc":{"start":{"line":192,"column":18},"end":{"line":195,"column":25}},"line":192}},"branchMap":{"0":{"loc":{"start":{"line":49,"column":4},"end":{"line":51,"column":5}},"type":"if","locations":[{"start":{"line":49,"column":4},"end":{"line":51,"column":5}},{"start":{},"end":{}}],"line":49},"1":{"loc":{"start":{"line":50,"column":40},"end":{"line":50,"column":91}},"type":"binary-expr","locations":[{"start":{"line":50,"column":40},"end":{"line":50,"column":54}},{"start":{"line":50,"column":58},"end":{"line":50,"column":91}}],"line":50},"2":{"loc":{"start":{"line":59,"column":9},"end":{"line":87,"column":9}},"type":"cond-expr","locations":[{"start":{"line":60,"column":10},"end":{"line":84,"column":12}},{"start":{"line":86,"column":10},"end":{"line":86,"column":83}}],"line":59},"3":{"loc":{"start":{"line":63,"column":15},"end":{"line":82,"column":15}},"type":"cond-expr","locations":[{"start":{"line":64,"column":16},"end":{"line":79,"column":17}},{"start":{"line":81,"column":16},"end":{"line":81,"column":65}}],"line":63},"4":{"loc":{"start":{"line":64,"column":16},"end":{"line":79,"column":17}},"type":"cond-expr","locations":[{"start":{"line":65,"column":18},"end":{"line":76,"column":25}},{"start":{"line":78,"column":18},"end":{"line":78,"column":76}}],"line":64},"5":{"loc":{"start":{"line":89,"column":9},"end":{"line":94,"column":16}},"type":"cond-expr","locations":[{"start":{"line":90,"column":10},"end":{"line":93,"column":17}},{"start":{"line":94,"column":12},"end":{"line":94,"column":16}}],"line":89},"6":{"loc":{"start":{"line":96,"column":9},"end":{"line":96,"column":94}},"type":"cond-expr","locations":[{"start":{"line":96,"column":28},"end":{"line":96,"column":87}},{"start":{"line":96,"column":90},"end":{"line":96,"column":94}}],"line":96},"7":{"loc":{"start":{"line":97,"column":9},"end":{"line":97,"column":95}},"type":"cond-expr","locations":[{"start":{"line":97,"column":31},"end":{"line":97,"column":88}},{"start":{"line":97,"column":91},"end":{"line":97,"column":95}}],"line":97},"8":{"loc":{"start":{"line":106,"column":12},"end":{"line":106,"column":46}},"type":"cond-expr","locations":[{"start":{"line":106,"column":24},"end":{"line":106,"column":39}},{"start":{"line":106,"column":42},"end":{"line":106,"column":46}}],"line":106},"9":{"loc":{"start":{"line":107,"column":12},"end":{"line":107,"column":55}},"type":"cond-expr","locations":[{"start":{"line":107,"column":34},"end":{"line":107,"column":48}},{"start":{"line":107,"column":51},"end":{"line":107,"column":55}}],"line":107},"10":{"loc":{"start":{"line":107,"column":12},"end":{"line":107,"column":31}},"type":"binary-expr","locations":[{"start":{"line":107,"column":12},"end":{"line":107,"column":19}},{"start":{"line":107,"column":23},"end":{"line":107,"column":31}}],"line":107},"11":{"loc":{"start":{"line":113,"column":7},"end":{"line":121,"column":14}},"type":"cond-expr","locations":[{"start":{"line":114,"column":8},"end":{"line":120,"column":15}},{"start":{"line":121,"column":10},"end":{"line":121,"column":14}}],"line":113},"12":{"loc":{"start":{"line":113,"column":7},"end":{"line":113,"column":45}},"type":"binary-expr","locations":[{"start":{"line":113,"column":7},"end":{"line":113,"column":24}},{"start":{"line":113,"column":28},"end":{"line":113,"column":45}}],"line":113},"13":{"loc":{"start":{"line":123,"column":7},"end":{"line":136,"column":14}},"type":"cond-expr","locations":[{"start":{"line":124,"column":8},"end":{"line":135,"column":11}},{"start":{"line":136,"column":10},"end":{"line":136,"column":14}}]
[...]
:{"line":96,"column":40}},"type":"if","locations":[{"start":{"line":96,"column":2},"end":{"line":96,"column":40}},{"start":{},"end":{}}],"line":96},"17":{"loc":{"start":{"line":103,"column":2},"end":{"line":105,"column":3}},"type":"if","locations":[{"start":{"line":103,"column":2},"end":{"line":105,"column":3}},{"start":{},"end":{}}],"line":103},"18":{"loc":{"start":{"line":107,"column":17},"end":{"line":107,"column":71}},"type":"cond-expr","locations":[{"start":{"line":107,"column":53},"end":{"line":107,"column":66}},{"start":{"line":107,"column":69},"end":{"line":107,"column":71}}],"line":107},"19":{"loc":{"start":{"line":108,"column":18},"end":{"line":108,"column":80}},"type":"binary-expr","locations":[{"start":{"line":108,"column":18},"end":{"line":108,"column":47}},{"start":{"line":108,"column":51},"end":{"line":108,"column":80}}],"line":108},"20":{"loc":{"start":{"line":110,"column":2},"end":{"line":112,"column":3}},"type":"if","locations":[{"start":{"line":110,"column":2},"end":{"line":112,"column":3}},{"start":{},"end":{}}],"line":110},"21":{"loc":{"start":{"line":128,"column":2},"end":{"line":130,"column":3}},"type":"if","locations":[{"start":{"line":128,"column":2},"end":{"line":130,"column":3}},{"start":{},"end":{}}],"line":128},"22":{"loc":{"start":{"line":135,"column":2},"end":{"line":137,"column":3}},"type":"if","locations":[{"start":{"line":135,"column":2},"end":{"line":137,"column":3}},{"start":{},"end":{}}],"line":135},"23":{"loc":{"start":{"line":136,"column":20},"end":{"line":136,"column":67}},"type":"binary-expr","locations":[{"start":{"line":136,"column":20},"end":{"line":136,"column":34}},{"start":{"line":136,"column":38},"end":{"line":136,"column":67}}],"line":136},"24":{"loc":{"start":{"line":144,"column":2},"end":{"line":146,"column":3}},"type":"if","locations":[{"start":{"line":144,"column":2},"end":{"line":146,"column":3}},{"start":{},"end":{}}],"line":144},"25":{"loc":{"start":{"line":162,"column":2},"end":{"line":164,"column":3}},"type":"if","locations":[{"start":{"line":162,"column":2},"end":{"line":164,"column":3}},{"start":{},"end":{}}],"line":162},"26":{"loc":{"start":{"line":162,"column":6},"end":{"line":162,"column":42}},"type":"binary-expr","locations":[{"start":{"line":162,"column":6},"end":{"line":162,"column":16}},{"start":{"line":162,"column":20},"end":{"line":162,"column":29}},{"start":{"line":162,"column":33},"end":{"line":162,"column":42}}],"line":162}},"s":{"0":1,"1":2,"2":27,"3":13,"4":14,"5":14,"6":2,"7":0,"8":2,"9":4,"10":0,"11":4,"12":2,"13":2,"14":1,"15":1,"16":2,"17":2,"18":0,"19":2,"20":2,"21":0,"22":2,"23":3,"24":2,"25":2,"26":2,"27":1,"28":1,"29":1,"30":0,"31":1,"32":1,"33":1,"34":0,"35":0,"36":0,"37":0,"38":0,"39":0,"40":0,"41":0,"42":0,"43":0,"44":0,"45":0,"46":0,"47":2,"48":2,"49":0,"50":2,"51":2,"52":2,"53":2,"54":0,"55":2,"56":2,"57":2,"58":2,"59":0,"60":2,"61":2,"62":2,"63":0,"64":2,"65":1,"66":1,"67":0,"68":1,"69":2,"70":2,"71":2,"72":2,"73":1,"74":1},"f":{"0":2,"1":27,"2":2,"3":4,"4":2,"5":2,"6":3,"7":2,"8":2,"9":2,"10":2,"11":1,"12":2},"b":{"0":[2,2,2],"1":[13,14],"2":[14,0],"3":[0,2],"4":[2,0],"5":[0,4],"6":[4,4,4],"7":[1,1],"8":[0,2],"9":[0,2],"10":[2,0],"11":[2,1],"12":[1,0],"13":[0,1],"14":[0,0],"15":[0,0],"16":[0,0],"17":[0,2],"18":[2,0],"19":[2,1],"20":[0,2],"21":[0,2],"22":[0,2],"23":[0,0],"24":[0,1],"25":[1,1],"26":[2,1,1]},"_coverageSchema":"1a1c01bbd47fc00a2c39e90264f33305004495a9","hash":"b9d5de08f477b531a8540641fe39492accde2fe7"}
,"/Users/williamvelichko/Desktop/WorkRepositories/insureprobuildersapp/services/portal-config.ts": {"path":"/Users/williamvelichko/Desktop/WorkRepositories/insureprobuildersapp/services/portal-config.ts","statementMap":{"0":{"start":{"line":20,"column":21},"end":{"line":20,"column":34}},"1":{"start":{"line":21,"column":2},"end":{"line":21,"column":40}},"2":{"start":{"line":25,"column":21},"end":{"line":25,"column":41}},"3":{"start":{"line":26,"column":2},"end":{"line":26,"column":31}},"4":{"start":{"line":26,"column":19},"end":{"line":26,"column":31}},"5":{"start":{"line":28,"column":2},"end":{"line":30,"column":3}},"6":{"start":{"line":29,"column":4},"end":{"line":29,"column":16}},"7":{"start":{"line":32,"column":2},"end":{"line":32,"column":20}},"8":{"start":{"line":36,"column":2},"end":{"line":52,"column":4}}},"fnMap":{"0":{"name":"normalizeText","decl":{"start":{"line":19,"column":9},"end":{"line":19,"column":22}},"loc":{"start":{"line":19,"column":50},"end":{"line":22,"column":1}},"line":19},"1":{"name":"normalizeHttpUrl","decl":{"start":{"line":24,"column":9},"end":{"line":24,"column":25}},"loc":{"start":{"line":24,"column":53},"end":{"line":33,"column":1}},"line":24},"2":{"name":"getPortalConfig","decl":{"start":{"line":35,"column":16},"end":{"line":35,"column":31}},"loc":{"start":{"line":35,"column":48},"end":{"line":53,"column":1}},"line":35}},"branchMap":{"0":{"loc":{"start":{"line":21,"column":9},"end":{"line":21,"column":39}},"type":"cond-expr","locations":[{"start":{"line":21,"column":22},"end":{"line":21,"column":32}},{"start":{"line":21,"column":35},"end":{"line":21,"column":39}}],"line":21},"1":{"loc":{"start":{"line":26,"column":2},"end":{"line":26,"column":31}},"type":"if","locations":[{"start":{"line":26,"column":2},"end":{"line":26,"column":31}},{"start":{},"end":{}}],"line":26},"2":{"loc":{"start":{"line":28,"column":2},"end":{"line":30,"column":3}},"type":"if","locations":[{"start":{"line":28,"column":2},"end":{"line":30,"column":3}},{"start":{},"end":{}}],"line":28},"3":{"loc":{"start":{"line":38,"column":12},"end":{"line":38,"column":81}},"type":"binary-expr","locations":[{"start":{"line":38,"column":12},"end":{"line":38,"column":61}},{"start":{"line":38,"column":65},"end":{"line":38,"column":81}}],"line":38}},"s":{"0":18,"1":18,"2":8,"3":8,"4":4,"5":4,"6":1,"7":3,"8":2},"f":{"0":18,"1":8,"2":2},"b":{"0":[9,9],"1":[4,4],"2":[1,3],"3":[2,1]},"_coverageSchema":"1a1c01bbd47fc00a2c39e90264f33305004495a9","hash":"85ec4c2ad63eaad7d55d016c326e7b10a1d47466"}
,"/Users/williamvelichko/Desktop/WorkRepositories/insureprobuildersapp/services/supabase.ts": {"path":"/Users/williamvelichko/Desktop/WorkRepositories/insureprobuildersapp/services/supabase.ts","statementMap":{"0":{"start":{"line":4,"column":36},"end":{"line":4,"column":40}},"1":{"start":{"line":7,"column":14},"end":{"line":7,"column":58}},"2":{"start":{"line":8,"column":18},"end":{"line":8,"column":67}},"3":{"start":{"line":10,"column":2},"end":{"line":12,"column":3}},"4":{"start":{"line":11,"column":4},"end":{"line":11,"column":110}},"5":{"start":{"line":14,"column":2},"end":{"line":14,"column":26}},"6":{"start":{"line":18,"column":2},"end":{"line":18,"column":28}},"7":{"start":{"line":18,"column":14},"end":{"line":18,"column":28}},"8":{"start":{"line":20,"column":27},"end":{"line":20,"column":44}},"9":{"start":{"line":22,"column":2},"end":{"line":29,"column":5}},"10":{"start":{"line":31,"column":2},"end":{"line":31,"column":16}}},"fnMap":{"0":{"name":"readSupabaseEnv","decl":{"start":{"line":6,"column":9},"end":{"line":6,"column":24}},"loc":{"start":{"line":6,"column":27},"end":{"line":15,"column":1}},"line":6},"1":{"name":"getSupabaseClient","decl":{"start":{"line":17,"column":16},"end":{"line":17,"column":33}},"loc":{"start":{"line":17,"column":36},"end":{"line":32,"column":1}},"line":17}},"branchMap":{"0":{"loc":{"start":{"line":10,"column":2},"end":{"line":12,"column":3}},"type":"if","locations":[{"start":{"line":10,"column":2},"end":{"line":12,"column":3}},{"start":{},"end":{}}],"line":10},"1":{"loc":{"start":{"line":10,"column":6},"end":{"line":10,"column":22}},"type":"binary-expr","locations":[{"start":{"line":10,"column":6},"end":{"line":10,"column":10}},{"start":{"line":10,"column":14},"end":{"line":10,"column":22}}],"line":10},"2":{"loc":{"start":{"line":18,"column":2},"end":{"line":18,"column":28}},"type":"if","locations":[{"start":{"line":18,"column":2},"end":{"line":18,"column":28}},{"start":{},"end":{}}],"line":18}},"s":{"0":0,"1":0,"2":0,"3":0,"4":0,"5":0,"6":0,"7":0,"8":0,"9":0,"10":0},"f":{"0":0,"1":0},"b":{"0":[0,0],"1":[0,0],"2":[0,0]}}
,"/Users/williamvelichko/Desktop/WorkRepositories/insureprobuildersapp/types/customer.ts": {"path":"/Users/williamvelichko/Desktop/WorkRepositories/insureprobuildersapp/types/customer.ts","statementMap":{},"fnMap":{},"branchMap":{},"s":{},"f":{},"b":{}}
,"/Users/williamvelichko/Desktop/WorkRepositories/insureprobuildersapp/types/policy-file.ts": {"path":"/Users/williamvelichko/Desktop/WorkRepositories/insureprobuildersapp/types/policy-file.ts","statementMap":{},"fnMap":{},"branchMap":{},"s":{},"f":{},"b":{}}
,"/Users/williamvelichko/Desktop/WorkRepositories/insureprobuildersapp/types/policy.ts": {"path":"/Users/williamvelichko/Desktop/WorkRepositories/insureprobuildersapp/types/policy.ts","statementMap":{},"fnMap":{},"branchMap":{},"s":{},"f":{},"b":{}}
,"/Users/williamvelichko/Desktop/WorkRepositories/insureprobuildersapp/utils/external-actions.ts": {"path":"/Users/williamvelichko/Desktop/WorkRepositories/insureprobuildersapp/utils/external-actions.ts","statementMap":{"0":{"start":{"line":10,"column":2},"end":{"line":10,"column":26}},"1":{"start":{"line":10,"column":14},"end":{"line":10,"column":26}},"2":{"start":{"line":11,"column":21},"end":{"line":11,"column":56}},"3":{"start":{"line":12,"column":2},"end":{"line":12,"column":40}},"4":{"start":{"line":16,"column":21},"end":{"line":16,"column":42}},"5":{"start":{"line":17,"column":2},"end":{"line":17,"column":31}},"6":{"start":{"line":17,"column":19},"end":{"line":17,"column":31}},"7":{"start":{"line":18,"column":2},"end":{"line":18,"column":29}},"8":{"start":{"line":22,"column":21},"end":{"line":22,"column":42}},"9":{"start":{"line":23,"column":2},"end":{"line":23,"column":31}},"10":{"start":{"line":23,"column":19},"end":{"line":23,"column":31}},"11":{"start":{"line":24,"column":2},"end":{"line":24,"column":29}},"12":{"start":{"line":28,"column":21},"end":{"line":28,"column":48}},"13":{"start":{"line":29,"column":2},"end":{"line":29,"column":31}},"14":{"start":{"line":29,"column":19},"end":{"line":29,"column":31}},"15":{"start":{"line":30,"column":2},"end":{"line":30,"column":32}},"16":{"start":{"line":37,"column":2},"end":{"line":42,"column":3}},"17":{"start":{"line":38,"column":4},"end":{"line":41,"column":6}},"18":{"start":{"line":45,"column":4},"end":{"line":45,"column":90}},"19":{"start":{"line":47,"column":2},"end":{"line":68,"column":3}},"20":{"start":{"line":48,"column":4},"end":{"line":51,"column":5}},"21":{"start":{"line":49,"column":6},"end":{"line":49,"column":36}},"22":{"start":{"line":50,"column":6},"end":{"line":50,"column":26}},"23":{"start":{"line":53,"column":20},"end":{"line":53,"column":52}},"24":{"start":{"line":54,"column":4},"end":{"line":59,"column":5}},"25":{"start":{"line":55,"column":6},"end":{"line":58,"column":8}},"26":{"start":{"line":61,"column":4},"end":{"line":61,"column":34}},"27":{"start":{"line":62,"column":4},"end":{"line":62,"column":24}},"28":{"start":{"line":64,"column":4},"end":{"line":67,"column":6}},"29":{"start":{"line":75,"column":2},"end":{"line":80,"column":3}},"30":{"start":{"line":76,"column":4},"end":{"line":79,"column":6}},"31":{"start":{"line":82,"column":23},"end":{"line":82,"column":51}},"32":{"start":{"line":83,"column":2},"end":{"line":85,"column":3}},"33":{"start":{"line":84,"column":4},"end":{"line":84,"column":56}},"34":{"start":{"line":87,"column":2},"end":{"line":95,"column":3}},"35":{"start":{"line":88,"column":4},"end":{"line":88,"column":46}},"36":{"start":{"line":89,"column":4},"end":{"line":89,"column":24}},"37":{"start":{"line":91,"column":4},"end":{"line":94,"column":6}}},"fnMap":{"0":{"name":"normalizePhone","decl":{"start":{"line":9,"column":9},"end":{"line":9,"column":23}},"loc":{"start":{"line":9,"column":58},"end":{"line":13,"column":1}},"line":9},"1":{"name":"buildPhoneLink","decl":{"start":{"line":15,"column":16},"end":{"line":15,"column":30}},"loc":{"start":{"line":15,"column":65},"end":{"line":19,"column":1}},"line":15},"2":{"name":"buildSmsLink","decl":{"start":{"line":21,"column":16},"end":{"line":21,"column":28}},"loc":{"start":{"line":21,"column":63},"end":{"line":25,"column":1}},"line":21},"3":{"name":"buildEmailLink","decl":{"start":{"line":27,"column":16},"end":{"line":27,"column":30}},"loc":{"start":{"line":27,"column":65},"end":{"line":31,"column":1}},"line":27},"4":{"name":"openExternalLink","decl":{"start":{"line":33,"column":22},"end":{"line":33,"column":38}},"loc":{"start":{"line":36,"column":31},"end":{"line":69,"column":1}},"line":36},"5":{"name":"openInAppBrowser","decl":{"start":{"line":71,"column":22},"end":{"line":71,"column":38}},"loc":{"start":{"line":74,"column":31},"end":{"line":96,"column":1}},"line":74}},"branchMap":{"0":{"loc":{"start":{"line":10,"column":2},"end":{"line":10,"column":26}},"type":"if","locations":[{"start":{"line":10,"column":2},"end":{"line":10,"column":26}},{"start":{},"end":{}}],"line":10},"1":{"loc":{"start":{"line":12,"column":9},"end":{"line":12,"column":39}},"type":"cond-expr","locations":[{"start":{"line":12,"column":22},"end":{"line":12,"column":32}},{"start":{"line":12,"column":35},"end":{"line":12,"column":39}}],"line":12},"2":{"loc":{"start":{"line":17,"column":2},"end":{"line":17,"column":31}},"type":"if","locations":[{"start":{"line":17,"column":2},"end":{"line":17,"column":31}},{"start":{},"end":{}}],"line":17},"3":{"loc":{"start":{"line":23,"column":2},"end":{"line":23,"column":31}},"type":"if","locations":[{"start":{"line":23,"column":2},"end":{"line":23,"column":31}},{"start":{},"end":{}}],"line":23},"4":{"loc":{"start":{"line":29,"column":2},"end":{"line":29,"column":31}},"type":"if","locations":[{"start":{"line":29,"column":2},"end":{"line":29,"column":31}},{"start":{},"end":{}}],"line":29},"5":{"loc":{"start":{"line":35,"column":2},"end":{"line":35,"column":59}},"type":"default-arg","locations":[{"start":{"line":35,"column":23},"end":{"line":35,"column":59}}],"line":35},"6":{"loc":{"start":{"line":37,"column":2},"end":{"line":42,"column":3}},"type":"if","locations":[{"start":{"line":37,"column":2},"end":{"line":42,"column":3}},{"start":{},"end":{}}],"line":37},"7":{"loc":{"start":{"line":45,"column":4},"end":{"line":45,"column":90}},"type":"binary-expr","locations":[{"start":{"line":45,"column":4},"end":{"line":45,"column":29}},{"start":{"line":45,"column":33},"end":{"line":45,"column":58}},{"start":{"line":45,"column":62},"end":{"line":45,"column":90}}],"line":45},"8":{"loc":{"start":{"line":48,"column":4},"end":{"line":51,"column":5}},"type":"if","locations":[{"start":{"line":48,"column":4},"end":{"line":51,"column":5}},{"start":{},"end":{}}],"line":48},"9":{"loc":{"start":{"line":54,"column":4},"end":{"line":59,"column":5}},"type":"if","locations":[{"start":{"line":54,"column":4},"end":{"line":59,"column":5}},{"start":{},"end":{}}],"line":54},"10":{"loc":{"start":{"line":73,"column":2},"end":{"line":73,"column":59}},"type":"default-arg","locations":[{"start":{"line":73,"column":23},"end":{"line":73,"column":59}}],"line":73},"11":{"loc":{"start":{"line":75,"column":2},"end":{"line":80,"column":3}},"type":"if","locations":[{"start":{"line":75,"column":2},"end":{"line":80,"column":3}},{"start":{},"end":{}}],"line":75},"12":{"loc":{"start":{"line":83,"column":2},"end":{"line":85,"column":3}},"type":"if","locations":[{"start":{"line":83,"column":2},"end":{"line":85,"column":3}},{"start":{},"end":{}}],"line":83}},"s":{"0":0,"1":0,"2":0,"3":0,"4":0,"5":0,"6":0,"7":0,"8":0,"9":0,"10":0,"11":0,"12":0,"13":0,"14":0,"15":0,"16":0,"17":0,"18":0,"19":0,"20":0,"21":0,"22":0,"23":0,"24":0,"25":0,"26":0,"27":0,"28":0,"29":0,"30":0,"31":0,"32":0,"33":0,"34":0,"35":0,"36":0,"37":0},"f":{"0":0,"1":0,"2":0,"3":0,"4":0,"5":0},"b":{"0":[0,0],"1":[0,0],"2":[0,0],"3":[0,0],"4":[0,0],"5":[0],"6":[0,0],"7":[0,0,0],"8":[0,0],"9":[0,0],"10":[0],"11":[0,0],"12":[0,0]}}
,"/Users/williamvelichko/Desktop/WorkRepositories/insureprobuildersapp/utils/format.ts": {"path":"/Users/williamvelichko/Desktop/WorkRepositories/insureprobuildersapp/utils/format.ts","statementMap":{"0":{"start":{"line":2,"column":2},"end":{"line":6,"column":20}},"1":{"start":{"line":10,"column":2},"end":{"line":14,"column":28}},"2":{"start":{"line":18,"column":2},"end":{"line":18,"column":36}},"3":{"start":{"line":18,"column":14},"end":{"line":18,"column":36}},"4":{"start":{"line":19,"column":15},"end":{"line":19,"column":30}},"5":{"start":{"line":20,"column":2},"end":{"line":20,"column":58}},"6":{"start":{"line":20,"column":36},"end":{"line":20,"column":58}},"7":{"start":{"line":22,"column":2},"end":{"line":28,"column":18}},"8":{"start":{"line":32,"column":2},"end":{"line":32,"column":30}},"9":{"start":{"line":32,"column":14},"end":{"line":32,"column":30}},"10":{"start":{"line":33,"column":16},"end":{"line":33,"column":47}},"11":{"start":{"line":34,"column":2},"end":{"line":34,"column":56}},"12":{"start":{"line":44,"column":19},"end":{"line":44,"column":45}},"13":{"start":{"line":45,"column":2},"end":{"line":45,"column":32}},"14":{"start":{"line":45,"column":16},"end":{"line":45,"column":32}},"15":{"start":{"line":47,"column":16},"end":{"line":47,"column":43}},"16":{"start":{"line":48,"column":15},"end":{"line":48,"column":41}},"17":{"start":{"line":49,"column":19},"end":{"line":49,"column":58}},"18":{"start":{"line":50,"column":2},"end":{"line":50,"column":32}},"19":{"start":{"line":50,"column":16},"end":{"line":50,"column":32}},"20":{"start":{"line":52,"column":2},"end":{"line":52,"column":41}}},"fnMap":{"0":{"name":"formatCurrency","decl":{"start":{"line":1,"column":16},"end":{"line":1,"column":30}},"loc":{"start":{"line":1,"column":47},"end":{"line":7,"column":1}},"line":1},"1":{"name":"formatDate","decl":{"start":{"line":9,"column":16},"end":{"line":9,"column":26}},"loc":{"start":{"line":9,"column":41},"end":{"line":15,"column":1}},"line":9},"2":{"name":"formatIsoDateTime","decl":{"start":{"line":17,"column":16},"end":{"line":17,"column":33}},"loc":{"start":{"line":17,"column":68},"end":{"line":29,"column":1}},"line":17},"3":{"name":"getNameFromEmail","decl":{"start":{"line":31,"column":16},"end":{"line":31,"column":32}},"loc":{"start":{"line":31,"column":55},"end":{"line":35,"column":1}},"line":31},"4":{"name":"getNameFromCustomer","decl":{"start":{"line":43,"column":16},"end":{"line":43,"column":35}},"loc":{"start":{"line":43,"column":103},"end":{"line":53,"column":1}},"line":43}},"branchMap":{"0":{"loc":{"start":{"line":18,"column":2},"end":{"line":18,"column":36}},"type":"if","locations":[{"start":{"line":18,"column":2},"end":{"line":18,"column":36}},{"start":{},"end":{}}],"line":18},"1":{"loc":{"start":{"line":20,"column":2},"end":{"line":20,"column":58}},"type":"if","locations":[{"start":{"line":20,"column":2},"end":{"line":20,"column":58}},{"start":{},"end":{}}],"line":20},"2":{"loc":{"start":{"line":32,"column":2},"end":{"line":32,"column":30}},"type":"if","locations":[{"start":{"line":32,"column":2},"end":{"line":32,"column":30}},{"start":{},"end":{}}],"line":32},"3":{"loc":{"start":{"line":33,"column":16},"end":{"line":33,"column":47}},"type":"binary-expr","locations":[{"start":{"line":33,"column":16},"end":{"line":33,"column":35}},{"start":{"line":33,"column":39},"end":{"line":33,"column":47}}],"line":33},"4":{"loc":{"start":{"line":45,"column":2},"end":{"line":45,"column":32}},"type":"if","locations":[{"start":{"line":45,"column":2},"end":{"line":45,"column":32}},{"start":{},"end":{}}],"line":45},"5":{"loc":{"start":{"line":50,"column":2},"end":{"line":50,"column":32}},"type":"if","locations":[{"start":{"line":50,"column":2},"end":{"line":50,"column":32}},{"start":{},"end":{}}],"line":50}},"s":{"0":3,"1":3,"2":3,"3":0,"4":3,"5":3,"6":0,"7":3,"8":0,"9":0,"10":0,"11":0,"12":0,"13":0,"14":0,"15":0,"16":0,"17":0,"18":0,"19":0,"20":0},"f":{"0":3,"1":3,"2":3,"3":0,"4":0},"b":{"0":[0,3],"1":[0,3],"2":[0,0],"3":[0,0],"4":[0,0],"5":[0,0]},"_coverageSchema":"1a1c01bbd47fc00a2c39e90264f33305004495a9","hash":"4aa492666caab57efe9a6280ff564dd86beeb15e"}
}
