TN:
SF:app/_layout.tsx
FN:14,RootLayout
FN:15,(anonymous_1)
FNF:2
FNH:0
FNDA:0,RootLayout
FNDA:0,(anonymous_1)
DA:15,0
DA:16,0
DA:17,0
DA:20,0
LF:4
LH:0
BRF:0
BRH:0
end_of_record
TN:
SF:app/index.tsx
FN:18,LandingScreen
FN:21,(anonymous_1)
FN:55,(anonymous_2)
FN:68,(anonymous_3)
FN:74,(anonymous_4)
FNF:5
FNH:0
FNDA:0,LandingScreen
FNDA:0,(anonymous_1)
FNDA:0,(anonymous_2)
FNDA:0,(anonymous_3)
FNDA:0,(anonymous_4)
DA:12,0
DA:19,0
DA:21,0
DA:22,0
DA:23,0
DA:27,0
DA:28,0
DA:35,0
DA:56,0
DA:68,0
DA:74,0
DA:83,0
LF:12
LH:0
BRDA:22,0,0,0
BRDA:22,0,1,0
BRDA:22,1,0,0
BRDA:22,1,1,0
BRDA:27,2,0,0
BRDA:27,2,1,0
BRDA:68,3,0,0
BRDA:68,3,1,0
BRDA:70,4,0,0
BRDA:70,4,1,0
BRF:10
BRH:0
end_of_record
TN:
SF:app/(auth)/_layout.tsx
FN:7,AuthLayout
FNF:1
FNH:0
FNDA:0,AuthLayout
DA:8,0
DA:10,0
DA:11,0
DA:18,0
DA:19,0
DA:22,0
LF:6
LH:0
BRDA:10,0,0,0
BRDA:10,0,1,0
BRDA:18,1,0,0
BRDA:18,1,1,0
BRF:4
BRH:0
end_of_record
TN:
SF:app/(auth)/login.tsx
FN:15,isEmailValid
FN:19,isPhoneValid
FN:43,getAuthModeFromParam
FN:48,LoginScreen
FN:59,(anonymous_4)
FN:63,(anonymous_5)
FN:65,(anonymous_6)
FN:110,(anonymous_7)
FN:111,(anonymous_8)
FN:113,(anonymous_9)
FN:121,(anonymous_10)
FN:161,(anonymous_11)
FN:170,(anonymous_12)
FN:193,(anonymous_13)
FN:201,(anonymous_14)
FN:248,(anonymous_15)
FN:259,(anonymous_16)
FN:270,(anonymous_17)
FN:281,(anonymous_18)
FN:293,(anonymous_19)
FNF:20
FNH:6
FNDA:3,isEmailValid
FNDA:0,isPhoneValid
FNDA:15,getAuthModeFromParam
FNDA:12,LoginScreen
FNDA:3,(anonymous_4)
FNDA:3,(anonymous_5)
FNDA:3,(anonymous_6)
FNDA:0,(anonymous_7)
FNDA:0,(anonymous_8)
FNDA:0,(anonymous_9)
FNDA:0,(anonymous_10)
FNDA:0,(anonymous_11)
FNDA:0,(anonymous_12)
FNDA:0,(anonymous_13)
FNDA:0,(anonymous_14)
FNDA:0,(anonymous_15)
FNDA:0,(anonymous_16)
FNDA:0,(anonymous_17)
FNDA:0,(anonymous_18)
FNDA:0,(anonymous_19)
DA:16,3
DA:20,0
DA:35,1
DA:44,15
DA:45,15
DA:49,12
DA:50,12
DA:51,12
DA:52,12
DA:53,12
DA:54,12
DA:55,12
DA:56,12
DA:57,12
DA:59,12
DA:60,3
DA:63,12
DA:65,12
DA:66,3
DA:68,3
DA:69,0
DA:70,0
DA:73,3
DA:75,3
DA:76,3
DA:78,3
DA:79,3
DA:81,3
DA:82,1
DA:83,1
DA:86,2
DA:88,1
DA:89,1
DA:90,1
DA:92,1
DA:93,1
DA:94,1
DA:95,1
DA:96,1
DA:99,0
DA:106,3
DA:110,12
DA:111,0
DA:112,0
DA:113,0
DA:114,0
DA:115,0
DA:116,0
DA:117,0
DA:121,12
DA:122,0
DA:130,0
DA:132,0
DA:133,0
DA:135,0
DA:136,0
DA:138,0
DA:139,0
DA:141,0
DA:142,0
DA:144,0
DA:145,0
DA:146,0
DA:147,0
DA:150,0
DA:152,0
DA:153,0
DA:154,0
DA:157,0
DA:158,0
DA:161,12
DA:162,0
DA:163,0
DA:164,0
DA:165,0
DA:167,0
DA:170,12
DA:171,0
DA:172,0
DA:173,0
DA:175,0
DA:178,12
DA:193,0
DA:201,0
DA:248,0
DA:259,0
DA:270,0
DA:281,0
DA:293,0
DA:314,1
LF:90
LH:43
BRDA:44,0,0,0
BRDA:44,0,1,15
BRDA:45,1,0,0
BRDA:45,1,1,15
BRDA:68,2,0,0
BRDA:68,2,1,3
BRDA:73,3,0,0
BRDA:73,3,1,3
BRDA:81,4,0,1
BRDA:81,4,1,2
BRDA:92,5,0,1
BRDA:92,5,1,0
BRDA:114,6,0,0
BRDA:114,6,1,0
BRDA:132,7,0,0
BRDA:132,7,1,0
BRDA:135,8,0,0
BRDA:135,8,1,0
BRDA:138,9,0,0
BRDA:138,9,1,0
BRDA:141,10,0,0
BRDA:141,10,1,0
BRDA:144,11,0,0
BRDA:144,11,1,0
BRDA:146,12,0,0
BRDA:146,12,1,0
BRDA:152,13,0,0
BRDA:152,13,1,0
BRDA:163,14,0,0
BRDA:163,14,1,0
BRDA:171,15,0,0
BRDA:171,15,1,0
BRDA:194,16,0,12
BRDA:194,16,1,0
BRDA:195,17,0,12
BRDA:195,17,1,0
BRDA:202,18,0,0
BRDA:202,18,1,12
BRDA:203,19,0,0
BRDA:203,19,1,12
BRDA:209,20,0,12
BRDA:209,20,1,0
BRDA:303,21,0,0
BRDA:303,21,1,0
BRDA:304,22,0,0
BRDA:304,22,1,0
BRDA:304,23,0,0
BRDA:304,23,1,0
BRF:48
BRH:12
end_of_record
TN:
SF:app/(auth)/verify.tsx
FN:22,maskEmail
FN:31,VerifyScreen
FN:40,(anonymous_2)
FN:44,(anonymous_3)
FN:50,(anonymous_4)
FN:52,(anonymous_5)
FN:52,(anonymous_6)
FN:53,(anonymous_7)
FN:56,(anonymous_8)
FN:58,(anonymous_9)
FN:59,(anonymous_10)
FN:62,(anonymous_11)
FN:94,(anonymous_12)
FN:135,(anonymous_13)
FNF:14
FNH:10
FNDA:3,maskEmail
FNDA:7,VerifyScreen
FNDA:3,(anonymous_2)
FNDA:3,(anonymous_3)
FNDA:4,(anonymous_4)
FNDA:0,(anonymous_5)
FNDA:0,(anonymous_6)
FNDA:1,(anonymous_7)
FNDA:3,(anonymous_8)
FNDA:1,(anonymous_9)
FNDA:1,(anonymous_10)
FNDA:1,(anonymous_11)
FNDA:0,(anonymous_12)
FNDA:0,(anonymous_13)
DA:23,3
DA:24,3
DA:25,2
DA:26,2
DA:27,2
DA:28,2
DA:32,7
DA:33,7
DA:34,7
DA:35,7
DA:36,7
DA:37,7
DA:38,7
DA:40,7
DA:41,3
DA:44,7
DA:45,3
DA:46,1
DA:47,1
DA:50,7
DA:51,4
DA:52,1
DA:53,1
DA:56,7
DA:58,7
DA:59,1
DA:62,7
DA:63,1
DA:64,1
DA:66,1
DA:67,1
DA:68,1
DA:70,1
DA:71,1
DA:73,1
DA:74,1
DA:75,1
DA:76,1
DA:77,1
DA:78,1
DA:82,0
DA:85,1
DA:86,1
DA:88,0
DA:90,1
DA:94,7
DA:95,0
DA:97,0
DA:98,0
DA:99,0
DA:100,0
DA:101,0
DA:103,0
DA:104,0
DA:105,0
DA:106,0
DA:108,0
DA:112,7
DA:135,0
DA:155,1
LF:60
LH:46
BRDA:24,0,0,1
BRDA:24,0,1,2
BRDA:24,1,0,3
BRDA:24,1,1,2
BRDA:41,2,0,1
BRDA:41,2,1,2
BRDA:45,3,0,2
BRDA:45,3,1,1
BRDA:51,4,0,3
BRDA:51,4,1,1
BRDA:59,5,0,1
BRDA:59,5,1,0
BRDA:63,6,0,0
BRDA:63,6,1,1
BRDA:63,7,0,1
BRDA:63,7,1,1
BRDA:64,8,0,0
BRDA:64,8,1,1
BRDA:75,9,0,1
BRDA:75,9,1,0
BRDA:95,10,0,0
BRDA:95,10,1,0
BRDA:95,11,0,0
BRDA:95,11,1,0
BRDA:103,12,0,0
BRDA:103,12,1,0
BRDA:121,13,0,7
BRDA:121,13,1,1
BRDA:131,14,0,1
BRDA:131,14,1,6
BRDA:132,15,0,1
BRDA:132,15,1,6
BRDA:147,16,0,1
BRDA:147,16,1,6
BRDA:148,17,0,0
BRDA:148,17,1,7
BRF:36
BRH:25
end_of_record
TN:
SF:app/(tabs)/_layout.tsx
FN:10,TabLayout
FN:38,(anonymous_1)
FN:45,(anonymous_2)
FN:52,(anonymous_3)
FNF:4
FNH:0
FNDA:0,TabLayout
FNDA:0,(anonymous_1)
FNDA:0,(anonymous_2)
FNDA:0,(anonymous_3)
DA:11,0
DA:13,0
DA:14,0
DA:21,0
DA:22,0
DA:25,0
DA:38,0
DA:45,0
DA:52,0
DA:59,0
LF:10
LH:0
BRDA:13,0,0,0
BRDA:13,0,1,0
BRDA:21,1,0,0
BRDA:21,1,1,0
BRF:4
BRH:0
end_of_record
TN:
SF:app/(tabs)/index.tsx
FN:67,getInitials
FN:74,(anonymous_1)
FN:77,normalizeText
FN:82,toAvatarKey
FN:86,DashboardSkeleton
FN:111,(anonymous_5)
FN:123,(anonymous_6)
FN:144,DashboardScreen
FN:147,(anonymous_8)
FN:155,(anonymous_9)
FN:161,(anonymous_10)
FN:164,(anonymous_11)
FN:196,(anonymous_12)
FN:201,(anonymous_13)
FN:202,(anonymous_14)
FN:206,(anonymous_15)
FN:211,(anonymous_16)
FN:213,(anonymous_17)
FN:240,(anonymous_18)
FN:244,(anonymous_19)
FN:248,(anonymous_20)
FN:253,(anonymous_21)
FN:295,(anonymous_22)
FN:301,(anonymous_23)
FN:307,(anonymous_24)
FN:361,(anonymous_25)
FN:366,(anonymous_26)
FN:374,(anonymous_27)
FN:391,(anonymous_28)
FN:397,(anonymous_29)
FN:423,(anonymous_30)
FN:426,(anonymous_31)
FN:430,(anonymous_32)
FN:434,(anonymous_33)
FN:447,(anonymous_34)
FN:450,(anonymous_35)
FN:458,(anonymous_36)
FN:462,(anonymous_37)
FNF:38
FNH:0
FNDA:0,getInitials
FNDA:0,(anonymous_1)
FNDA:0,normalizeText
FNDA:0,toAvatarKey
FNDA:0,DashboardSkeleton
FNDA:0,(anonymous_5)
FNDA:0,(anonymous_6)
FNDA:0,DashboardScreen
FNDA:0,(anonymous_8)
FNDA:0,(anonymous_9)
FNDA:0,(anonymous_10)
FNDA:0,(anonymous_11)
FNDA:0,(anonymous_12)
FNDA:0,(anonymous_13)
FNDA:0,(anonymous_14)
FNDA:0,(anonymous_15)
FNDA:0,(anonymous_16)
FNDA:0,(anonymous_17)
FNDA:0,(anonymous_18)
FNDA:0,(anonymous_19)
FNDA:0,(anonymous_20)
FNDA:0,(anonymous_21)
FNDA:0,(anonymous_22)
FNDA:0,(anonymous_23)
FNDA:0,(anonymous_24)
FNDA:0,(anonymous_25)
FNDA:0,(anonymous_26)
FNDA:0,(anonymous_27)
FNDA:0,(anonymous_28)
FNDA:0,(anonymous_29)
FNDA:0,(anonymous_30)
FNDA:0,(anonymous_31)
FNDA:0,(anonymous_32)
FNDA:0,(anonymous_33)
FNDA:0,(anonymous_34)
FNDA:0,(anonymous_35)
FNDA:0,(anonymous_36)
FNDA:0,(anonymous_37)
DA:25,0
DA:32,0
DA:43,0
DA:47,0
DA:52,0
DA:68,0
DA:73,0
DA:74,0
DA:78,0
DA:79,0
DA:83,0
DA:87,0
DA:112,0
DA:124,0
DA:145,0
DA:146,0
DA:147,0
DA:148,0
DA:149,0
DA:150,0
DA:151,0
DA:153,0
DA:155,0
DA:156,0
DA:157,0
DA:158,0
DA:161,0
DA:162,0
DA:164,0
DA:165,0
DA:166,0
DA:167,0
DA:168,0
DA:169,0
DA:172,0
DA:173,0
DA:174,0
DA:175,0
DA:176,0
DA:178,0
DA:179,0
DA:180,0
DA:181,0
DA:184,0
DA:185,0
DA:186,0
DA:188,0
DA:189,0
DA:194,0
DA:196,0
DA:197,0
DA:201,0
DA:202,0
DA:203,0
DA:206,0
DA:207,0
DA:211,0
DA:212,0
DA:213,0
DA:216,0
DA:239,0
DA:240,0
DA:243,0
DA:244,0
DA:247,0
DA:248,0
DA:252,0
DA:253,0
DA:295,0
DA:296,0
DA:297,0
DA:298,0
DA:301,0
DA:302,0
DA:303,0
DA:304,0
DA:307,0
DA:308,0
DA:310,0
DA:311,0
DA:314,0
DA:362,0
DA:363,0
DA:367,0
DA:368,0
DA:369,0
DA:371,0
DA:374,0
DA:392,0
DA:398,0
DA:399,0
DA:424,0
DA:426,0
DA:431,0
DA:434,0
DA:448,0
DA:450,0
DA:459,0
DA:462,0
DA:474,0
LF:100
LH:0
BRDA:73,0,0,0
BRDA:73,0,1,0
BRDA:79,1,0,0
BRDA:79,1,1,0
BRDA:157,2,0,0
BRDA:157,2,1,0
BRDA:158,3,0,0
BRDA:158,3,1,0
BRDA:165,4,0,0
BRDA:165,4,1,0
BRDA:176,5,0,0
BRDA:176,5,1,0
BRDA:178,6,0,0
BRDA:178,6,1,0
BRDA:180,7,0,0
BRDA:180,7,1,0
BRDA:184,8,0,0
BRDA:184,8,1,0
BRDA:188,9,0,0
BRDA:188,9,1,0
BRDA:217,10,0,0
BRDA:217,10,1,0
BRDA:219,11,0,0
BRDA:219,11,1,0
BRDA:219,11,2,0
BRDA:222,12,0,0
BRDA:222,12,1,0
BRDA:224,13,0,0
BRDA:224,13,1,0
BRDA:224,13,2,0
BRDA:240,14,0,0
BRDA:240,14,1,0
BRDA:244,15,0,0
BRDA:244,15,1,0
BRDA:248,16,0,0
BRDA:248,16,1,0
BRDA:297,17,0,0
BRDA:297,17,1,0
BRDA:298,18,0,0
BRDA:298,18,1,0
BRDA:303,19,0,0
BRDA:303,19,1,0
BRDA:304,20,0,0
BRDA:304,20,1,0
BRDA:308,21,0,0
BRDA:308,21,1,0
BRDA:308,21,2,0
BRDA:310,22,0,0
BRDA:310,22,1,0
BRDA:322,23,0,0
BRDA:322,23,1,0
BRDA:322,23,2,0
BRDA:331,24,0,0
BRDA:331,24,1,0
BRDA:336,25,0,0
BRDA:336,25,1,0
BRDA:353,26,0,0
BRDA:353,26,1,0
BRDA:354,27,0,0
BRDA:354,27,1,0
BRDA:357,28,0,0
BRDA:357,28,1,0
BRDA:358,29,0,0
BRDA:358,29,1,0
BRDA:367,30,0,0
BRDA:367,30,1,0
BRDA:376,31,0,0
BRDA:376,31,1,0
BRDA:377,32,0,0
BRDA:377,32,1,0
BRDA:377,33,0,0
BRDA:377,33,1,0
BRDA:390,34,0,0
BRDA:390,34,1,0
BRDA:394,35,0,0
BRDA:394,35,1,0
BRDA:395,36,0,0
BRDA:395,36,1,0
BRDA:419,37,0,0
BRDA:419,37,1,0
BRDA:420,38,0,0
BRDA:420,38,1,0
BRDA:426,39,0,0
BRDA:426,39,1,0
BRDA:436,40,0,0
BRDA:436,40,1,0
BRDA:437,41,0,0
BRDA:437,41,1,0
BRDA:437,42,0,0
BRDA:437,42,1,0
BRDA:452,43,0,0
BRDA:452,43,1,0
BRDA:464,44,0,0
BRDA:464,44,1,0
BRDA:465,45,0,0
BRDA:465,45,1,0
BRDA:465,46,0,0
BRDA:465,46,1,0
BRF:98
BRH:0
end_of_record
TN:
SF:app/(tabs)/policies.tsx
FN:19,PoliciesScreen
FN:24,(anonymous_1)
FN:26,(anonymous_2)
FN:45,(anonymous_3)
FN:61,(anonymous_4)
FN:64,(anonymous_5)
FN:78,(anonymous_6)
FN:82,(anonymous_7)
FN:96,(anonymous_8)
FNF:9
FNH:7
FNDA:2,PoliciesScreen
FNDA:2,(anonymous_1)
FNDA:2,(anonymous_2)
FNDA:0,(anonymous_3)
FNDA:8,(anonymous_4)
FNDA:1,(anonymous_5)
FNDA:3,(anonymous_6)
FNDA:1,(anonymous_7)
FNDA:0,(anonymous_8)
DA:17,1
DA:20,2
DA:21,2
DA:22,2
DA:24,2
DA:25,2
DA:26,2
DA:29,2
DA:30,0
DA:37,2
DA:38,0
DA:46,0
DA:53,2
DA:62,8
DA:64,1
DA:79,3
DA:83,1
DA:96,0
DA:103,1
LF:19
LH:15
BRDA:25,0,0,1
BRDA:25,0,1,1
BRDA:29,1,0,0
BRDA:29,1,1,2
BRDA:37,2,0,0
BRDA:37,2,1,2
BRDA:65,3,0,2
BRDA:65,3,1,6
BRDA:69,4,0,2
BRDA:69,4,1,6
BRDA:77,5,0,2
BRDA:77,5,1,0
BRF:12
BRH:9
end_of_record
TN:
SF:app/(tabs)/profile.tsx
FN:13,PreferenceRow
FN:40,ProfileScreen
FN:47,(anonymous_2)
FN:54,(anonymous_3)
FNF:4
FNH:0
FNDA:0,PreferenceRow
FNDA:0,ProfileScreen
FNDA:0,(anonymous_2)
FNDA:0,(anonymous_3)
DA:24,0
DA:41,0
DA:42,0
DA:43,0
DA:44,0
DA:45,0
DA:47,0
DA:48,0
DA:54,0
DA:55,0
DA:58,0
DA:104,0
LF:12
LH:0
BRDA:34,0,0,0
BRDA:34,0,1,0
BRDA:63,1,0,0
BRDA:63,1,1,0
BRDA:63,1,2,0
BRF:5
BRH:0
end_of_record
TN:
SF:app/company/index.tsx
FN:29,CompanyDetailScreen
FN:47,(anonymous_1)
FN:60,(anonymous_2)
FN:66,(anonymous_3)
FN:100,(anonymous_4)
FN:104,(anonymous_5)
FN:128,(anonymous_6)
FN:142,(anonymous_7)
FN:155,(anonymous_8)
FN:158,(anonymous_9)
FN:174,(anonymous_10)
FN:188,(anonymous_11)
FN:191,(anonymous_12)
FNF:13
FNH:0
FNDA:0,CompanyDetailScreen
FNDA:0,(anonymous_1)
FNDA:0,(anonymous_2)
FNDA:0,(anonymous_3)
FNDA:0,(anonymous_4)
FNDA:0,(anonymous_5)
FNDA:0,(anonymous_6)
FNDA:0,(anonymous_7)
FNDA:0,(anonymous_8)
FNDA:0,(anonymous_9)
FNDA:0,(anonymous_10)
FNDA:0,(anonymous_11)
FNDA:0,(anonymous_12)
DA:14,0
DA:45,0
DA:47,0
DA:48,0
DA:49,0
DA:50,0
DA:54,0
DA:61,0
DA:67,0
DA:68,0
DA:101,0
DA:104,0
DA:129,0
DA:143,0
DA:156,0
DA:159,0
DA:175,0
DA:189,0
DA:192,0
DA:206,0
LF:20
LH:0
BRDA:49,0,0,0
BRDA:49,0,1,0
BRDA:50,1,0,0
BRDA:50,1,1,0
BRDA:59,2,0,0
BRDA:59,2,1,0
BRDA:63,3,0,0
BRDA:63,3,1,0
BRDA:64,4,0,0
BRDA:64,4,1,0
BRDA:89,5,0,0
BRDA:89,5,1,0
BRDA:96,6,0,0
BRDA:96,6,1,0
BRDA:97,7,0,0
BRDA:97,7,1,0
BRDA:106,8,0,0
BRDA:106,8,1,0
BRDA:107,9,0,0
BRDA:107,9,1,0
BRDA:107,10,0,0
BRDA:107,10,1,0
BRDA:113,11,0,0
BRDA:113,11,1,0
BRDA:113,12,0,0
BRDA:113,12,1,0
BRDA:123,13,0,0
BRDA:123,13,1,0
BRDA:123,14,0,0
BRDA:123,14,1,0
BRDA:127,15,0,0
BRDA:127,15,1,0
BRDA:138,16,0,0
BRDA:138,16,1,0
BRDA:151,17,0,0
BRDA:151,17,1,0
BRDA:170,18,0,0
BRDA:170,18,1,0
BRDA:184,19,0,0
BRDA:184,19,1,0
BRF:40
BRH:0
end_of_record
TN:
SF:app/forms/[slug].tsx
FN:20,formatDiagnosticLine
FN:29,PbiaFormDetailScreen
FN:37,(anonymous_2)
FN:41,(anonymous_3)
FN:51,(anonymous_4)
FN:54,(anonymous_5)
FN:75,(anonymous_6)
FN:90,(anonymous_7)
FN:97,(anonymous_8)
FN:109,(anonymous_9)
FN:117,(anonymous_10)
FN:137,(anonymous_11)
FN:145,(anonymous_12)
FN:157,(anonymous_13)
FN:159,(anonymous_14)
FNF:15
FNH:0
FNDA:0,formatDiagnosticLine
FNDA:0,PbiaFormDetailScreen
FNDA:0,(anonymous_2)
FNDA:0,(anonymous_3)
FNDA:0,(anonymous_4)
FNDA:0,(anonymous_5)
FNDA:0,(anonymous_6)
FNDA:0,(anonymous_7)
FNDA:0,(anonymous_8)
FNDA:0,(anonymous_9)
FNDA:0,(anonymous_10)
FNDA:0,(anonymous_11)
FNDA:0,(anonymous_12)
FNDA:0,(anonymous_13)
FNDA:0,(anonymous_14)
DA:21,0
DA:22,0
DA:23,0
DA:24,0
DA:25,0
DA:26,0
DA:30,0
DA:31,0
DA:32,0
DA:33,0
DA:34,0
DA:35,0
DA:36,0
DA:37,0
DA:41,0
DA:42,0
DA:43,0
DA:44,0
DA:45,0
DA:47,0
DA:51,0
DA:52,0
DA:54,0
DA:55,0
DA:56,0
DA:61,0
DA:62,0
DA:63,0
DA:65,0
DA:66,0
DA:73,0
DA:75,0
DA:76,0
DA:80,0
DA:81,0
DA:90,0
DA:97,0
DA:98,0
DA:103,0
DA:104,0
DA:105,0
DA:109,0
DA:110,0
DA:114,0
DA:117,0
DA:118,0
DA:119,0
DA:122,0
DA:124,0
DA:137,0
DA:146,0
DA:157,0
DA:159,0
DA:171,0
LF:54
LH:0
BRDA:25,0,0,0
BRDA:25,0,1,0
BRDA:32,1,0,0
BRDA:32,1,1,0
BRDA:37,2,0,0
BRDA:37,2,1,0
BRDA:62,3,0,0
BRDA:62,3,1,0
BRDA:65,4,0,0
BRDA:65,4,1,0
BRDA:80,5,0,0
BRDA:80,5,1,0
BRDA:104,6,0,0
BRDA:104,6,1,0
BRDA:105,7,0,0
BRDA:105,7,1,0
BRDA:122,8,0,0
BRDA:122,8,1,0
BRDA:131,9,0,0
BRDA:131,9,1,0
BRDA:144,10,0,0
BRDA:144,10,1,0
BRF:22
BRH:0
end_of_record
TN:
SF:app/forms/index.tsx
FN:29,(anonymous_0)
FN:118,PbiaFormsScreen
FN:119,(anonymous_2)
FN:136,(anonymous_3)
FN:140,(anonymous_4)
FN:149,(anonymous_5)
FN:152,(anonymous_6)
FN:158,(anonymous_7)
FN:160,(anonymous_8)
FNF:9
FNH:0
FNDA:0,(anonymous_0)
FNDA:0,PbiaFormsScreen
FNDA:0,(anonymous_2)
FNDA:0,(anonymous_3)
FNDA:0,(anonymous_4)
FNDA:0,(anonymous_5)
FNDA:0,(anonymous_6)
FNDA:0,(anonymous_7)
FNDA:0,(anonymous_8)
DA:28,0
DA:30,0
DA:31,0
DA:36,0
DA:119,0
DA:120,0
DA:121,0
DA:122,0
DA:123,0
DA:126,0
DA:132,0
DA:136,0
DA:140,0
DA:150,0
DA:153,0
DA:154,0
DA:156,0
DA:158,0
DA:160,0
DA:177,0
LF:20
LH:0
BRDA:121,0,0,0
BRDA:121,0,1,0
BRDA:154,1,0,0
BRDA:154,1,1,0
BRDA:160,2,0,0
BRDA:160,2,1,0
BRDA:165,3,0,0
BRDA:165,3,1,0
BRDA:166,4,0,0
BRDA:166,4,1,0
BRF:10
BRH:0
end_of_record
TN:
SF:app/policy/[id].tsx
FN:17,toUserFacingError
FN:22,PolicyDetailScreen
FN:26,(anonymous_2)
FN:32,(anonymous_3)
FN:37,(anonymous_4)
FN:52,(anonymous_5)
FN:59,(anonymous_6)
FN:63,(anonymous_7)
FN:66,(anonymous_8)
FN:93,(anonymous_9)
FN:114,(anonymous_10)
FN:130,(anonymous_11)
FN:146,(anonymous_12)
FN:196,(anonymous_13)
FN:222,(anonymous_14)
FNF:15
FNH:0
FNDA:0,toUserFacingError
FNDA:0,PolicyDetailScreen
FNDA:0,(anonymous_2)
FNDA:0,(anonymous_3)
FNDA:0,(anonymous_4)
FNDA:0,(anonymous_5)
FNDA:0,(anonymous_6)
FNDA:0,(anonymous_7)
FNDA:0,(anonymous_8)
FNDA:0,(anonymous_9)
FNDA:0,(anonymous_10)
FNDA:0,(anonymous_11)
FNDA:0,(anonymous_12)
FNDA:0,(anonymous_13)
FNDA:0,(anonymous_14)
DA:18,0
DA:19,0
DA:23,0
DA:24,0
DA:25,0
DA:26,0
DA:27,0
DA:28,0
DA:29,0
DA:30,0
DA:32,0
DA:33,0
DA:34,0
DA:35,0
DA:37,0
DA:38,0
DA:39,0
DA:41,0
DA:42,0
DA:45,0
DA:46,0
DA:49,0
DA:52,0
DA:53,0
DA:54,0
DA:55,0
DA:59,0
DA:60,0
DA:63,0
DA:64,0
DA:66,0
DA:67,0
DA:68,0
DA:69,0
DA:70,0
DA:71,0
DA:74,0
DA:75,0
DA:76,0
DA:77,0
DA:78,0
DA:79,0
DA:81,0
DA:82,0
DA:83,0
DA:85,0
DA:86,0
DA:91,0
DA:93,0
DA:94,0
DA:98,0
DA:99,0
DA:106,0
DA:107,0
DA:115,0
DA:122,0
DA:123,0
DA:130,0
DA:136,0
DA:147,0
DA:197,0
DA:223,0
DA:241,0
LF:63
LH:0
BRDA:18,0,0,0
BRDA:18,0,1,0
BRDA:18,1,0,0
BRDA:18,1,1,0
BRDA:27,2,0,0
BRDA:27,2,1,0
BRDA:27,2,2,0
BRDA:33,3,0,0
BRDA:33,3,1,0
BRDA:38,4,0,0
BRDA:38,4,1,0
BRDA:39,5,0,0
BRDA:39,5,1,0
BRDA:41,6,0,0
BRDA:41,6,1,0
BRDA:41,7,0,0
BRDA:41,7,1,0
BRDA:45,8,0,0
BRDA:45,8,1,0
BRDA:45,9,0,0
BRDA:45,9,1,0
BRDA:53,10,0,0
BRDA:53,10,1,0
BRDA:53,10,2,0
BRDA:54,11,0,0
BRDA:54,11,1,0
BRDA:54,11,2,0
BRDA:60,12,0,0
BRDA:60,12,1,0
BRDA:67,13,0,0
BRDA:67,13,1,0
BRDA:67,14,0,0
BRDA:67,14,1,0
BRDA:78,15,0,0
BRDA:78,15,1,0
BRDA:81,16,0,0
BRDA:81,16,1,0
BRDA:85,17,0,0
BRDA:85,17,1,0
BRDA:98,18,0,0
BRDA:98,18,1,0
BRDA:106,19,0,0
BRDA:106,19,1,0
BRDA:122,20,0,0
BRDA:122,20,1,0
BRDA:180,21,0,0
BRDA:180,21,1,0
BRDA:189,22,0,0
BRDA:189,22,1,0
BRDA:195,23,0,0
BRDA:195,23,1,0
BRDA:200,24,0,0
BRDA:200,24,1,0
BRDA:208,25,0,0
BRDA:208,25,1,0
BRDA:217,26,0,0
BRDA:217,26,1,0
BRF:57
BRH:0
end_of_record
TN:
SF:app/policy-files/index.tsx
FN:34,toUserFacingError
FN:39,readSearchParam
FN:44,getFileUrl
FN:48,PolicyFilesScreen
FN:61,(anonymous_4)
FN:68,(anonymous_5)
FN:70,(anonymous_6)
FN:75,(anonymous_7)
FN:78,(anonymous_8)
FN:99,(anonymous_9)
FN:129,(anonymous_10)
FN:134,(anonymous_11)
FN:152,(anonymous_12)
FN:171,(anonymous_13)
FN:202,(anonymous_14)
FN:204,(anonymous_15)
FN:226,(anonymous_16)
FN:227,(anonymous_17)
FN:231,(anonymous_18)
FN:232,(anonymous_19)
FN:236,(anonymous_20)
FN:249,(anonymous_21)
FN:256,(anonymous_22)
FN:263,(anonymous_23)
FN:320,(anonymous_24)
FN:341,(anonymous_25)
FN:344,(anonymous_26)
FN:345,(anonymous_27)
FN:356,(anonymous_28)
FN:368,(anonymous_29)
FN:370,(anonymous_30)
FN:382,(anonymous_31)
FNF:32
FNH:20
FNDA:0,toUserFacingError
FNDA:3,readSearchParam
FNDA:1,getFileUrl
FNDA:5,PolicyFilesScreen
FNDA:1,(anonymous_4)
FNDA:1,(anonymous_5)
FNDA:1,(anonymous_6)
FNDA:1,(anonymous_7)
FNDA:1,(anonymous_8)
FNDA:1,(anonymous_9)
FNDA:1,(anonymous_10)
FNDA:1,(anonymous_11)
FNDA:1,(anonymous_12)
FNDA:0,(anonymous_13)
FNDA:0,(anonymous_14)
FNDA:0,(anonymous_15)
FNDA:0,(anonymous_16)
FNDA:0,(anonymous_17)
FNDA:0,(anonymous_18)
FNDA:0,(anonymous_19)
FNDA:1,(anonymous_20)
FNDA:3,(anonymous_21)
FNDA:2,(anonymous_22)
FNDA:3,(anonymous_23)
FNDA:0,(anonymous_24)
FNDA:4,(anonymous_25)
FNDA:0,(anonymous_26)
FNDA:4,(anonymous_27)
FNDA:1,(anonymous_28)
FNDA:4,(anonymous_29)
FNDA:0,(anonymous_30)
FNDA:0,(anonymous_31)
DA:35,0
DA:36,0
DA:40,3
DA:41,3
DA:45,1
DA:49,5
DA:54,5
DA:55,5
DA:56,5
DA:57,5
DA:58,5
DA:59,5
DA:61,5
DA:62,1
DA:63,1
DA:64,0
DA:65,0
DA:66,0
DA:68,5
DA:69,5
DA:70,1
DA:74,5
DA:76,1
DA:78,1
DA:79,1
DA:80,1
DA:82,1
DA:83,1
DA:86,0
DA:87,0
DA:90,0
DA:96,5
DA:97,5
DA:99,5
DA:100,1
DA:101,0
DA:102,0
DA:103,0
DA:104,0
DA:107,1
DA:108,1
DA:109,1
DA:110,1
DA:111,1
DA:112,1
DA:122,0
DA:123,0
DA:125,1
DA:129,5
DA:130,1
DA:133,5
DA:135,1
DA:136,1
DA:137,1
DA:139,1
DA:140,0
DA:141,0
DA:144,1
DA:145,1
DA:146,1
DA:147,1
DA:152,1
DA:163,0
DA:165,1
DA:171,5
DA:172,0
DA:174,0
DA:175,0
DA:176,0
DA:177,0
DA:178,0
DA:179,0
DA:180,0
DA:190,0
DA:191,0
DA:192,0
DA:193,0
DA:196,0
DA:202,0
DA:203,0
DA:204,0
DA:205,0
DA:215,0
DA:216,0
DA:217,0
DA:219,0
DA:222,0
DA:226,5
DA:227,0
DA:228,0
DA:231,5
DA:232,0
DA:233,0
DA:236,5
DA:237,1
DA:238,1
DA:239,0
DA:240,0
DA:243,1
DA:244,1
DA:245,0
DA:249,5
DA:250,3
DA:251,3
DA:252,3
DA:254,3
DA:257,2
DA:258,1
DA:259,1
DA:261,1
DA:263,3
DA:292,5
DA:293,0
DA:304,5
DA:305,1
DA:312,4
DA:313,0
DA:321,0
DA:328,4
DA:342,4
DA:344,0
DA:345,4
DA:356,1
DA:368,4
DA:371,0
DA:383,0
DA:393,1
LF:127
LH:75
BRDA:35,0,0,0
BRDA:35,0,1,0
BRDA:35,1,0,0
BRDA:35,1,1,0
BRDA:40,2,0,0
BRDA:40,2,1,3
BRDA:40,3,0,0
BRDA:40,3,1,0
BRDA:41,4,0,3
BRDA:41,4,1,0
BRDA:45,5,0,1
BRDA:45,5,1,0
BRDA:45,5,2,0
BRDA:63,6,0,1
BRDA:63,6,1,0
BRDA:65,7,0,0
BRDA:65,7,1,0
BRDA:66,8,0,0
BRDA:66,8,1,0
BRDA:76,9,0,0
BRDA:76,9,1,1
BRDA:76,10,0,1
BRDA:76,10,1,0
BRDA:79,11,0,1
BRDA:79,11,1,0
BRDA:80,12,0,1
BRDA:80,12,1,0
BRDA:82,13,0,1
BRDA:82,13,1,0
BRDA:82,14,0,1
BRDA:82,14,1,1
BRDA:86,15,0,0
BRDA:86,15,1,0
BRDA:86,16,0,0
BRDA:86,16,1,0
BRDA:96,17,0,5
BRDA:96,17,1,2
BRDA:97,18,0,5
BRDA:97,18,1,2
BRDA:100,19,0,0
BRDA:100,19,1,1
BRDA:136,20,0,1
BRDA:136,20,1,0
BRDA:137,21,0,1
BRDA:137,21,1,0
BRDA:139,22,0,0
BRDA:139,22,1,1
BRDA:139,23,0,1
BRDA:139,23,1,1
BRDA:139,23,2,1
BRDA:172,24,0,0
BRDA:172,24,1,0
BRDA:177,25,0,0
BRDA:177,25,1,0
BRDA:177,26,0,0
BRDA:177,26,1,0
BRDA:190,27,0,0
BRDA:190,27,1,0
BRDA:191,28,0,0
BRDA:191,28,1,0
BRDA:192,29,0,0
BRDA:192,29,1,0
BRDA:192,30,0,0
BRDA:192,30,1,0
BRDA:203,31,0,0
BRDA:203,31,1,0
BRDA:205,32,0,0
BRDA:205,32,1,0
BRDA:216,33,0,0
BRDA:216,33,1,0
BRDA:238,34,0,0
BRDA:238,34,1,1
BRDA:244,35,0,0
BRDA:244,35,1,1
BRDA:245,36,0,0
BRDA:245,36,1,0
BRDA:257,37,0,1
BRDA:257,37,1,1
BRDA:263,38,0,0
BRDA:263,38,1,3
BRDA:267,39,0,2
BRDA:267,39,1,1
BRDA:274,40,0,3
BRDA:274,40,1,0
BRDA:275,41,0,3
BRDA:275,41,1,0
BRDA:278,42,0,2
BRDA:278,42,1,1
BRDA:279,43,0,1
BRDA:279,43,1,1
BRDA:292,44,0,0
BRDA:292,44,1,5
BRDA:304,45,0,1
BRDA:304,45,1,4
BRDA:304,46,0,5
BRDA:304,46,1,1
BRDA:312,47,0,0
BRDA:312,47,1,4
BRDA:312,48,0,4
BRDA:312,48,1,0
BRDA:333,49,0,3
BRDA:333,49,1,1
BRDA:334,50,0,3
BRDA:334,50,1,0
BRDA:345,51,0,0
BRDA:345,51,1,4
BRDA:346,52,0,3
BRDA:346,52,1,1
BRDA:349,53,0,1
BRDA:349,53,1,3
BRDA:355,54,0,1
BRDA:355,54,1,3
BRDA:356,55,0,0
BRDA:356,55,1,1
BRDA:363,56,0,0
BRDA:363,56,1,4
BRDA:374,57,0,1
BRDA:374,57,1,3
BRF:118
BRH:56
end_of_record
TN:
SF:components/app-button.tsx
FN:40,AppButton
FN:55,(anonymous_1)
FNF:2
FNH:2
FNDA:21,AppButton
FNDA:21,(anonymous_1)
DA:13,5
DA:47,21
DA:48,21
DA:50,21
DA:55,21
DA:69,5
LF:6
LH:6
BRDA:43,0,0,14
BRDA:44,1,0,2
BRDA:45,2,0,19
BRDA:48,3,0,21
BRDA:48,3,1,17
BRDA:58,4,0,0
BRDA:58,4,1,21
BRDA:58,5,0,21
BRDA:58,5,1,0
BRDA:59,6,0,8
BRDA:59,6,1,13
BRDA:62,7,0,4
BRDA:62,7,1,17
BRF:13
BRH:11
end_of_record
TN:
SF:components/app-input.tsx
FN:16,AppInput
FN:33,(anonymous_1)
FN:49,(anonymous_2)
FN:53,(anonymous_3)
FNF:4
FNH:1
FNDA:12,AppInput
FNDA:0,(anonymous_1)
FNDA:0,(anonymous_2)
FNDA:0,(anonymous_3)
DA:26,12
DA:27,12
DA:29,12
DA:33,0
DA:50,0
DA:51,0
DA:54,0
DA:55,0
DA:65,1
LF:9
LH:4
BRDA:36,0,0,0
BRDA:36,0,1,12
BRDA:37,1,0,1
BRDA:37,1,1,11
BRDA:39,2,0,12
BRDA:39,2,1,0
BRDA:59,3,0,1
BRDA:59,3,1,11
BRDA:60,4,0,11
BRDA:60,4,1,1
BRDA:60,5,0,12
BRDA:60,5,1,11
BRF:12
BRH:10
end_of_record
TN:
SF:components/brand-mark.tsx
FN:10,BrandMark
FNF:1
FNH:1
FNDA:19,BrandMark
DA:11,19
DA:26,2
LF:2
LH:2
BRDA:10,0,0,19
BRDA:10,1,0,19
BRDA:16,2,0,19
BRDA:16,2,1,0
BRF:4
BRH:3
end_of_record
TN:
SF:components/empty-state.tsx
FN:18,EmptyState
FNF:1
FNH:1
FNDA:1,EmptyState
DA:25,1
DA:41,2
LF:2
LH:2
BRDA:19,0,0,0
BRDA:32,1,0,1
BRDA:32,1,1,0
BRDA:32,2,0,1
BRDA:32,2,1,1
BRF:5
BRH:3
end_of_record
TN:
SF:components/external-link.tsx
FN:7,ExternalLink
FN:13,(anonymous_1)
FNF:2
FNH:0
FNDA:0,ExternalLink
FNDA:0,(anonymous_1)
DA:8,0
DA:14,0
DA:16,0
DA:18,0
LF:4
LH:0
BRDA:14,0,0,0
BRDA:14,0,1,0
BRF:2
BRH:0
end_of_record
TN:
SF:components/haptic-tab.tsx
FN:5,HapticTab
FN:9,(anonymous_1)
FNF:2
FNH:0
FNDA:0,HapticTab
FNDA:0,(anonymous_1)
DA:6,0
DA:10,0
DA:12,0
DA:14,0
LF:4
LH:0
BRDA:10,0,0,0
BRDA:10,0,1,0
BRF:2
BRH:0
end_of_record
TN:
SF:components/hello-wave.tsx
FN:3,HelloWave
FNF:1
FNH:0
FNDA:0,HelloWave
DA:4,0
LF:1
LH:0
BRF:0
BRH:0
end_of_record
TN:
SF:components/loading-state.tsx
FN:10,LoadingState
FNF:1
FNH:1
FNDA:1,LoadingState
DA:14,1
DA:27,2
LF:2
LH:2
BRDA:11,0,0,0
BRDA:12,1,0,0
BRF:2
BRH:0
end_of_record
TN:
SF:components/otp-input.tsx
FN:12,OTPInput
FN:15,(anonymous_1)
FN:15,(anonymous_2)
FN:19,(anonymous_3)
FN:21,(anonymous_4)
FN:29,(anonymous_5)
FN:46,(anonymous_6)
FN:49,(anonymous_7)
FN:57,(anonymous_8)
FN:58,(anonymous_9)
FNF:10
FNH:0
FNDA:0,OTPInput
FNDA:0,(anonymous_1)
FNDA:0,(anonymous_2)
FNDA:0,(anonymous_3)
FNDA:0,(anonymous_4)
FNDA:0,(anonymous_5)
FNDA:0,(anonymous_6)
FNDA:0,(anonymous_7)
FNDA:0,(anonymous_8)
FNDA:0,(anonymous_9)
DA:13,0
DA:14,0
DA:15,0
DA:19,0
DA:20,0
DA:21,0
DA:23,0
DA:24,0
DA:25,0
DA:26,0
DA:29,0
DA:30,0
DA:31,0
DA:34,0
DA:36,0
DA:37,0
DA:38,0
DA:39,0
DA:41,0
DA:44,0
DA:47,0
DA:50,0
DA:57,0
DA:59,0
DA:60,0
DA:70,0
LF:26
LH:0
BRDA:12,0,0,0
BRDA:15,1,0,0
BRDA:15,1,1,0
BRDA:21,2,0,0
BRDA:21,2,1,0
BRDA:23,3,0,0
BRDA:23,3,1,0
BRDA:31,4,0,0
BRDA:31,4,1,0
BRDA:37,5,0,0
BRDA:37,5,1,0
BRDA:37,6,0,0
BRDA:37,6,1,0
BRDA:59,7,0,0
BRDA:59,7,1,0
BRDA:59,8,0,0
BRDA:59,8,1,0
BRDA:59,8,2,0
BRDA:63,9,0,0
BRDA:63,9,1,0
BRF:20
BRH:0
end_of_record
TN:
SF:components/parallax-scroll-view.tsx
FN:21,ParallaxScrollView
FN:30,(anonymous_1)
FNF:2
FNH:0
FNDA:0,ParallaxScrollView
FNDA:0,(anonymous_1)
DA:14,0
DA:26,0
DA:27,0
DA:28,0
DA:29,0
DA:30,0
DA:31,0
DA:47,0
DA:65,0
LF:9
LH:0
BRDA:27,0,0,0
BRDA:27,0,1,0
BRF:2
BRH:0
end_of_record
TN:
SF:components/pbia-form-webview.tsx
FN:78,parseBridgePayload
FN:88,getMessageType
FN:93,getNavigationTarget
FN:98,toHeightValue
FN:105,normalizePathname
FN:112,isSameNavigationTarget
FN:125,safeBuildEmbeddedUrl
FN:138,PbiaFormWebView
FN:145,(anonymous_8)
FN:146,(anonymous_9)
FN:155,(anonymous_10)
FN:167,(anonymous_11)
FN:170,(anonymous_12)
FN:183,(anonymous_13)
FN:193,(anonymous_14)
FN:194,(anonymous_15)
FN:200,(anonymous_16)
FN:205,(anonymous_17)
FN:206,(anonymous_18)
FN:209,(anonymous_19)
FN:213,(anonymous_20)
FN:220,(anonymous_21)
FN:229,(anonymous_22)
FN:241,(anonymous_23)
FN:259,(anonymous_24)
FN:276,(anonymous_25)
FN:285,(anonymous_26)
FN:293,(anonymous_27)
FN:325,(anonymous_28)
FN:340,(anonymous_29)
FN:344,(anonymous_30)
FNF:31
FNH:22
FNDA:1,parseBridgePayload
FNDA:1,getMessageType
FNDA:1,getNavigationTarget
FNDA:0,toHeightValue
FNDA:2,normalizePathname
FNDA:1,isSameNavigationTarget
FNDA:1,safeBuildEmbeddedUrl
FNDA:6,PbiaFormWebView
FNDA:3,(anonymous_8)
FNDA:3,(anonymous_9)
FNDA:6,(anonymous_10)
FNDA:3,(anonymous_11)
FNDA:3,(anonymous_12)
FNDA:3,(anonymous_13)
FNDA:3,(anonymous_14)
FNDA:0,(anonymous_15)
FNDA:3,(anonymous_16)
FNDA:3,(anonymous_17)
FNDA:0,(anonymous_18)
FNDA:0,(anonymous_19)
FNDA:3,(anonymous_20)
FNDA:0,(anonymous_21)
FNDA:0,(anonymous_22)
FNDA:1,(anonymous_23)
FNDA:0,(anonymous_24)
FNDA:0,(anonymous_25)
FNDA:0,(anonymous_26)
FNDA:1,(anonymous_27)
FNDA:1,(anonymous_28)
FNDA:1,(anonymous_29)
FNDA:1,(anonymous_30)
DA:28,1
DA:79,1
DA:80,1
DA:81,1
DA:82,1
DA:84,0
DA:89,1
DA:90,1
DA:94,1
DA:95,1
DA:99,0
DA:100,0
DA:101,0
DA:102,0
DA:106,2
DA:107,0
DA:109,2
DA:113,1
DA:114,1
DA:115,1
DA:116,1
DA:121,0
DA:126,1
DA:127,1
DA:128,1
DA:129,1
DA:130,0
DA:132,1
DA:134,0
DA:144,6
DA:145,6
DA:146,6
DA:147,6
DA:148,6
DA:149,6
DA:150,6
DA:151,6
DA:152,6
DA:154,6
DA:156,6
DA:167,6
DA:168,3
DA:170,3
DA:171,3
DA:172,3
DA:173,0
DA:174,0
DA:177,3
DA:178,3
DA:181,3
DA:183,3
DA:184,3
DA:185,3
DA:186,3
DA:187,3
DA:188,3
DA:193,6
DA:194,3
DA:195,0
DA:196,0
DA:197,0
DA:200,3
DA:201,3
DA:205,6
DA:206,3
DA:207,0
DA:209,3
DA:210,0
DA:213,3
DA:214,3
DA:215,3
DA:219,6
DA:221,0
DA:222,0
DA:223,0
DA:228,6
DA:230,0
DA:231,0
DA:240,6
DA:242,1
DA:243,1
DA:244,1
DA:258,6
DA:260,0
DA:261,0
DA:262,0
DA:275,6
DA:277,0
DA:278,0
DA:279,0
DA:284,6
DA:286,0
DA:287,0
DA:288,0
DA:293,6
DA:294,1
DA:295,1
DA:296,1
DA:297,0
DA:298,0
DA:301,1
DA:302,1
DA:304,1
DA:305,0
DA:308,1
DA:309,0
DA:310,0
DA:311,0
DA:313,0
DA:316,1
DA:317,1
DA:318,1
DA:319,1
DA:320,1
DA:321,0
DA:322,0
DA:325,1
DA:326,1
DA:327,0
DA:329,1
DA:330,1
DA:331,1
DA:336,0
DA:340,6
DA:341,1
DA:342,1
DA:343,1
DA:344,1
DA:345,1
DA:348,6
DA:387,1
LF:131
LH:90
BRDA:81,0,0,0
BRDA:81,0,1,1
BRDA:81,1,0,1
BRDA:81,1,1,1
BRDA:89,2,0,1
BRDA:89,2,1,0
BRDA:89,2,2,0
BRDA:90,3,0,1
BRDA:90,3,1,0
BRDA:94,4,0,1
BRDA:94,4,1,1
BRDA:94,4,2,1
BRDA:94,4,3,0
BRDA:95,5,0,1
BRDA:95,5,1,0
BRDA:99,6,0,0
BRDA:99,6,1,0
BRDA:100,7,0,0
BRDA:100,7,1,0
BRDA:101,8,0,0
BRDA:101,8,1,0
BRDA:101,9,0,0
BRDA:101,9,1,0
BRDA:106,10,0,0
BRDA:106,10,1,2
BRDA:106,11,0,2
BRDA:106,11,1,2
BRDA:117,12,0,1
BRDA:117,12,1,1
BRDA:129,13,0,0
BRDA:129,13,1,1
BRDA:141,14,0,6
BRDA:142,15,0,4
BRDA:144,16,0,6
BRDA:144,16,1,6
BRDA:145,17,0,3
BRDA:145,17,1,0
BRDA:155,18,0,5
BRDA:161,19,0,6
BRDA:161,19,1,1
BRDA:172,20,0,0
BRDA:172,20,1,3
BRDA:187,21,0,3
BRDA:187,21,1,0
BRDA:196,22,0,0
BRDA:196,22,1,0
BRDA:296,23,0,0
BRDA:296,23,1,1
BRDA:302,24,0,0
BRDA:302,24,1,1
BRDA:304,25,0,0
BRDA:304,25,1,1
BRDA:308,26,0,0
BRDA:308,26,1,1
BRDA:310,27,0,0
BRDA:310,27,1,0
BRDA:310,28,0,0
BRDA:310,28,1,0
BRDA:316,29,0,1
BRDA:316,29,1,0
BRDA:316,30,0,1
BRDA:316,30,1,0
BRDA:318,31,0,0
BRDA:318,31,1,1
BRDA:320,32,0,0
BRDA:320,32,1,1
BRDA:326,33,0,0
BRDA:326,33,1,1
BRDA:349,34,0,6
BRDA:349,34,1,0
BRDA:350,35,0,1
BRDA:350,35,1,5
BRDA:357,36,0,0
BRDA:357,36,1,5
BRDA:361,37,0,2
BRDA:361,37,1,3
BRDA:364,38,0,2
BRDA:364,38,1,3
BRDA:375,39,0,5
BRDA:375,39,1,0
BRF:80
BRH:43
end_of_record
TN:
SF:components/policy-card.tsx
FN:28,PolicyCard
FN:35,(anonymous_1)
FNF:2
FNH:2
FNDA:3,PolicyCard
FNDA:3,(anonymous_1)
DA:13,1
DA:29,3
DA:31,3
DA:35,3
DA:68,1
LF:5
LH:5
BRDA:35,0,0,0
BRDA:35,0,1,3
BRDA:35,1,0,3
BRDA:35,1,1,0
BRDA:60,2,0,3
BRDA:60,2,1,0
BRF:6
BRH:3
end_of_record
TN:
SF:components/screen-container.tsx
FN:15,ScreenContainer
FNF:1
FNH:1
FNDA:26,ScreenContainer
DA:24,26
DA:29,26
DA:52,4
LF:3
LH:3
BRDA:17,0,0,15
BRDA:20,1,0,26
BRDA:21,2,0,26
BRDA:33,3,0,0
BRDA:33,3,1,26
BRDA:35,4,0,26
BRDA:35,4,1,0
BRDA:38,5,0,15
BRDA:38,5,1,11
BRF:9
BRH:7
end_of_record
TN:
SF:components/section-header.tsx
FN:12,SectionHeader
FNF:1
FNH:1
FNDA:6,SectionHeader
DA:18,6
DA:33,2
LF:2
LH:2
BRDA:22,0,0,6
BRDA:22,0,1,0
BRDA:24,1,0,0
BRDA:24,1,1,6
BRDA:24,2,0,6
BRDA:24,2,1,0
BRF:6
BRH:3
end_of_record
TN:
SF:components/summary-card.tsx
FN:17,SummaryCard
FNF:1
FNH:0
FNDA:0,SummaryCard
DA:11,0
DA:18,0
DA:26,0
LF:3
LH:0
BRDA:17,0,0,0
BRF:1
BRH:0
end_of_record
TN:
SF:components/themed-text.tsx
FN:11,ThemedText
FNF:1
FNH:0
FNDA:0,ThemedText
DA:18,0
DA:20,0
DA:36,0
LF:3
LH:0
BRDA:15,0,0,0
BRDA:24,1,0,0
BRDA:24,1,1,0
BRDA:25,2,0,0
BRDA:25,2,1,0
BRDA:26,3,0,0
BRDA:26,3,1,0
BRDA:27,4,0,0
BRDA:27,4,1,0
BRDA:28,5,0,0
BRDA:28,5,1,0
BRF:11
BRH:0
end_of_record
TN:
SF:components/themed-view.tsx
FN:10,ThemedView
FNF:1
FNH:0
FNDA:0,ThemedView
DA:11,0
DA:13,0
LF:2
LH:0
BRF:0
BRH:0
end_of_record
TN:
SF:constants/pbia-forms.ts
FN:95,createPbiaInstanceId
FN:99,buildPbiaFormUrl
FN:106,buildPbiaEmbeddedUrl
FN:113,findPbiaFormBySlug
FN:116,(anonymous_4)
FNF:5
FNH:2
FNDA:0,createPbiaInstanceId
FNDA:3,buildPbiaFormUrl
FNDA:1,buildPbiaEmbeddedUrl
FNDA:0,findPbiaFormBySlug
FNDA:0,(anonymous_4)
DA:1,1
DA:3,1
DA:27,1
DA:96,0
DA:100,3
DA:101,3
DA:102,3
DA:103,3
DA:107,1
DA:108,1
DA:109,1
DA:110,1
DA:114,0
DA:115,0
DA:116,0
LF:15
LH:11
BRDA:114,0,0,0
BRDA:114,0,1,0
BRDA:115,1,0,0
BRDA:115,1,1,0
BRF:4
BRH:0
end_of_record
TN:
SF:constants/theme.ts
FNF:0
FNH:0
DA:4,5
DA:12,5
DA:20,5
DA:27,5
DA:35,5
DA:43,5
DA:159,5
DA:178,5
LF:8
LH:8
BRDA:4,0,0,5
BRDA:4,0,1,0
BRDA:12,1,0,5
BRDA:12,1,1,0
BRDA:20,2,0,5
BRDA:20,2,1,0
BRF:6
BRH:3
end_of_record
TN:
SF:context/auth-context.tsx
FN:22,normalizeEmail
FN:39,hasText
FN:43,buildFullName
FN:51,mapPortalCustomer
FN:67,pickBestPortalCustomer
FN:69,(anonymous_5)
FN:70,(anonymous_6)
FN:71,(anonymous_7)
FN:77,AuthProvider
FN:83,(anonymous_9)
FN:85,(anonymous_10)
FN:87,(anonymous_11)
FN:110,(anonymous_12)
FN:124,(anonymous_13)
FN:135,(anonymous_14)
FN:145,(anonymous_15)
FN:151,(anonymous_16)
FN:155,(anonymous_17)
FN:159,(anonymous_18)
FN:169,(anonymous_19)
FN:181,(anonymous_20)
FN:198,useAuth
FNF:22
FNH:16
FNDA:3,normalizeEmail
FNDA:1,hasText
FNDA:1,buildFullName
FNDA:1,mapPortalCustomer
FNDA:1,pickBestPortalCustomer
FNDA:1,(anonymous_5)
FNDA:0,(anonymous_6)
FNDA:0,(anonymous_7)
FNDA:8,AuthProvider
FNDA:3,(anonymous_9)
FNDA:0,(anonymous_10)
FNDA:2,(anonymous_11)
FNDA:3,(anonymous_12)
FNDA:0,(anonymous_13)
FNDA:3,(anonymous_14)
FNDA:3,(anonymous_15)
FNDA:0,(anonymous_16)
FNDA:0,(anonymous_17)
FNDA:1,(anonymous_18)
FNDA:1,(anonymous_19)
FNDA:8,(anonymous_20)
FNDA:8,useAuth
DA:6,1
DA:20,1
DA:23,3
DA:40,1
DA:44,1
DA:45,1
DA:46,1
DA:47,1
DA:48,0
DA:52,1
DA:68,1
DA:69,1
DA:70,0
DA:71,0
DA:78,8
DA:79,8
DA:80,8
DA:81,8
DA:83,8
DA:84,3
DA:85,3
DA:87,3
DA:88,2
DA:89,2
DA:90,2
DA:92,2
DA:101,2
DA:102,1
DA:103,1
DA:104,1
DA:110,3
DA:111,3
DA:112,3
DA:113,3
DA:114,3
DA:116,3
DA:117,3
DA:118,3
DA:119,3
DA:120,2
DA:122,3
DA:124,3
DA:125,0
DA:126,0
DA:127,0
DA:128,0
DA:129,0
DA:130,0
DA:132,0
DA:133,0
DA:135,3
DA:137,0
DA:138,0
DA:143,3
DA:145,3
DA:146,3
DA:147,3
DA:151,8
DA:152,0
DA:155,8
DA:156,0
DA:159,8
DA:160,1
DA:161,1
DA:162,1
DA:163,1
DA:169,8
DA:170,1
DA:171,1
DA:172,1
DA:174,1
DA:175,1
DA:176,1
DA:180,8
DA:181,8
DA:195,8
DA:199,8
DA:200,8
DA:201,0
DA:203,8
LF:80
LH:64
BRDA:6,0,0,1
BRDA:6,0,1,1
BRDA:47,1,0,1
BRDA:47,1,1,0
BRDA:48,2,0,0
BRDA:48,2,1,0
BRDA:58,3,0,1
BRDA:58,3,1,0
BRDA:63,4,0,1
BRDA:63,4,1,0
BRDA:69,5,0,1
BRDA:69,5,1,0
BRDA:69,5,2,0
BRDA:69,5,3,0
BRDA:69,5,4,0
BRDA:69,6,0,1
BRDA:69,6,1,1
BRDA:101,7,0,1
BRDA:101,7,1,1
BRDA:101,8,0,2
BRDA:101,8,1,2
BRDA:101,8,2,2
BRDA:101,8,3,2
BRDA:103,9,0,0
BRDA:103,9,1,1
BRDA:114,10,0,0
BRDA:114,10,1,3
BRDA:116,11,0,3
BRDA:116,11,1,1
BRDA:118,12,0,2
BRDA:118,12,1,1
BRDA:119,13,0,2
BRDA:119,13,1,1
BRDA:125,14,0,0
BRDA:125,14,1,0
BRDA:127,15,0,0
BRDA:127,15,1,0
BRDA:137,16,0,0
BRDA:137,16,1,0
BRDA:165,17,0,1
BRDA:165,17,1,0
BRDA:200,18,0,0
BRDA:200,18,1,8
BRF:43
BRH:24
end_of_record
TN:
SF:context/policies-context.tsx
FN:24,toUserFacingError
FN:29,PoliciesProvider
FN:36,(anonymous_2)
FN:38,(anonymous_3)
FN:66,(anonymous_4)
FN:71,(anonymous_5)
FN:83,usePolicies
FNF:7
FNH:6
FNDA:0,toUserFacingError
FNDA:5,PoliciesProvider
FNDA:2,(anonymous_2)
FNDA:2,(anonymous_3)
FNDA:2,(anonymous_4)
FNDA:5,(anonymous_5)
FNDA:5,usePolicies
DA:22,1
DA:25,0
DA:26,0
DA:30,5
DA:31,5
DA:32,5
DA:33,5
DA:36,5
DA:38,5
DA:39,2
DA:40,0
DA:41,0
DA:42,0
DA:43,0
DA:46,2
DA:47,1
DA:48,1
DA:49,1
DA:50,1
DA:53,1
DA:54,1
DA:55,1
DA:56,1
DA:57,1
DA:59,0
DA:60,0
DA:62,1
DA:66,5
DA:67,2
DA:70,5
DA:71,5
DA:80,5
DA:84,5
DA:85,5
DA:86,0
DA:89,5
LF:36
LH:27
BRDA:25,0,0,0
BRDA:25,0,1,0
BRDA:25,1,0,0
BRDA:25,1,1,0
BRDA:36,2,0,2
BRDA:36,2,1,1
BRDA:39,3,0,0
BRDA:39,3,1,2
BRDA:46,4,0,1
BRDA:46,4,1,1
BRDA:85,5,0,0
BRDA:85,5,1,5
BRF:12
BRH:6
end_of_record
TN:
SF:hooks/use-color-scheme.ts
FNF:0
FNH:0
LF:0
LH:0
BRF:0
BRH:0
end_of_record
TN:
SF:hooks/use-color-scheme.web.ts
FN:7,useColorScheme
FN:10,(anonymous_1)
FNF:2
FNH:0
FNDA:0,useColorScheme
FNDA:0,(anonymous_1)
DA:8,0
DA:10,0
DA:11,0
DA:14,0
DA:16,0
DA:17,0
DA:20,0
LF:7
LH:0
BRDA:16,0,0,0
BRDA:16,0,1,0
BRF:2
BRH:0
end_of_record
TN:
SF:hooks/use-company-profile.ts
FN:30,normalizeForComparison
FN:38,normalizeDisplayValue
FN:48,toRows
FN:49,(anonymous_3)
FN:61,buildStatusChips
FN:78,useCompanyProfile
FN:80,(anonymous_6)
FN:85,(anonymous_7)
FN:87,(anonymous_8)
FN:90,(anonymous_9)
FN:118,(anonymous_10)
FN:123,(anonymous_11)
FN:135,(anonymous_12)
FN:141,(anonymous_13)
FN:153,(anonymous_14)
FN:175,(anonymous_15)
FN:177,(anonymous_16)
FN:178,(anonymous_17)
FN:182,(anonymous_18)
FN:183,(anonymous_19)
FN:206,(anonymous_20)
FN:221,(anonymous_21)
FN:222,(anonymous_22)
FNF:23
FNH:23
FNDA:41,normalizeForComparison
FNDA:84,normalizeDisplayValue
FNDA:11,toRows
FNDA:50,(anonymous_3)
FNDA:3,buildStatusChips
FNDA:5,useCompanyProfile
FNDA:2,(anonymous_6)
FNDA:2,(anonymous_7)
FNDA:2,(anonymous_8)
FNDA:2,(anonymous_9)
FNDA:2,(anonymous_10)
FNDA:3,(anonymous_11)
FNDA:3,(anonymous_12)
FNDA:3,(anonymous_13)
FNDA:3,(anonymous_14)
FNDA:3,(anonymous_15)
FNDA:1,(anonymous_16)
FNDA:1,(anonymous_17)
FNDA:3,(anonymous_18)
FNDA:1,(anonymous_19)
FNDA:3,(anonymous_20)
FNDA:3,(anonymous_21)
FNDA:1,(anonymous_22)
DA:20,1
DA:31,41
DA:39,84
DA:40,38
DA:41,38
DA:42,38
DA:43,0
DA:45,38
DA:49,11
DA:50,50
DA:51,50
DA:53,26
DA:57,26
DA:62,3
DA:63,3
DA:65,3
DA:66,1
DA:67,2
DA:68,2
DA:71,3
DA:72,1
DA:75,3
DA:79,5
DA:80,5
DA:81,5
DA:82,5
DA:83,5
DA:85,5
DA:87,5
DA:88,2
DA:90,2
DA:91,2
DA:92,1
DA:93,1
DA:94,1
DA:95,1
DA:98,1
DA:99,1
DA:101,1
DA:102,1
DA:103,1
DA:104,1
DA:106,0
DA:107,0
DA:108,0
DA:110,1
DA:111,1
DA:116,2
DA:118,2
DA:119,2
DA:123,5
DA:124,3
DA:125,1
DA:129,5
DA:134,5
DA:135,5
DA:137,5
DA:138,5
DA:140,5
DA:142,3
DA:150,5
DA:152,5
DA:154,3
DA:174,5
DA:176,3
DA:177,1
DA:178,1
DA:182,5
DA:183,3
DA:184,1
DA:192,1
DA:194,1
DA:195,1
DA:201,1
DA:205,5
DA:207,3
DA:221,5
DA:222,3
DA:223,1
DA:228,1
DA:230,1
DA:232,1
DA:238,1
DA:243,5
DA:250,5
LF:85
LH:81
BRDA:39,0,0,46
BRDA:39,0,1,38
BRDA:41,1,0,0
BRDA:41,1,1,38
BRDA:42,2,0,0
BRDA:42,2,1,38
BRDA:51,3,0,24
BRDA:51,3,1,26
BRDA:65,4,0,1
BRDA:65,4,1,2
BRDA:67,5,0,2
BRDA:67,5,1,0
BRDA:71,6,0,1
BRDA:71,6,1,2
BRDA:85,7,0,2
BRDA:85,7,1,1
BRDA:91,8,0,1
BRDA:91,8,1,1
BRDA:103,9,0,0
BRDA:103,9,1,1
BRDA:106,10,0,0
BRDA:106,10,1,0
BRDA:110,11,0,1
BRDA:110,11,1,0
BRDA:124,12,0,2
BRDA:124,12,1,1
BRDA:125,13,0,1
BRDA:125,13,1,1
BRDA:129,14,0,5
BRDA:129,14,1,4
BRDA:129,14,2,2
BRDA:134,15,0,5
BRDA:134,15,1,4
BRDA:134,16,0,2
BRDA:134,16,1,2
BRDA:176,17,0,3
BRDA:176,17,1,2
BRDA:183,18,0,3
BRDA:183,18,1,2
BRDA:192,19,0,0
BRDA:192,19,1,1
BRDA:194,20,0,1
BRDA:194,20,1,0
BRDA:196,21,0,1
BRDA:196,21,1,0
BRDA:222,22,0,3
BRDA:222,22,1,2
BRDA:230,23,0,0
BRDA:230,23,1,1
BRDA:230,24,0,1
BRDA:230,24,1,0
BRDA:233,25,0,1
BRDA:233,25,1,0
BRDA:234,26,0,1
BRDA:234,26,1,0
BRDA:243,27,0,5
BRDA:243,27,1,4
BRDA:243,27,2,4
BRDA:243,27,3,4
BRDA:243,27,4,4
BRDA:243,27,5,4
BRF:61
BRH:47
end_of_record
TN:
SF:hooks/use-theme-color.ts
FN:9,useThemeColor
FNF:1
FNH:0
FNDA:0,useThemeColor
DA:13,0
DA:14,0
DA:16,0
DA:17,0
DA:19,0
LF:5
LH:0
BRDA:13,0,0,0
BRDA:13,0,1,0
BRDA:16,1,0,0
BRDA:16,1,1,0
BRF:4
BRH:0
end_of_record
TN:
SF:services/agent-api.ts
FN:16,getAgentApiBaseUrl
FN:25,isInsuredAgentRecord
FN:31,fetchInsuredAgentsByInsuredDatabaseId
FNF:3
FNH:0
FNDA:0,getAgentApiBaseUrl
FNDA:0,isInsuredAgentRecord
FNDA:0,fetchInsuredAgentsByInsuredDatabaseId
DA:1,0
DA:17,0
DA:26,0
DA:27,0
DA:28,0
DA:34,0
DA:35,0
DA:36,0
DA:39,0
DA:40,0
DA:45,0
DA:46,0
DA:49,0
DA:50,0
DA:51,0
DA:54,0
LF:16
LH:0
BRDA:18,0,0,0
BRDA:18,0,1,0
BRDA:18,0,2,0
BRDA:18,0,3,0
BRDA:26,1,0,0
BRDA:26,1,1,0
BRDA:26,2,0,0
BRDA:26,2,1,0
BRDA:35,3,0,0
BRDA:35,3,1,0
BRDA:45,4,0,0
BRDA:45,4,1,0
BRDA:50,5,0,0
BRDA:50,5,1,0
BRF:14
BRH:0
end_of_record
TN:
SF:services/auth-flow.ts
FN:8,mapCustomerRecord
FN:26,buildFullName
FN:34,toCustomerProfile
FN:50,toUserFacingError
FN:55,isOtpRateLimitError
FN:58,(anonymous_5)
FN:61,persistCustomersForEmail
FN:66,(anonymous_7)
FN:75,sendEmailSignInCode
FN:94,verifyEmailSignInCode
FN:111,signOutSupabaseSession
FNF:11
FNH:0
FNDA:0,mapCustomerRecord
FNDA:0,buildFullName
FNDA:0,toCustomerProfile
FNDA:0,toUserFacingError
FNDA:0,isOtpRateLimitError
FNDA:0,(anonymous_5)
FNDA:0,persistCustomersForEmail
FNDA:0,(anonymous_7)
FNDA:0,sendEmailSignInCode
FNDA:0,verifyEmailSignInCode
FNDA:0,signOutSupabaseSession
DA:5,0
DA:6,0
DA:9,0
DA:27,0
DA:28,0
DA:29,0
DA:30,0
DA:31,0
DA:35,0
DA:51,0
DA:52,0
DA:56,0
DA:57,0
DA:58,0
DA:62,0
DA:64,0
DA:66,0
DA:70,0
DA:71,0
DA:76,0
DA:77,0
DA:84,0
DA:85,0
DA:86,0
DA:90,0
DA:95,0
DA:96,0
DA:98,0
DA:104,0
DA:105,0
DA:108,0
DA:112,0
DA:113,0
LF:33
LH:0
BRDA:5,0,0,0
BRDA:5,0,1,0
BRDA:30,1,0,0
BRDA:30,1,1,0
BRDA:31,2,0,0
BRDA:31,2,1,0
BRDA:51,3,0,0
BRDA:51,3,1,0
BRDA:51,4,0,0
BRDA:51,4,1,0
BRDA:56,5,0,0
BRDA:56,5,1,0
BRDA:70,6,0,0
BRDA:70,6,1,0
BRDA:84,7,0,0
BRDA:84,7,1,0
BRDA:85,8,0,0
BRDA:85,8,1,0
BRDA:104,9,0,0
BRDA:104,9,1,0
BRDA:108,10,0,0
BRDA:108,10,1,0
BRF:22
BRH:0
end_of_record
TN:
SF:services/cslb-api.ts
FN:51,getCslbApiBaseUrl
FN:60,normalizeText
FN:66,toObject
FN:71,mapBusiness
FN:92,mapBond
FN:106,mapWorkersComp
FN:118,mapPersonnel
FN:130,buildCslbLicenseUrl
FN:136,mapCslbPayload
FN:146,(anonymous_9)
FN:147,(anonymous_10)
FN:150,(anonymous_11)
FN:150,(anonymous_12)
FN:154,(anonymous_13)
FN:155,(anonymous_14)
FN:179,fetchCslbLicenseByInsuredId
FNF:16
FNH:16
FNDA:1,getCslbApiBaseUrl
FNDA:27,normalizeText
FNDA:6,toObject
FNDA:1,mapBusiness
FNDA:1,mapBond
FNDA:1,mapWorkersComp
FNDA:1,mapPersonnel
FNDA:4,buildCslbLicenseUrl
FNDA:1,mapCslbPayload
FNDA:1,(anonymous_9)
FNDA:1,(anonymous_10)
FNDA:1,(anonymous_11)
FNDA:1,(anonymous_12)
FNDA:1,(anonymous_13)
FNDA:1,(anonymous_14)
FNDA:1,fetchCslbLicenseByInsuredId
DA:1,2
DA:2,2
DA:52,1
DA:61,27
DA:62,26
DA:63,26
DA:67,6
DA:68,5
DA:72,1
DA:73,1
DA:74,0
DA:83,1
DA:93,1
DA:94,1
DA:96,1
DA:107,1
DA:108,1
DA:110,1
DA:119,1
DA:120,1
DA:122,1
DA:131,4
DA:132,4
DA:133,4
DA:137,1
DA:138,1
DA:139,0
DA:142,1
DA:143,1
DA:144,1
DA:146,1
DA:147,1
DA:149,1
DA:150,1
DA:152,1
DA:154,1
DA:155,1
DA:158,1
DA:159,0
DA:162,1
DA:180,1
DA:181,1
DA:182,0
DA:185,1
DA:186,1
DA:191,1
DA:192,0
DA:195,1
DA:196,1
LF:49
LH:44
BRDA:53,0,0,1
BRDA:53,0,1,1
BRDA:53,0,2,1
BRDA:53,0,3,1
BRDA:61,1,0,1
BRDA:61,1,1,26
BRDA:63,2,0,26
BRDA:63,2,1,0
BRDA:67,3,0,1
BRDA:67,3,1,5
BRDA:67,4,0,6
BRDA:67,4,1,5
BRDA:67,4,2,5
BRDA:73,5,0,0
BRDA:73,5,1,1
BRDA:94,6,0,0
BRDA:94,6,1,1
BRDA:108,7,0,0
BRDA:108,7,1,1
BRDA:120,8,0,0
BRDA:120,8,1,1
BRDA:132,9,0,0
BRDA:132,9,1,4
BRDA:138,10,0,0
BRDA:138,10,1,1
BRDA:142,11,0,1
BRDA:142,11,1,1
BRDA:143,12,0,1
BRDA:143,12,1,0
BRDA:144,13,0,1
BRDA:144,13,1,0
BRDA:149,14,0,1
BRDA:149,14,1,0
BRDA:152,15,0,1
BRDA:152,15,1,0
BRDA:158,16,0,0
BRDA:158,16,1,1
BRDA:181,17,0,0
BRDA:181,17,1,1
BRDA:191,18,0,0
BRDA:191,18,1,1
BRF:41
BRH:27
end_of_record
TN:
SF:services/customer-api.ts
FN:5,getCustomerApiBaseUrl
FN:9,fetchCustomersByEmail
FNF:2
FNH:0
FNDA:0,getCustomerApiBaseUrl
FNDA:0,fetchCustomersByEmail
DA:3,0
DA:6,0
DA:10,0
DA:11,0
DA:16,0
DA:17,0
DA:20,0
DA:21,0
DA:22,0
DA:25,0
LF:10
LH:0
BRDA:6,0,0,0
BRDA:6,0,1,0
BRDA:16,1,0,0
BRDA:16,1,1,0
BRDA:21,2,0,0
BRDA:21,2,1,0
BRF:6
BRH:0
end_of_record
TN:
SF:services/pbia-webview-diagnostics.ts
FN:40,queueWrite
FN:41,(anonymous_1)
FN:45,toDetailString
FN:51,(anonymous_3)
FN:65,safeParseDiagnostics
FN:72,(anonymous_5)
FN:87,safeParseActiveSession
FN:118,readDiagnostics
FN:123,appendPbiaWebViewDiagnostic
FN:150,(anonymous_9)
FN:160,listPbiaWebViewDiagnostics
FN:166,clearPbiaWebViewDiagnostics
FN:167,(anonymous_12)
FN:172,startPbiaWebViewSession
FN:182,(anonymous_14)
FN:196,touchPbiaWebViewSessionHeartbeat
FN:197,(anonymous_16)
FN:210,endPbiaWebViewSession
FN:211,(anonymous_18)
FN:226,recoverPbiaWebViewSessionAfterRestart
FN:229,(anonymous_20)
FN:262,installPbiaGlobalErrorDiagnostics
FN:275,(anonymous_22)
FNF:23
FNH:16
FNDA:8,queueWrite
FNDA:0,(anonymous_1)
FNDA:5,toDetailString
FNDA:2,(anonymous_3)
FNDA:8,safeParseDiagnostics
FNDA:6,(anonymous_5)
FNDA:1,safeParseActiveSession
FNDA:8,readDiagnostics
FNDA:5,appendPbiaWebViewDiagnostic
FNDA:5,(anonymous_9)
FNDA:3,listPbiaWebViewDiagnostics
FNDA:1,clearPbiaWebViewDiagnostics
FNDA:1,(anonymous_12)
FNDA:1,startPbiaWebViewSession
FNDA:1,(anonymous_14)
FNDA:0,touchPbiaWebViewSessionHeartbeat
FNDA:0,(anonymous_16)
FNDA:0,endPbiaWebViewSession
FNDA:0,(anonymous_18)
FNDA:1,recoverPbiaWebViewSessionAfterRestart
FNDA:1,(anonymous_20)
FNDA:0,installPbiaGlobalErrorDiagnostics
FNDA:0,(anonymous_22)
DA:4,1
DA:5,1
DA:6,1
DA:7,1
DA:38,1
DA:41,8
DA:42,8
DA:46,5
DA:49,2
DA:52,2
DA:53,2
DA:55,0
DA:59,2
DA:60,2
DA:61,2
DA:62,0
DA:66,8
DA:68,4
DA:69,4
DA:70,4
DA:72,4
DA:73,6
DA:74,6
DA:75,6
DA:83,0
DA:88,1
DA:90,1
DA:91,1
DA:92,1
DA:93,1
DA:94,1
DA:100,0
DA:103,1
DA:114,0
DA:119,8
DA:120,8
DA:130,5
DA:141,5
DA:142,5
DA:143,5
DA:144,2
DA:146,3
DA:150,5
DA:151,5
DA:152,5
DA:153,5
DA:154,5
DA:157,5
DA:161,3
DA:162,3
DA:163,3
DA:167,1
DA:168,1
DA:173,1
DA:174,1
DA:182,1
DA:183,1
DA:186,1
DA:193,1
DA:197,0
DA:198,0
DA:199,0
DA:200,0
DA:202,0
DA:206,0
DA:211,0
DA:212,0
DA:213,0
DA:214,0
DA:215,0
DA:219,0
DA:227,1
DA:229,1
DA:230,1
DA:231,1
DA:232,1
DA:233,1
DA:237,1
DA:238,1
DA:251,1
DA:260,1
DA:263,0
DA:265,0
DA:266,0
DA:267,0
DA:269,0
DA:270,0
DA:273,0
DA:275,0
DA:276,0
DA:277,0
DA:279,0
DA:288,0
DA:291,0
LF:94
LH:64
BRDA:46,0,0,3
BRDA:46,0,1,2
BRDA:49,1,0,0
BRDA:49,1,1,2
BRDA:60,2,0,0
BRDA:60,2,1,2
BRDA:61,3,0,2
BRDA:61,3,1,0
BRDA:66,4,0,4
BRDA:66,4,1,4
BRDA:70,5,0,0
BRDA:70,5,1,4
BRDA:73,6,0,0
BRDA:73,6,1,6
BRDA:73,7,0,6
BRDA:73,7,1,6
BRDA:76,8,0,6
BRDA:76,8,1,6
BRDA:76,8,2,6
BRDA:76,8,3,6
BRDA:88,9,0,0
BRDA:88,9,1,1
BRDA:92,10,0,0
BRDA:92,10,1,1
BRDA:92,11,0,1
BRDA:92,11,1,1
BRDA:94,12,0,0
BRDA:94,12,1,1
BRDA:95,13,0,1
BRDA:95,13,1,1
BRDA:95,13,2,1
BRDA:95,13,3,1
BRDA:109,14,0,1
BRDA:109,14,1,0
BRDA:126,15,0,3
BRDA:141,16,0,5
BRDA:141,16,1,0
BRDA:143,17,0,2
BRDA:143,17,1,3
BRDA:160,18,0,3
BRDA:200,19,0,0
BRDA:200,19,1,0
BRDA:200,20,0,0
BRDA:200,20,1,0
BRDA:214,21,0,0
BRDA:214,21,1,0
BRDA:232,22,0,1
BRDA:232,22,1,0
BRDA:237,23,0,1
BRDA:237,23,1,0
BRDA:263,24,0,0
BRDA:263,24,1,0
BRDA:269,25,0,0
BRDA:269,25,1,0
BRDA:269,26,0,0
BRDA:269,26,1,0
BRDA:276,27,0,0
BRDA:276,27,1,0
BRDA:277,28,0,0
BRDA:277,28,1,0
BRDA:280,29,0,0
BRDA:280,29,1,0
BRF:62
BRH:32
end_of_record
TN:
SF:services/policy-api.ts
FN:25,getPolicyApiBaseUrl
FN:33,normalizeText
FN:38,formatPolicyDate
FN:49,normalizeCurrencyValue
FN:54,toPolicyStatus
FN:65,toBillingPlan
FN:71,isPolicyLookupRecord
FN:77,extractPolicyRecords
FN:92,mapPolicyRecord
FN:94,(anonymous_9)
FN:95,(anonymous_10)
FN:107,(anonymous_11)
FN:144,fetchPoliciesByInsuredDatabaseId
FN:167,(anonymous_13)
FNF:14
FNH:14
FNDA:2,getPolicyApiBaseUrl
FNDA:22,normalizeText
FNDA:4,formatPolicyDate
FNDA:2,normalizeCurrencyValue
FNDA:2,toPolicyStatus
FNDA:2,toBillingPlan
FNDA:2,isPolicyLookupRecord
FNDA:2,extractPolicyRecords
FNDA:2,mapPolicyRecord
FNDA:2,(anonymous_9)
FNDA:2,(anonymous_10)
FNDA:4,(anonymous_11)
FNDA:2,fetchPoliciesByInsuredDatabaseId
FNDA:1,(anonymous_13)
DA:3,1
DA:26,2
DA:34,22
DA:35,22
DA:39,4
DA:40,4
DA:41,4
DA:42,4
DA:50,2
DA:51,2
DA:55,2
DA:57,2
DA:58,1
DA:59,1
DA:62,0
DA:66,2
DA:67,1
DA:68,0
DA:72,2
DA:73,2
DA:74,2
DA:78,2
DA:79,0
DA:82,2
DA:84,2
DA:85,2
DA:86,1
DA:89,1
DA:93,2
DA:94,2
DA:95,2
DA:96,2
DA:97,2
DA:100,2
DA:104,2
DA:106,2
DA:107,4
DA:109,2
DA:111,2
DA:112,2
DA:113,2
DA:115,2
DA:145,2
DA:146,2
DA:147,0
DA:150,2
DA:151,2
DA:156,2
DA:157,0
DA:160,2
DA:161,2
DA:162,2
DA:163,1
DA:166,1
DA:167,1
LF:55
LH:50
BRDA:27,0,0,2
BRDA:27,0,1,2
BRDA:27,0,2,2
BRDA:35,1,0,18
BRDA:35,1,1,4
BRDA:39,2,0,0
BRDA:39,2,1,4
BRDA:41,3,0,0
BRDA:41,3,1,4
BRDA:50,4,0,0
BRDA:50,4,1,2
BRDA:50,5,0,2
BRDA:50,5,1,2
BRDA:57,6,0,1
BRDA:57,6,1,1
BRDA:57,7,0,2
BRDA:57,7,1,1
BRDA:58,8,0,1
BRDA:58,8,1,0
BRDA:58,9,0,1
BRDA:58,9,1,0
BRDA:58,9,2,0
BRDA:58,9,3,0
BRDA:66,10,0,1
BRDA:66,10,1,1
BRDA:67,11,0,1
BRDA:67,11,1,0
BRDA:72,12,0,0
BRDA:72,12,1,2
BRDA:72,13,0,2
BRDA:72,13,1,2
BRDA:78,14,0,0
BRDA:78,14,1,2
BRDA:82,15,0,0
BRDA:82,15,1,2
BRDA:82,16,0,2
BRDA:82,16,1,2
BRDA:85,17,0,1
BRDA:85,17,1,1
BRDA:93,18,0,2
BRDA:93,18,1,0
BRDA:96,19,0,2
BRDA:96,19,1,0
BRDA:97,20,0,2
BRDA:97,20,1,0
BRDA:100,21,0,2
BRDA:100,21,1,0
BRDA:100,21,2,0
BRDA:100,21,3,0
BRDA:104,22,0,2
BRDA:104,22,1,0
BRDA:109,23,0,2
BRDA:109,23,1,1
BRDA:109,23,2,0
BRDA:111,24,0,2
BRDA:111,24,1,0
BRDA:111,25,0,0
BRDA:111,25,1,0
BRDA:113,26,0,2
BRDA:113,26,1,1
BRDA:119,27,0,2
BRDA:119,27,1,0
BRDA:146,28,0,0
BRDA:146,28,1,2
BRDA:156,29,0,0
BRDA:156,29,1,2
BRDA:162,30,0,1
BRDA:162,30,1,1
BRF:68
BRH:43
end_of_record
TN:
SF:services/policy-files-api.ts
FN:5,getPolicyFilesApiBaseUrl
FN:13,normalizeText
FN:19,normalizeNumber
FN:24,toObject
FN:29,normalizeFileOrFolder
FN:35,mapPolicyFileEntry
FN:59,extractFileEntries
FN:62,(anonymous_7)
FN:63,(anonymous_8)
FN:101,mapPolicyFilesPayload
FN:121,requestPolicyFiles
FN:142,fetchPolicyFilesListByInsuredId
FN:157,fetchPolicyFilesList
FNF:13
FNH:13
FNDA:2,getPolicyFilesApiBaseUrl
FNDA:27,normalizeText
FNDA:2,normalizeNumber
FNDA:4,toObject
FNDA:2,normalizeFileOrFolder
FNDA:2,mapPolicyFileEntry
FNDA:3,extractFileEntries
FNDA:2,(anonymous_7)
FNDA:2,(anonymous_8)
FNDA:2,mapPolicyFilesPayload
FNDA:2,requestPolicyFiles
FNDA:1,fetchPolicyFilesListByInsuredId
FNDA:2,fetchPolicyFilesList
DA:3,1
DA:6,2
DA:14,27
DA:15,14
DA:16,14
DA:20,2
DA:21,2
DA:25,4
DA:26,4
DA:30,2
DA:31,2
DA:32,1
DA:36,2
DA:37,2
DA:39,2
DA:40,2
DA:42,2
DA:60,3
DA:61,2
DA:62,2
DA:63,2
DA:66,1
DA:67,1
DA:68,1
DA:70,1
DA:71,1
DA:72,1
DA:74,0
DA:78,0
DA:79,0
DA:81,0
DA:90,0
DA:91,0
DA:92,0
DA:95,0
DA:96,0
DA:98,0
DA:102,2
DA:103,2
DA:104,0
DA:107,2
DA:108,2
DA:109,2
DA:110,2
DA:111,0
DA:114,2
DA:122,2
DA:123,2
DA:128,2
DA:129,0
DA:132,2
DA:133,2
DA:135,2
DA:136,0
DA:139,2
DA:143,1
DA:144,1
DA:145,0
DA:148,1
DA:158,2
DA:159,2
DA:160,2
DA:162,2
DA:163,1
DA:166,1
LF:65
LH:50
BRDA:7,0,0,2
BRDA:7,0,1,2
BRDA:7,0,2,2
BRDA:14,1,0,13
BRDA:14,1,1,14
BRDA:16,2,0,14
BRDA:16,2,1,0
BRDA:20,3,0,0
BRDA:20,3,1,2
BRDA:20,4,0,2
BRDA:20,4,1,0
BRDA:25,5,0,0
BRDA:25,5,1,4
BRDA:25,6,0,4
BRDA:25,6,1,4
BRDA:25,6,2,4
BRDA:31,7,0,1
BRDA:31,7,1,1
BRDA:37,8,0,0
BRDA:37,8,1,2
BRDA:40,9,0,0
BRDA:40,9,1,2
BRDA:47,10,0,2
BRDA:47,10,1,0
BRDA:60,11,0,2
BRDA:60,11,1,1
BRDA:66,12,0,1
BRDA:66,12,1,0
BRDA:68,13,0,0
BRDA:68,13,1,1
BRDA:79,14,0,0
BRDA:79,14,1,0
BRDA:92,15,0,0
BRDA:92,15,1,0
BRDA:96,16,0,0
BRDA:96,16,1,0
BRDA:103,17,0,0
BRDA:103,17,1,2
BRDA:107,18,0,2
BRDA:107,18,1,0
BRDA:108,19,0,2
BRDA:108,19,1,1
BRDA:110,20,0,0
BRDA:110,20,1,2
BRDA:128,21,0,0
BRDA:128,21,1,2
BRDA:135,22,0,0
BRDA:135,22,1,2
BRDA:136,23,0,0
BRDA:136,23,1,0
BRDA:144,24,0,0
BRDA:144,24,1,1
BRDA:162,25,0,1
BRDA:162,25,1,1
BRDA:162,26,0,2
BRDA:162,26,1,1
BRDA:162,26,2,1
BRF:57
BRH:34
end_of_record
TN:
SF:services/portal-config.ts
FN:19,normalizeText
FN:24,normalizeHttpUrl
FN:35,getPortalConfig
FNF:3
FNH:3
FNDA:18,normalizeText
FNDA:8,normalizeHttpUrl
FNDA:2,getPortalConfig
DA:20,18
DA:21,18
DA:25,8
DA:26,8
DA:28,4
DA:29,1
DA:32,3
DA:36,2
LF:8
LH:8
BRDA:21,0,0,9
BRDA:21,0,1,9
BRDA:26,1,0,4
BRDA:26,1,1,4
BRDA:28,2,0,1
BRDA:28,2,1,3
BRDA:38,3,0,2
BRDA:38,3,1,1
BRF:8
BRH:8
end_of_record
TN:
SF:services/supabase.ts
FN:6,readSupabaseEnv
FN:17,getSupabaseClient
FNF:2
FNH:0
FNDA:0,readSupabaseEnv
FNDA:0,getSupabaseClient
DA:4,0
DA:7,0
DA:8,0
DA:10,0
DA:11,0
DA:14,0
DA:18,0
DA:20,0
DA:22,0
DA:31,0
LF:10
LH:0
BRDA:10,0,0,0
BRDA:10,0,1,0
BRDA:10,1,0,0
BRDA:10,1,1,0
BRDA:18,2,0,0
BRDA:18,2,1,0
BRF:6
BRH:0
end_of_record
TN:
SF:types/customer.ts
FNF:0
FNH:0
LF:0
LH:0
BRF:0
BRH:0
end_of_record
TN:
SF:types/policy-file.ts
FNF:0
FNH:0
LF:0
LH:0
BRF:0
BRH:0
end_of_record
TN:
SF:types/policy.ts
FNF:0
FNH:0
LF:0
LH:0
BRF:0
BRH:0
end_of_record
TN:
SF:utils/external-actions.ts
FN:9,normalizePhone
FN:15,buildPhoneLink
FN:21,buildSmsLink
FN:27,buildEmailLink
FN:33,openExternalLink
FN:71,openInAppBrowser
FNF:6
FNH:0
FNDA:0,normalizePhone
FNDA:0,buildPhoneLink
FNDA:0,buildSmsLink
FNDA:0,buildEmailLink
FNDA:0,openExternalLink
FNDA:0,openInAppBrowser
DA:10,0
DA:11,0
DA:12,0
DA:16,0
DA:17,0
DA:18,0
DA:22,0
DA:23,0
DA:24,0
DA:28,0
DA:29,0
DA:30,0
DA:37,0
DA:38,0
DA:45,0
DA:47,0
DA:48,0
DA:49,0
DA:50,0
DA:53,0
DA:54,0
DA:55,0
DA:61,0
DA:62,0
DA:64,0
DA:75,0
DA:76,0
DA:82,0
DA:83,0
DA:84,0
DA:87,0
DA:88,0
DA:89,0
DA:91,0
LF:34
LH:0
BRDA:10,0,0,0
BRDA:10,0,1,0
BRDA:12,1,0,0
BRDA:12,1,1,0
BRDA:17,2,0,0
BRDA:17,2,1,0
BRDA:23,3,0,0
BRDA:23,3,1,0
BRDA:29,4,0,0
BRDA:29,4,1,0
BRDA:35,5,0,0
BRDA:37,6,0,0
BRDA:37,6,1,0
BRDA:45,7,0,0
BRDA:45,7,1,0
BRDA:45,7,2,0
BRDA:48,8,0,0
BRDA:48,8,1,0
BRDA:54,9,0,0
BRDA:54,9,1,0
BRDA:73,10,0,0
BRDA:75,11,0,0
BRDA:75,11,1,0
BRDA:83,12,0,0
BRDA:83,12,1,0
BRF:25
BRH:0
end_of_record
TN:
SF:utils/format.ts
FN:1,formatCurrency
FN:9,formatDate
FN:17,formatIsoDateTime
FN:31,getNameFromEmail
FN:43,getNameFromCustomer
FNF:5
FNH:3
FNDA:3,formatCurrency
FNDA:3,formatDate
FNDA:3,formatIsoDateTime
FNDA:0,getNameFromEmail
FNDA:0,getNameFromCustomer
DA:2,3
DA:10,3
DA:18,3
DA:19,3
DA:20,3
DA:22,3
DA:32,0
DA:33,0
DA:34,0
DA:44,0
DA:45,0
DA:47,0
DA:48,0
DA:49,0
DA:50,0
DA:52,0
LF:16
LH:6
BRDA:18,0,0,0
BRDA:18,0,1,3
BRDA:20,1,0,0
BRDA:20,1,1,3
BRDA:32,2,0,0
BRDA:32,2,1,0
BRDA:33,3,0,0
BRDA:33,3,1,0
BRDA:45,4,0,0
BRDA:45,4,1,0
BRDA:50,5,0,0
BRDA:50,5,1,0
BRF:12
BRH:2
end_of_record
